#
# There is insufficient memory for the Java Runtime Environment to continue.
# Native memory allocation (mmap) failed to map 65536 bytes for committing reserved memory.
# Possible reasons:
#   The system is out of physical RAM or swap space
#   The process is running with CompressedOops enabled, and the Java Heap may be blocking the growth of the native heap
# Possible solutions:
#   Reduce memory load on the system
#   Increase physical memory or swap space
#   Check if swap backing store is full
#   Decrease Java heap size (-Xmx/-Xms)
#   Decrease number of Java threads
#   Decrease Java thread stack sizes (-Xss)
#   Set larger code cache with -XX:ReservedCodeCacheSize=
#   JVM is running with Unscaled Compressed Oops mode in which the Java heap is
#     placed in the first 4GB address space. The Java Heap base address is the
#     maximum limit for the native heap growth. Please use -XX:HeapBaseMinAddress
#     to set the Java Heap base and to place the Java Heap above 4GB virtual address.
# This output file may be truncated or incomplete.
#
#  Out of Memory Error (os_linux.cpp:2757), pid=7229, tid=0x00007fb880d11700
#
# JRE version: OpenJDK Runtime Environment (8.0_252-b09) (build 1.8.0_252-8u252-b09-1~18.04-b09)
# Java VM: OpenJDK 64-Bit Server VM (25.252-b09 mixed mode linux-amd64 compressed oops)
# Failed to write core dump. Core dumps have been disabled. To enable core dumping, try "ulimit -c unlimited" before starting Java again
#

---------------  T H R E A D  ---------------

Current thread (0x00007fb8980c0000):  JavaThread "C1 CompilerThread1" daemon [_thread_in_vm, id=7251, stack(0x00007fb880c12000,0x00007fb880d12000)]

Stack: [0x00007fb880c12000,0x00007fb880d12000],  sp=0x00007fb880d0ffb0,  free space=1015k
Native frames: (J=compiled Java code, j=interpreted, Vv=VM code, C=native code)
V  [libjvm.so+0xabcb22]
V  [libjvm.so+0x4de337]
V  [libjvm.so+0x8f6ad0]
V  [libjvm.so+0x8edb9e]
V  [libjvm.so+0xab92f0]
V  [libjvm.so+0x604ebd]
V  [libjvm.so+0x4568d6]
V  [libjvm.so+0x8c36e9]
V  [libjvm.so+0x3ea8de]
V  [libjvm.so+0x32af3c]
V  [libjvm.so+0x32b25f]
V  [libjvm.so+0x32ba07]
V  [libjvm.so+0x487832]
V  [libjvm.so+0x489b68]
V  [libjvm.so+0xa5a12f]
V  [libjvm.so+0xa5b338]
V  [libjvm.so+0x8f3e62]
C  [libpthread.so.0+0x76db]  start_thread+0xdb


Current CompileTask:
C1: 927993 9623       3       org.apache.spark.HeartbeatReceiver$$anonfun$receiveAndReply$1::applyOrElse (446 bytes)


---------------  P R O C E S S  ---------------

Java Threads: ( => current thread )
  0x00007fb8703ca000 JavaThread "task-result-getter-3" daemon [_thread_blocked, id=7390, stack(0x00007fb840dc8000,0x00007fb840ec9000)]
  0x00007fb8703c8800 JavaThread "task-result-getter-2" daemon [_thread_blocked, id=7389, stack(0x00007fb840ec9000,0x00007fb840fca000)]
  0x00007fb8703c7800 JavaThread "task-result-getter-1" daemon [_thread_blocked, id=7388, stack(0x00007fb840fca000,0x00007fb8410cb000)]
  0x00007fb8703c5800 JavaThread "task-result-getter-0" daemon [_thread_blocked, id=7385, stack(0x00007fb84858e000,0x00007fb84868f000)]
  0x00007fb84c005000 JavaThread "shuffle-chunk-fetch-handler-4-2" daemon [_thread_in_native, id=7363, stack(0x00007fb8412cb000,0x00007fb8413cc000)]
  0x00007fb845785800 JavaThread "shuffle-chunk-fetch-handler-4-1" daemon [_thread_in_native, id=7362, stack(0x00007fb8413cc000,0x00007fb8414cd000)]
  0x00007fb84c004000 JavaThread "shuffle-server-6-2" daemon [_thread_in_native, id=7361, stack(0x00007fb84b2f5000,0x00007fb84b3f6000)]
  0x00007fb845ab2800 JavaThread "org.apache.hadoop.fs.FileSystem$Statistics$StatisticsDataReferenceCleaner" daemon [_thread_blocked, id=7347, stack(0x00007fb84848d000,0x00007fb84858e000)]
  0x00007fb844bdb000 JavaThread "spark-listener-group-shared" daemon [_thread_blocked, id=7324, stack(0x00007fb84888f000,0x00007fb848990000)]
  0x0000560dfc274000 JavaThread "rpc-server-3-2" daemon [_thread_in_native, id=7320, stack(0x00007fb848b90000,0x00007fb848c91000)]
  0x00007fb864016800 JavaThread "element-tracking-store-worker" daemon [_thread_blocked, id=7316, stack(0x00007fb849491000,0x00007fb849592000)]
  0x00007fb844e9f000 JavaThread "spark-listener-group-executorManagement" daemon [_thread_blocked, id=7315, stack(0x00007fb849792000,0x00007fb849893000)]
  0x00007fb844e9c000 JavaThread "spark-listener-group-appStatus" daemon [_thread_blocked, id=7314, stack(0x00007fb849893000,0x00007fb849994000)]
  0x00007fb844e94800 JavaThread "context-cleaner-periodic-gc" daemon [_thread_blocked, id=7313, stack(0x00007fb849994000,0x00007fb849a95000)]
  0x00007fb844e93000 JavaThread "Spark Context Cleaner" daemon [_thread_blocked, id=7312, stack(0x00007fb849a95000,0x00007fb849b96000)]
  0x00007fb844cbb800 JavaThread "shuffle-server-6-1" daemon [_thread_in_native, id=7296, stack(0x00007fb84b1f4000,0x00007fb84b2f5000)]
  0x00007fb844caf800 JavaThread "rpc-client-1-1" daemon [_thread_in_native, id=7294, stack(0x00007fb84b000000,0x00007fb84b101000)]
  0x00007fb850016800 JavaThread "appclient-registration-retry-thread" daemon [_thread_blocked, id=7292, stack(0x00007fb84b3f6000,0x00007fb84b4f7000)]
  0x00007fb844c74000 JavaThread "driver-heartbeater" daemon [_thread_blocked, id=7290, stack(0x00007fb84b5f8000,0x00007fb84b6f9000)]
  0x00007fb844c5e800 JavaThread "dag-scheduler-event-loop" daemon [_thread_blocked, id=7289, stack(0x00007fb84b8f9000,0x00007fb84b9fa000)]
  0x00007fb870009000 JavaThread "driver-revive-thread" daemon [_thread_blocked, id=7288, stack(0x00007fb84b9fa000,0x00007fb84bafb000)]
  0x00007fb844c4c000 JavaThread "dispatcher-CoarseGrainedScheduler" daemon [_thread_blocked, id=7287, stack(0x00007fb84bafb000,0x00007fb84bbfc000)]
  0x00007fb8603f0800 JavaThread "netty-rpc-env-timeout" daemon [_thread_blocked, id=7286, stack(0x00007fb84bbfc000,0x00007fb84bcfd000)]
  0x00007fb8446d4000 JavaThread "Timer-1" daemon [_thread_blocked, id=7285, stack(0x00007fb84bcfd000,0x00007fb84bdfe000)]
  0x00007fb8446d2800 JavaThread "Timer-0" daemon [_thread_blocked, id=7284, stack(0x00007fb84bdfe000,0x00007fb84beff000)]
  0x00007fb8446c9800 JavaThread "heartbeat-receiver-event-loop-thread" daemon [_thread_blocked, id=7283, stack(0x00007fb84beff000,0x00007fb84c000000)]
  0x00007fb844665000 JavaThread "SparkUI-38" daemon [_thread_blocked, id=7282, stack(0x00007fb85c271000,0x00007fb85c372000)]
  0x00007fb844663000 JavaThread "SparkUI-37" daemon [_thread_blocked, id=7281, stack(0x00007fb85c372000,0x00007fb85c473000)]
  0x00007fb844661000 JavaThread "SparkUI-36" daemon [_thread_blocked, id=7280, stack(0x00007fb85c473000,0x00007fb85c574000)]
  0x00007fb84465f000 JavaThread "SparkUI-35" daemon [_thread_blocked, id=7279, stack(0x00007fb85c574000,0x00007fb85c675000)]
  0x00007fb84465d000 JavaThread "SparkUI-34" daemon [_thread_blocked, id=7278, stack(0x00007fb85c675000,0x00007fb85c776000)]
  0x00007fb84465b800 JavaThread "SparkUI-33" daemon [_thread_blocked, id=7277, stack(0x00007fb85c776000,0x00007fb85c877000)]
  0x00007fb844659800 JavaThread "SparkUI-32-acceptor-0@1d463f10-ServerConnector@1381c2c8{HTTP/1.1,[http/1.1]}{0.0.0.0:4040}" daemon [_thread_in_native, id=7276, stack(0x00007fb85c877000,0x00007fb85c978000)]
  0x00007fb844658000 JavaThread "SparkUI-31" daemon [_thread_in_native, id=7275, stack(0x00007fb85c978000,0x00007fb85ca79000)]
  0x00007fb844551000 JavaThread "refresh progress" daemon [_thread_blocked, id=7274, stack(0x00007fb85cc79000,0x00007fb85cd7a000)]
  0x00007fb844539000 JavaThread "RemoteBlock-temp-file-clean-thread" daemon [_thread_blocked, id=7273, stack(0x00007fb85cd7a000,0x00007fb85ce7b000)]
  0x00007fb844532800 JavaThread "dispatcher-BlockManagerEndpoint1" daemon [_thread_blocked, id=7272, stack(0x00007fb85ce7b000,0x00007fb85cf7c000)]
  0x00007fb8443bf000 JavaThread "dispatcher-BlockManagerMaster" daemon [_thread_blocked, id=7271, stack(0x00007fb85d17c000,0x00007fb85d27d000)]
  0x00007fb844369800 JavaThread "map-output-dispatcher-7" daemon [_thread_blocked, id=7270, stack(0x00007fb85d27d000,0x00007fb85d37e000)]
  0x00007fb844362000 JavaThread "map-output-dispatcher-6" daemon [_thread_blocked, id=7269, stack(0x00007fb85d37e000,0x00007fb85d47f000)]
  0x00007fb844360800 JavaThread "map-output-dispatcher-5" daemon [_thread_blocked, id=7268, stack(0x00007fb85d47f000,0x00007fb85d580000)]
  0x00007fb84435f000 JavaThread "map-output-dispatcher-4" daemon [_thread_blocked, id=7267, stack(0x00007fb85d580000,0x00007fb85d681000)]
  0x00007fb844364800 JavaThread "map-output-dispatcher-3" daemon [_thread_blocked, id=7266, stack(0x00007fb85d681000,0x00007fb85d782000)]
  0x00007fb844358000 JavaThread "map-output-dispatcher-2" daemon [_thread_blocked, id=7265, stack(0x00007fb85d782000,0x00007fb85d883000)]
  0x00007fb844366800 JavaThread "map-output-dispatcher-1" daemon [_thread_blocked, id=7264, stack(0x00007fb85d883000,0x00007fb85d984000)]
  0x00007fb84435b800 JavaThread "map-output-dispatcher-0" daemon [_thread_blocked, id=7263, stack(0x00007fb85d984000,0x00007fb85da85000)]
  0x00007fb844318800 JavaThread "dispatcher-event-loop-1" daemon [_thread_blocked, id=7262, stack(0x00007fb85da85000,0x00007fb85db86000)]
  0x00007fb844317000 JavaThread "dispatcher-event-loop-0" daemon [_thread_blocked, id=7261, stack(0x00007fb85db86000,0x00007fb85dc87000)]
  0x00007fb84430e800 JavaThread "rpc-server-3-1" daemon [_thread_in_native, id=7260, stack(0x00007fb85dc87000,0x00007fb85dd88000)]
  0x00007fb85000c800 JavaThread "Thread-4" [_thread_blocked, id=7259, stack(0x00007fb85e388000,0x00007fb85e489000)]
  0x00007fb898ed6800 JavaThread "Thread-3" [_thread_in_native, id=7258, stack(0x00007fb85e489000,0x00007fb85e58a000)]
  0x00007fb899d9a800 JavaThread "pool-1-thread-1" [_thread_blocked, id=7257, stack(0x00007fb85e98c000,0x00007fb85ea8d000)]
  0x00007fb8980c3000 JavaThread "Service Thread" daemon [_thread_blocked, id=7252, stack(0x00007fb880b10000,0x00007fb880c11000)]
=>0x00007fb8980c0000 JavaThread "C1 CompilerThread1" daemon [_thread_in_vm, id=7251, stack(0x00007fb880c12000,0x00007fb880d12000)]
  0x00007fb8980bd000 JavaThread "C2 CompilerThread0" daemon [_thread_blocked, id=7250, stack(0x00007fb880d13000,0x00007fb880e13000)]
  0x00007fb8980b9000 JavaThread "Signal Dispatcher" daemon [_thread_blocked, id=7249, stack(0x00007fb880e13000,0x00007fb880f14000)]
  0x00007fb898088800 JavaThread "Finalizer" daemon [_thread_blocked, id=7248, stack(0x00007fb881222000,0x00007fb881323000)]
  0x00007fb898084000 JavaThread "Reference Handler" daemon [_thread_blocked, id=7247, stack(0x00007fb881323000,0x00007fb881424000)]
  0x00007fb898011000 JavaThread "main" [_thread_in_native, id=7243, stack(0x00007fb89fb2e000,0x00007fb89fc2e000)]

Other Threads:
  0x00007fb89807a800 VMThread [stack: 0x00007fb881425000,0x00007fb881525000] [id=7246]
  0x00007fb8980c5800 WatcherThread [stack: 0x00007fb880a10000,0x00007fb880b10000] [id=7253]

VM state:not at safepoint (normal execution)

VM Mutex/Monitor currently owned by a thread:  ([mutex/lock_event])
[0x00007fb89800c860] CodeCache_lock - owner thread: 0x00007fb8980c0000
[0x00007fb89800dee0] Compile_lock - owner thread: 0x00007fb8980c0000
[0x00007fb89800dfe0] MethodCompileQueue_lock - owner thread: 0x00007fb8980c0000

heap address: 0x00000000c0000000, size: 1024 MB, Compressed Oops mode: 32-bit
Narrow klass base: 0x0000000000000000, Narrow klass shift: 3
Compressed class space size: 1073741824 Address: 0x0000000100000000

Heap:
 PSYoungGen      total 289280K, used 268925K [0x00000000eab00000, 0x0000000100000000, 0x0000000100000000)
  eden space 252928K, 92% used [0x00000000eab00000,0x00000000f8e57f38,0x00000000fa200000)
  from space 36352K, 99% used [0x00000000fa200000,0x00000000fc547708,0x00000000fc580000)
  to   space 51200K, 0% used [0x00000000fce00000,0x00000000fce00000,0x0000000100000000)
 ParOldGen       total 178176K, used 124824K [0x00000000c0000000, 0x00000000cae00000, 0x00000000eab00000)
  object space 178176K, 70% used [0x00000000c0000000,0x00000000c79e60a8,0x00000000cae00000)
 Metaspace       used 73377K, capacity 78816K, committed 78976K, reserved 1118208K
  class space    used 9558K, capacity 10087K, committed 10112K, reserved 1048576K

Card table byte_map: [0x00007fb888dff000,0x00007fb889000000] byte_map_base: 0x00007fb8887ff000

Marking Bits: (ParMarkBitMap*) 0x00007fb89edb83c0
 Begin Bits: [0x00007fb882000000, 0x00007fb883000000)
 End Bits:   [0x00007fb883000000, 0x00007fb884000000)

Polling page: 0x00007fb89fc39000

CodeCache: size=245760Kb used=22914Kb max_used=22954Kb free=222845Kb
 bounds [0x00007fb889000000, 0x00007fb88a6a0000, 0x00007fb898000000]
 total_blobs=8470 nmethods=7707 adapters=675
 compilation: enabled

Compilation events (10 events):
Event: 924.667 Thread 0x00007fb8980c0000 nmethod 9619 0x00007fb88922a010 code [0x00007fb88922a180, 0x00007fb88922a3f0]
Event: 924.670 Thread 0x00007fb8980c0000 9622       3       org.apache.spark.scheduler.DAGScheduler::log (5 bytes)
Event: 924.676 Thread 0x00007fb8980c0000 nmethod 9622 0x00007fb889b97090 code [0x00007fb889b97200, 0x00007fb889b973e8]
Event: 924.676 Thread 0x00007fb8980c0000 9620       3       scala.collection.immutable.List$SerializationProxy::<init> (10 bytes)
Event: 924.705 Thread 0x00007fb8980c0000 nmethod 9620 0x00007fb889c49a90 code [0x00007fb889c49c00, 0x00007fb889c49dd0]
Event: 924.710 Thread 0x00007fb8980bd000 nmethod 9618 0x00007fb88956d4d0 code [0x00007fb88956d660, 0x00007fb88956d9b0]
Event: 924.710 Thread 0x00007fb8980bd000 9621 %     4       org.apache.hadoop.io.UTF8::writeChars @ 8 (149 bytes)
Event: 924.852 Thread 0x00007fb8980bd000 nmethod 9621% 0x00007fb88990dd50 code [0x00007fb88990dee0, 0x00007fb88990e248]
Event: 927.282 Thread 0x00007fb8980c0000 9623       3       org.apache.spark.HeartbeatReceiver$$anonfun$receiveAndReply$1::applyOrElse (446 bytes)
Event: 927.283 Thread 0x00007fb8980bd000 9624       4       io.netty.buffer.AbstractReferenceCountedByteBuf::release (12 bytes)

GC Heap History (10 events):
Event: 60.102 GC heap before
{Heap before GC invocations=35 (full 6):
 PSYoungGen      total 305152K, used 285525K [0x00000000eab00000, 0x00000000ffb80000, 0x0000000100000000)
  eden space 265216K, 100% used [0x00000000eab00000,0x00000000fae00000,0x00000000fae00000)
  from space 39936K, 50% used [0x00000000fd480000,0x00000000fe8557c0,0x00000000ffb80000)
  to   space 39424K, 0% used [0x00000000fae00000,0x00000000fae00000,0x00000000fd480000)
 ParOldGen       total 178176K, used 124800K [0x00000000c0000000, 0x00000000cae00000, 0x00000000eab00000)
  object space 178176K, 70% used [0x00000000c0000000,0x00000000c79e00a8,0x00000000cae00000)
 Metaspace       used 65764K, capacity 69512K, committed 69760K, reserved 1110016K
  class space    used 8659K, capacity 8980K, committed 9088K, reserved 1048576K
Event: 60.165 GC heap after
Heap after GC invocations=35 (full 6):
 PSYoungGen      total 304640K, used 24448K [0x00000000eab00000, 0x0000000100000000, 0x0000000100000000)
  eden space 265216K, 0% used [0x00000000eab00000,0x00000000eab00000,0x00000000fae00000)
  from space 39424K, 62% used [0x00000000fae00000,0x00000000fc5e0388,0x00000000fd480000)
  to   space 39936K, 0% used [0x00000000fd900000,0x00000000fd900000,0x0000000100000000)
 ParOldGen       total 178176K, used 124808K [0x00000000c0000000, 0x00000000cae00000, 0x00000000eab00000)
  object space 178176K, 70% used [0x00000000c0000000,0x00000000c79e20a8,0x00000000cae00000)
 Metaspace       used 65764K, capacity 69512K, committed 69760K, reserved 1110016K
  class space    used 8659K, capacity 8980K, committed 9088K, reserved 1048576K
}
Event: 64.038 GC heap before
{Heap before GC invocations=36 (full 6):
 PSYoungGen      total 304640K, used 289664K [0x00000000eab00000, 0x0000000100000000, 0x0000000100000000)
  eden space 265216K, 100% used [0x00000000eab00000,0x00000000fae00000,0x00000000fae00000)
  from space 39424K, 62% used [0x00000000fae00000,0x00000000fc5e0388,0x00000000fd480000)
  to   space 39936K, 0% used [0x00000000fd900000,0x00000000fd900000,0x0000000100000000)
 ParOldGen       total 178176K, used 124808K [0x00000000c0000000, 0x00000000cae00000, 0x00000000eab00000)
  object space 178176K, 70% used [0x00000000c0000000,0x00000000c79e20a8,0x00000000cae00000)
 Metaspace       used 65769K, capacity 69512K, committed 69760K, reserved 1110016K
  class space    used 8659K, capacity 8980K, committed 9088K, reserved 1048576K
Event: 64.110 GC heap after
Heap after GC invocations=36 (full 6):
 PSYoungGen      total 305152K, used 28512K [0x00000000eab00000, 0x0000000100000000, 0x0000000100000000)
  eden space 265216K, 0% used [0x00000000eab00000,0x00000000eab00000,0x00000000fae00000)
  from space 39936K, 71% used [0x00000000fd900000,0x00000000ff4d8388,0x0000000100000000)
  to   space 41984K, 0% used [0x00000000fae00000,0x00000000fae00000,0x00000000fd700000)
 ParOldGen       total 178176K, used 124808K [0x00000000c0000000, 0x00000000cae00000, 0x00000000eab00000)
  object space 178176K, 70% used [0x00000000c0000000,0x00000000c79e20a8,0x00000000cae00000)
 Metaspace       used 65769K, capacity 69512K, committed 69760K, reserved 1110016K
  class space    used 8659K, capacity 8980K, committed 9088K, reserved 1048576K
}
Event: 67.694 GC heap before
{Heap before GC invocations=37 (full 6):
 PSYoungGen      total 305152K, used 293728K [0x00000000eab00000, 0x0000000100000000, 0x0000000100000000)
  eden space 265216K, 100% used [0x00000000eab00000,0x00000000fae00000,0x00000000fae00000)
  from space 39936K, 71% used [0x00000000fd900000,0x00000000ff4d8388,0x0000000100000000)
  to   space 41984K, 0% used [0x00000000fae00000,0x00000000fae00000,0x00000000fd700000)
 ParOldGen       total 178176K, used 124808K [0x00000000c0000000, 0x00000000cae00000, 0x00000000eab00000)
  object space 178176K, 70% used [0x00000000c0000000,0x00000000c79e20a8,0x00000000cae00000)
 Metaspace       used 65779K, capacity 69512K, committed 69760K, reserved 1110016K
  class space    used 8659K, capacity 8980K, committed 9088K, reserved 1048576K
Event: 67.787 GC heap after
Heap after GC invocations=37 (full 6):
 PSYoungGen      total 299008K, used 33553K [0x00000000eab00000, 0x0000000100000000, 0x0000000100000000)
  eden space 265216K, 0% used [0x00000000eab00000,0x00000000eab00000,0x00000000fae00000)
  from space 33792K, 99% used [0x00000000fae00000,0x00000000fcec4538,0x00000000fcf00000)
  to   space 45056K, 0% used [0x00000000fd400000,0x00000000fd400000,0x0000000100000000)
 ParOldGen       total 178176K, used 124808K [0x00000000c0000000, 0x00000000cae00000, 0x00000000eab00000)
  object space 178176K, 70% used [0x00000000c0000000,0x00000000c79e20a8,0x00000000cae00000)
 Metaspace       used 65779K, capacity 69512K, committed 69760K, reserved 1110016K
  class space    used 8659K, capacity 8980K, committed 9088K, reserved 1048576K
}
Event: 138.484 GC heap before
{Heap before GC invocations=38 (full 6):
 PSYoungGen      total 299008K, used 298698K [0x00000000eab00000, 0x0000000100000000, 0x0000000100000000)
  eden space 265216K, 99% used [0x00000000eab00000,0x00000000fadee660,0x00000000fae00000)
  from space 33792K, 99% used [0x00000000fae00000,0x00000000fcec4538,0x00000000fcf00000)
  to   space 45056K, 0% used [0x00000000fd400000,0x00000000fd400000,0x0000000100000000)
 ParOldGen       total 178176K, used 124808K [0x00000000c0000000, 0x00000000cae00000, 0x00000000eab00000)
  object space 178176K, 70% used [0x00000000c0000000,0x00000000c79e20a8,0x00000000cae00000)
 Metaspace       used 69007K, capacity 73752K, committed 73984K, reserved 1114112K
  class space    used 9155K, capacity 9625K, committed 9728K, reserved 1048576K
Event: 138.607 GC heap after
Heap after GC invocations=38 (full 6):
 PSYoungGen      total 297984K, used 34532K [0x00000000eab00000, 0x0000000100000000, 0x0000000100000000)
  eden space 252928K, 0% used [0x00000000eab00000,0x00000000eab00000,0x00000000fa200000)
  from space 45056K, 76% used [0x00000000fd400000,0x00000000ff5b92b0,0x0000000100000000)
  to   space 48128K, 0% used [0x00000000fa200000,0x00000000fa200000,0x00000000fd100000)
 ParOldGen       total 178176K, used 124816K [0x00000000c0000000, 0x00000000cae00000, 0x00000000eab00000)
  object space 178176K, 70% used [0x00000000c0000000,0x00000000c79e40a8,0x00000000cae00000)
 Metaspace       used 69007K, capacity 73752K, committed 73984K, reserved 1114112K
  class space    used 9155K, capacity 9625K, committed 9728K, reserved 1048576K
}
Event: 484.339 GC heap before
{Heap before GC invocations=39 (full 6):
 PSYoungGen      total 297984K, used 287460K [0x00000000eab00000, 0x0000000100000000, 0x0000000100000000)
  eden space 252928K, 100% used [0x00000000eab00000,0x00000000fa200000,0x00000000fa200000)
  from space 45056K, 76% used [0x00000000fd400000,0x00000000ff5b92b0,0x0000000100000000)
  to   space 48128K, 0% used [0x00000000fa200000,0x00000000fa200000,0x00000000fd100000)
 ParOldGen       total 178176K, used 124816K [0x00000000c0000000, 0x00000000cae00000, 0x00000000eab00000)
  object space 178176K, 70% used [0x00000000c0000000,0x00000000c79e40a8,0x00000000cae00000)
 Metaspace       used 72417K, capacity 77608K, committed 77824K, reserved 1118208K
  class space    used 9461K, capacity 9953K, committed 9984K, reserved 1048576K
Event: 484.464 GC heap after
Heap after GC invocations=39 (full 6):
 PSYoungGen      total 289280K, used 36125K [0x00000000eab00000, 0x0000000100000000, 0x0000000100000000)
  eden space 252928K, 0% used [0x00000000eab00000,0x00000000eab00000,0x00000000fa200000)
  from space 36352K, 99% used [0x00000000fa200000,0x00000000fc547708,0x00000000fc580000)
  to   space 51200K, 0% used [0x00000000fce00000,0x00000000fce00000,0x0000000100000000)
 ParOldGen       total 178176K, used 124824K [0x00000000c0000000, 0x00000000cae00000, 0x00000000eab00000)
  object space 178176K, 70% used [0x00000000c0000000,0x00000000c79e60a8,0x00000000cae00000)
 Metaspace       used 72417K, capacity 77608K, committed 77824K, reserved 1118208K
  class space    used 9461K, capacity 9953K, committed 9984K, reserved 1048576K
}

Deoptimization events (10 events):
Event: 615.409 Thread 0x00007fb844e9f000 Uncommon trap: reason=unstable_if action=reinterpret pc=0x00007fb88a369200 method=com.codahale.metrics.ExponentiallyDecayingReservoir.update(JJ)V @ 60
Event: 696.958 Thread 0x00007fb8446c9800 Uncommon trap: reason=unstable_if action=reinterpret pc=0x00007fb88a25e770 method=java.util.concurrent.locks.ReentrantLock$Sync.nonfairTryAcquire(I)Z @ 34
Event: 723.986 Thread 0x0000560dfc274000 Uncommon trap: reason=predicate action=maybe_recompile pc=0x00007fb88a5c6bdc method=java.io.ObjectInputStream.readArray(Z)Ljava/lang/Object; @ 408
Event: 737.018 Thread 0x00007fb84430e800 Uncommon trap: reason=class_check action=maybe_recompile pc=0x00007fb88a5d3660 method=java.lang.reflect.Array.newInstance(Ljava/lang/Class;I)Ljava/lang/Object; @ 2
Event: 737.245 Thread 0x00007fb84430e800 Uncommon trap: reason=array_check action=maybe_recompile pc=0x00007fb88a5d3200 method=java.io.ObjectInputStream.readArray(Z)Ljava/lang/Object; @ 419
Event: 737.248 Thread 0x00007fb84430e800 Uncommon trap: reason=class_check action=maybe_recompile pc=0x00007fb88a5d3660 method=java.lang.reflect.Array.newInstance(Ljava/lang/Class;I)Ljava/lang/Object; @ 2
Event: 743.970 Thread 0x0000560dfc274000 Uncommon trap: reason=array_check action=maybe_recompile pc=0x00007fb88a5d3200 method=java.io.ObjectInputStream.readArray(Z)Ljava/lang/Object; @ 419
Event: 743.973 Thread 0x0000560dfc274000 Uncommon trap: reason=class_check action=maybe_recompile pc=0x00007fb88a5d3660 method=java.lang.reflect.Array.newInstance(Ljava/lang/Class;I)Ljava/lang/Object; @ 2
Event: 745.015 Thread 0x00007fb84430e800 Uncommon trap: reason=array_check action=maybe_recompile pc=0x00007fb88a5d3200 method=java.io.ObjectInputStream.readArray(Z)Ljava/lang/Object; @ 419
Event: 745.018 Thread 0x00007fb84430e800 Uncommon trap: reason=class_check action=maybe_recompile pc=0x00007fb88a5d3660 method=java.lang.reflect.Array.newInstance(Ljava/lang/Class;I)Ljava/lang/Object; @ 2

Classes redefined (0 events):
No events

Internal exceptions (10 events):
Event: 484.488 Thread 0x00007fb844c5e800 Exception <a 'java/lang/NoSuchMethodError': <clinit>> (0x00000000eac4cdc8) thrown at [/build/openjdk-8-piDAoU/openjdk-8-8u252-b09/src/hotspot/src/share/vm/prims/jni.cpp, line 1615]
Event: 484.488 Thread 0x00007fb844c5e800 Exception <a 'java/lang/NoSuchMethodError': <clinit>> (0x00000000eac57df8) thrown at [/build/openjdk-8-piDAoU/openjdk-8-8u252-b09/src/hotspot/src/share/vm/prims/jni.cpp, line 1615]
Event: 484.488 Thread 0x00007fb844c5e800 Exception <a 'java/lang/NoSuchMethodError': <clinit>> (0x00000000eac5f470) thrown at [/build/openjdk-8-piDAoU/openjdk-8-8u252-b09/src/hotspot/src/share/vm/prims/jni.cpp, line 1615]
Event: 484.502 Thread 0x00007fb8443bf000 Exception <a 'java/lang/NoSuchMethodError': <clinit>> (0x00000000eb15b470) thrown at [/build/openjdk-8-piDAoU/openjdk-8-8u252-b09/src/hotspot/src/share/vm/prims/jni.cpp, line 1615]
Event: 484.514 Thread 0x00007fb8443bf000 Exception <a 'java/lang/NoSuchMethodError': java.lang.Object.$anonfun$zipWith$1(Lscala/concurrent/Future;Lscala/Function2;Lscala/concurrent/ExecutionContext;Ljava/lang/Object;)Lscala/concurrent/Future;> (0x00000000eb18c660) thrown at [/build/openjdk-8-piD
Event: 484.515 Thread 0x00007fb8443bf000 Exception <a 'java/lang/NoSuchMethodError': java.lang.Object.$anonfun$zipWith$2(Lscala/Function2;Ljava/lang/Object;Ljava/lang/Object;)Ljava/lang/Object;> (0x00000000eb192a58) thrown at [/build/openjdk-8-piDAoU/openjdk-8-8u252-b09/src/hotspot/src/share/vm/
Event: 484.544 Thread 0x00007fb844c4c000 Exception <a 'java/lang/NoSuchMethodError': <clinit>> (0x00000000eb37c978) thrown at [/build/openjdk-8-piDAoU/openjdk-8-8u252-b09/src/hotspot/src/share/vm/prims/jni.cpp, line 1615]
Event: 484.561 Thread 0x00007fb878009000 Implicit null exception at 0x00007fb889b01a05 to 0x00007fb889b01a5d
Event: 484.563 Thread 0x00007fb878009000 Exception <a 'java/lang/NoSuchMethodError': java.lang.Object.$anonfun$size$1$adapted(Lscala/runtime/IntRef;Ljava/lang/Object;)Ljava/lang/Object;> (0x00000000eb6192b0) thrown at [/build/openjdk-8-piDAoU/openjdk-8-8u252-b09/src/hotspot/src/share/vm/interpre
Event: 484.904 Thread 0x00007fb8703c8800 Exception <a 'java/lang/NoSuchMethodError': <clinit>> (0x00000000ebbe8850) thrown at [/build/openjdk-8-piDAoU/openjdk-8-8u252-b09/src/hotspot/src/share/vm/prims/jni.cpp, line 1615]

Events (10 events):
Event: 897.366 Thread 0x00007fb8980c0000 flushing nmethod 0x00007fb889cfee90
Event: 897.366 Thread 0x00007fb8980c0000 flushing nmethod 0x00007fb889d57cd0
Event: 902.113 Thread 0x00007fb8980bd000 flushing nmethod 0x00007fb889dcf590
Event: 902.113 Thread 0x00007fb8980bd000 flushing nmethod 0x00007fb889ddd610
Event: 905.020 Thread 0x00007fb8980c0000 flushing nmethod 0x00007fb889f76710
Event: 905.020 Thread 0x00007fb8980c0000 flushing nmethod 0x00007fb889f8bb50
Event: 905.020 Thread 0x00007fb8980c0000 flushing nmethod 0x00007fb889fa20d0
Event: 905.020 Thread 0x00007fb8980c0000 flushing nmethod 0x00007fb88a0360d0
Event: 906.605 Thread 0x00007fb8980bd000 flushing nmethod 0x00007fb88a0a7490
Event: 907.007 Thread 0x00007fb8980c0000 flushing nmethod 0x00007fb88a368850


Dynamic libraries:
c0000000-cae00000 rw-p 00000000 00:00 0 
cae00000-eab00000 ---p 00000000 00:00 0 
eab00000-100000000 rw-p 00000000 00:00 0 
100000000-1009e0000 rw-p 00000000 00:00 0 
1009e0000-140000000 ---p 00000000 00:00 0 
560dfb2f7000-560dfb2f8000 r-xp 00000000 fc:01 794347                     /usr/lib/jvm/java-8-openjdk-amd64/jre/bin/java
560dfb4f7000-560dfb4f8000 r--p 00000000 fc:01 794347                     /usr/lib/jvm/java-8-openjdk-amd64/jre/bin/java
560dfb4f8000-560dfb4f9000 rw-p 00001000 fc:01 794347                     /usr/lib/jvm/java-8-openjdk-amd64/jre/bin/java
560dfc25d000-560dfc2c0000 rw-p 00000000 00:00 0                          [heap]
7fb83f1b0000-7fb83f1b3000 ---p 00000000 00:00 0 
7fb83f1b3000-7fb83f2b1000 rw-p 00000000 00:00 0 
7fb83f2b1000-7fb83f2b4000 ---p 00000000 00:00 0 
7fb83f2b4000-7fb83f3b2000 rw-p 00000000 00:00 0 
7fb83f3b2000-7fb83f3b5000 ---p 00000000 00:00 0 
7fb83f3b5000-7fb83f4b3000 rw-p 00000000 00:00 0 
7fb83f4b3000-7fb83f4b6000 ---p 00000000 00:00 0 
7fb83f4b6000-7fb83f5b4000 rw-p 00000000 00:00 0 
7fb83f5b4000-7fb83f5b7000 ---p 00000000 00:00 0 
7fb83f5b7000-7fb83f6b5000 rw-p 00000000 00:00 0 
7fb83f6b5000-7fb83f6b8000 ---p 00000000 00:00 0 
7fb83f6b8000-7fb83f7b6000 rw-p 00000000 00:00 0 
7fb83f7b6000-7fb83f7b9000 ---p 00000000 00:00 0 
7fb83f7b9000-7fb83f8b7000 rw-p 00000000 00:00 0 
7fb83f8b7000-7fb83f8ba000 ---p 00000000 00:00 0 
7fb83f8ba000-7fb83f9b8000 rw-p 00000000 00:00 0 
7fb83f9b8000-7fb83f9bb000 ---p 00000000 00:00 0 
7fb83f9bb000-7fb83fab9000 rw-p 00000000 00:00 0 
7fb83fab9000-7fb83fabc000 ---p 00000000 00:00 0 
7fb83fabc000-7fb83fbba000 rw-p 00000000 00:00 0 
7fb83fbba000-7fb83fbbd000 ---p 00000000 00:00 0 
7fb83fbbd000-7fb83fcbb000 rw-p 00000000 00:00 0 
7fb83fcbb000-7fb83fcbe000 ---p 00000000 00:00 0 
7fb83fcbe000-7fb83fdbc000 rw-p 00000000 00:00 0 
7fb83fdbc000-7fb83fdbf000 ---p 00000000 00:00 0 
7fb83fdbf000-7fb83febd000 rw-p 00000000 00:00 0 
7fb83febd000-7fb83fec0000 ---p 00000000 00:00 0 
7fb83fec0000-7fb83ffbe000 rw-p 00000000 00:00 0 
7fb83ffbe000-7fb83ffc1000 ---p 00000000 00:00 0 
7fb83ffc1000-7fb8400bf000 rw-p 00000000 00:00 0 
7fb8400bf000-7fb8400c2000 ---p 00000000 00:00 0 
7fb8400c2000-7fb8401c0000 rw-p 00000000 00:00 0 
7fb8401c0000-7fb8401c3000 ---p 00000000 00:00 0 
7fb8401c3000-7fb8402c1000 rw-p 00000000 00:00 0 
7fb8402c1000-7fb8402c4000 ---p 00000000 00:00 0 
7fb8402c4000-7fb8403c2000 rw-p 00000000 00:00 0 
7fb8403c2000-7fb8403c5000 ---p 00000000 00:00 0 
7fb8403c5000-7fb8404c3000 rw-p 00000000 00:00 0 
7fb8404c3000-7fb8404c6000 ---p 00000000 00:00 0 
7fb8404c6000-7fb8405c4000 rw-p 00000000 00:00 0 
7fb8405c4000-7fb8405c7000 ---p 00000000 00:00 0 
7fb8405c7000-7fb8406c5000 rw-p 00000000 00:00 0 
7fb8406c5000-7fb8406c8000 ---p 00000000 00:00 0 
7fb8406c8000-7fb8407c6000 rw-p 00000000 00:00 0 
7fb8407c6000-7fb8407c9000 ---p 00000000 00:00 0 
7fb8407c9000-7fb8408c7000 rw-p 00000000 00:00 0 
7fb8408c7000-7fb8408ca000 ---p 00000000 00:00 0 
7fb8408ca000-7fb840b08000 rw-p 00000000 00:00 0 
7fb840b08000-7fb840bc8000 ---p 00000000 00:00 0 
7fb840bc8000-7fb840dc8000 rw-p 00000000 00:00 0 
7fb840dc8000-7fb840dcb000 ---p 00000000 00:00 0 
7fb840dcb000-7fb840ec9000 rw-p 00000000 00:00 0 
7fb840ec9000-7fb840ecc000 ---p 00000000 00:00 0 
7fb840ecc000-7fb840fca000 rw-p 00000000 00:00 0 
7fb840fca000-7fb840fcd000 ---p 00000000 00:00 0 
7fb840fcd000-7fb8412cb000 rw-p 00000000 00:00 0 
7fb8412cb000-7fb8412ce000 ---p 00000000 00:00 0 
7fb8412ce000-7fb8413cc000 rw-p 00000000 00:00 0 
7fb8413cc000-7fb8413cf000 ---p 00000000 00:00 0 
7fb8413cf000-7fb8416cd000 rw-p 00000000 00:00 0 
7fb8416cd000-7fb8418cd000 rw-p 00000000 00:00 0 
7fb8418cd000-7fb8418d0000 ---p 00000000 00:00 0 
7fb8418d0000-7fb8419ce000 rw-p 00000000 00:00 0 
7fb8419ce000-7fb8419fd000 r-xp 00000000 fc:01 27933                      /tmp/liblz4-java-8376619459636251105.so
7fb8419fd000-7fb841bfc000 ---p 0002f000 fc:01 27933                      /tmp/liblz4-java-8376619459636251105.so
7fb841bfc000-7fb841bfd000 r--p 0002e000 fc:01 27933                      /tmp/liblz4-java-8376619459636251105.so
7fb841bfd000-7fb841bfe000 rw-p 0002f000 fc:01 27933                      /tmp/liblz4-java-8376619459636251105.so
7fb841bfe000-7fb841dfe000 rw-p 00000000 00:00 0 
7fb841dfe000-7fb841ffe000 rw-p 00000000 00:00 0 
7fb841ffe000-7fb844000000 rw-p 00000000 00:00 0 
7fb844000000-7fb845e05000 rw-p 00000000 00:00 0 
7fb845e05000-7fb848000000 ---p 00000000 00:00 0 
7fb84808d000-7fb84828d000 rw-p 00000000 00:00 0 
7fb84828d000-7fb84848d000 rw-p 00000000 00:00 0 
7fb84848d000-7fb848490000 ---p 00000000 00:00 0 
7fb848490000-7fb84858e000 rw-p 00000000 00:00 0 
7fb84858e000-7fb848591000 ---p 00000000 00:00 0 
7fb848591000-7fb84888f000 rw-p 00000000 00:00 0 
7fb84888f000-7fb848892000 ---p 00000000 00:00 0 
7fb848892000-7fb848b90000 rw-p 00000000 00:00 0 
7fb848b90000-7fb848b93000 ---p 00000000 00:00 0 
7fb848b93000-7fb848e91000 rw-p 00000000 00:00 0 
7fb848e91000-7fb849091000 rw-p 00000000 00:00 0 
7fb849091000-7fb849291000 rw-p 00000000 00:00 0 
7fb849291000-7fb849491000 rw-p 00000000 00:00 0 
7fb849491000-7fb849494000 ---p 00000000 00:00 0 
7fb849494000-7fb849792000 rw-p 00000000 00:00 0 
7fb849792000-7fb849795000 ---p 00000000 00:00 0 
7fb849795000-7fb849893000 rw-p 00000000 00:00 0 
7fb849893000-7fb849896000 ---p 00000000 00:00 0 
7fb849896000-7fb849994000 rw-p 00000000 00:00 0 
7fb849994000-7fb849997000 ---p 00000000 00:00 0 
7fb849997000-7fb849a95000 rw-p 00000000 00:00 0 
7fb849a95000-7fb849a98000 ---p 00000000 00:00 0 
7fb849a98000-7fb849d96000 rw-p 00000000 00:00 0 
7fb849d96000-7fb84ad97000 rw-p 00000000 00:00 0 
7fb84ae00000-7fb84b000000 rw-p 00000000 00:00 0 
7fb84b000000-7fb84b003000 ---p 00000000 00:00 0 
7fb84b003000-7fb84b101000 rw-p 00000000 00:00 0 
7fb84b1f4000-7fb84b1f7000 ---p 00000000 00:00 0 
7fb84b1f7000-7fb84b2f5000 rw-p 00000000 00:00 0 
7fb84b2f5000-7fb84b2f8000 ---p 00000000 00:00 0 
7fb84b2f8000-7fb84b3f6000 rw-p 00000000 00:00 0 
7fb84b3f6000-7fb84b3f9000 ---p 00000000 00:00 0 
7fb84b3f9000-7fb84b4f7000 rw-p 00000000 00:00 0 
7fb84b4f7000-7fb84b4fa000 ---p 00000000 00:00 0 
7fb84b4fa000-7fb84b5f8000 rw-p 00000000 00:00 0 
7fb84b5f8000-7fb84b5fb000 ---p 00000000 00:00 0 
7fb84b5fb000-7fb84b8f9000 rw-p 00000000 00:00 0 
7fb84b8f9000-7fb84b8fc000 ---p 00000000 00:00 0 
7fb84b8fc000-7fb84b9fa000 rw-p 00000000 00:00 0 
7fb84b9fa000-7fb84b9fd000 ---p 00000000 00:00 0 
7fb84b9fd000-7fb84bafb000 rw-p 00000000 00:00 0 
7fb84bafb000-7fb84bafe000 ---p 00000000 00:00 0 
7fb84bafe000-7fb84bbfc000 rw-p 00000000 00:00 0 
7fb84bbfc000-7fb84bbff000 ---p 00000000 00:00 0 
7fb84bbff000-7fb84bcfd000 rw-p 00000000 00:00 0 
7fb84bcfd000-7fb84bd00000 ---p 00000000 00:00 0 
7fb84bd00000-7fb84bdfe000 rw-p 00000000 00:00 0 
7fb84bdfe000-7fb84be01000 ---p 00000000 00:00 0 
7fb84be01000-7fb84beff000 rw-p 00000000 00:00 0 
7fb84beff000-7fb84bf02000 ---p 00000000 00:00 0 
7fb84bf02000-7fb84c000000 rw-p 00000000 00:00 0 
7fb84c000000-7fb84c021000 rw-p 00000000 00:00 0 
7fb84c021000-7fb850000000 ---p 00000000 00:00 0 
7fb850000000-7fb850163000 rw-p 00000000 00:00 0 
7fb850163000-7fb854000000 ---p 00000000 00:00 0 
7fb854000000-7fb854021000 rw-p 00000000 00:00 0 
7fb854021000-7fb858000000 ---p 00000000 00:00 0 
7fb858000000-7fb858021000 rw-p 00000000 00:00 0 
7fb858021000-7fb85c000000 ---p 00000000 00:00 0 
7fb85c071000-7fb85c271000 rw-p 00000000 00:00 0 
7fb85c271000-7fb85c274000 ---p 00000000 00:00 0 
7fb85c274000-7fb85c372000 rw-p 00000000 00:00 0 
7fb85c372000-7fb85c375000 ---p 00000000 00:00 0 
7fb85c375000-7fb85c473000 rw-p 00000000 00:00 0 
7fb85c473000-7fb85c476000 ---p 00000000 00:00 0 
7fb85c476000-7fb85c574000 rw-p 00000000 00:00 0 
7fb85c574000-7fb85c577000 ---p 00000000 00:00 0 
7fb85c577000-7fb85c675000 rw-p 00000000 00:00 0 
7fb85c675000-7fb85c678000 ---p 00000000 00:00 0 
7fb85c678000-7fb85c776000 rw-p 00000000 00:00 0 
7fb85c776000-7fb85c779000 ---p 00000000 00:00 0 
7fb85c779000-7fb85c877000 rw-p 00000000 00:00 0 
7fb85c877000-7fb85c87a000 ---p 00000000 00:00 0 
7fb85c87a000-7fb85c978000 rw-p 00000000 00:00 0 
7fb85c978000-7fb85c97b000 ---p 00000000 00:00 0 
7fb85c97b000-7fb85cc79000 rw-p 00000000 00:00 0 
7fb85cc79000-7fb85cc7c000 ---p 00000000 00:00 0 
7fb85cc7c000-7fb85cd7a000 rw-p 00000000 00:00 0 
7fb85cd7a000-7fb85cd7d000 ---p 00000000 00:00 0 
7fb85cd7d000-7fb85ce7b000 rw-p 00000000 00:00 0 
7fb85ce7b000-7fb85ce7e000 ---p 00000000 00:00 0 
7fb85ce7e000-7fb85d17c000 rw-p 00000000 00:00 0 
7fb85d17c000-7fb85d17f000 ---p 00000000 00:00 0 
7fb85d17f000-7fb85d27d000 rw-p 00000000 00:00 0 
7fb85d27d000-7fb85d280000 ---p 00000000 00:00 0 
7fb85d280000-7fb85d37e000 rw-p 00000000 00:00 0 
7fb85d37e000-7fb85d381000 ---p 00000000 00:00 0 
7fb85d381000-7fb85d47f000 rw-p 00000000 00:00 0 
7fb85d47f000-7fb85d482000 ---p 00000000 00:00 0 
7fb85d482000-7fb85d580000 rw-p 00000000 00:00 0 
7fb85d580000-7fb85d583000 ---p 00000000 00:00 0 
7fb85d583000-7fb85d681000 rw-p 00000000 00:00 0 
7fb85d681000-7fb85d684000 ---p 00000000 00:00 0 
7fb85d684000-7fb85d782000 rw-p 00000000 00:00 0 
7fb85d782000-7fb85d785000 ---p 00000000 00:00 0 
7fb85d785000-7fb85d883000 rw-p 00000000 00:00 0 
7fb85d883000-7fb85d886000 ---p 00000000 00:00 0 
7fb85d886000-7fb85d984000 rw-p 00000000 00:00 0 
7fb85d984000-7fb85d987000 ---p 00000000 00:00 0 
7fb85d987000-7fb85da85000 rw-p 00000000 00:00 0 
7fb85da85000-7fb85da88000 ---p 00000000 00:00 0 
7fb85da88000-7fb85db86000 rw-p 00000000 00:00 0 
7fb85db86000-7fb85db89000 ---p 00000000 00:00 0 
7fb85db89000-7fb85dc87000 rw-p 00000000 00:00 0 
7fb85dc87000-7fb85dc8a000 ---p 00000000 00:00 0 
7fb85dc8a000-7fb85df88000 rw-p 00000000 00:00 0 
7fb85df88000-7fb85e188000 rw-p 00000000 00:00 0 
7fb85e188000-7fb85e388000 rw-p 00000000 00:00 0 
7fb85e388000-7fb85e38b000 ---p 00000000 00:00 0 
7fb85e38b000-7fb85e489000 rw-p 00000000 00:00 0 
7fb85e489000-7fb85e48c000 ---p 00000000 00:00 0 
7fb85e48c000-7fb85e58a000 rw-p 00000000 00:00 0 
7fb85e58a000-7fb85e58b000 r-xp 00000000 fc:01 794373                     /usr/lib/jvm/java-8-openjdk-amd64/jre/lib/amd64/libjaas_unix.so
7fb85e58b000-7fb85e78a000 ---p 00001000 fc:01 794373                     /usr/lib/jvm/java-8-openjdk-amd64/jre/lib/amd64/libjaas_unix.so
7fb85e78a000-7fb85e78b000 r--p 00000000 fc:01 794373                     /usr/lib/jvm/java-8-openjdk-amd64/jre/lib/amd64/libjaas_unix.so
7fb85e78b000-7fb85e78c000 rw-p 00001000 fc:01 794373                     /usr/lib/jvm/java-8-openjdk-amd64/jre/lib/amd64/libjaas_unix.so
7fb85e78c000-7fb85e98c000 rw-p 00000000 00:00 0 
7fb85e98c000-7fb85e98f000 ---p 00000000 00:00 0 
7fb85e98f000-7fb85ea8d000 rw-p 00000000 00:00 0 
7fb85ea8d000-7fb85ea90000 ---p 00000000 00:00 0 
7fb85ea90000-7fb85eac6000 rw-p 00000000 00:00 0 
7fb85eac6000-7fb85eacf000 r-xp 00000000 fc:01 794383                     /usr/lib/jvm/java-8-openjdk-amd64/jre/lib/amd64/libmanagement.so
7fb85eacf000-7fb85ecce000 ---p 00009000 fc:01 794383                     /usr/lib/jvm/java-8-openjdk-amd64/jre/lib/amd64/libmanagement.so
7fb85ecce000-7fb85eccf000 r--p 00008000 fc:01 794383                     /usr/lib/jvm/java-8-openjdk-amd64/jre/lib/amd64/libmanagement.so
7fb85eccf000-7fb85ecd0000 rw-p 00009000 fc:01 794383                     /usr/lib/jvm/java-8-openjdk-amd64/jre/lib/amd64/libmanagement.so
7fb85ecd0000-7fb85eed0000 rw-p 00000000 00:00 0 
7fb85eed0000-7fb85f0d0000 rw-p 00000000 00:00 0 
7fb85f0d0000-7fb85f0e7000 r-xp 00000000 fc:01 2180                       /lib/x86_64-linux-gnu/libresolv-2.27.so
7fb85f0e7000-7fb85f2e7000 ---p 00017000 fc:01 2180                       /lib/x86_64-linux-gnu/libresolv-2.27.so
7fb85f2e7000-7fb85f2e8000 r--p 00017000 fc:01 2180                       /lib/x86_64-linux-gnu/libresolv-2.27.so
7fb85f2e8000-7fb85f2e9000 rw-p 00018000 fc:01 2180                       /lib/x86_64-linux-gnu/libresolv-2.27.so
7fb85f2e9000-7fb85f2eb000 rw-p 00000000 00:00 0 
7fb85f2eb000-7fb85f2f0000 r-xp 00000000 fc:01 2093                       /lib/x86_64-linux-gnu/libnss_dns-2.27.so
7fb85f2f0000-7fb85f4f0000 ---p 00005000 fc:01 2093                       /lib/x86_64-linux-gnu/libnss_dns-2.27.so
7fb85f4f0000-7fb85f4f1000 r--p 00005000 fc:01 2093                       /lib/x86_64-linux-gnu/libnss_dns-2.27.so
7fb85f4f1000-7fb85f4f2000 rw-p 00006000 fc:01 2093                       /lib/x86_64-linux-gnu/libnss_dns-2.27.so
7fb85f4f7000-7fb85f4fc000 r--s 000a7000 fc:01 794430                     /usr/lib/jvm/java-8-openjdk-amd64/jre/lib/jsse.jar
7fb85f4fc000-7fb85f6fc000 rw-p 00000000 00:00 0 
7fb85f6fc000-7fb85f706000 r--s 0007b000 fc:01 781830                     /usr/lib/spark/jars/hadoop-mapreduce-client-app-2.7.4.jar
7fb85f706000-7fb85f707000 r--s 00003000 fc:01 781889                     /usr/lib/spark/jars/transaction-api-1.1.jar
7fb85f707000-7fb85f709000 r--s 00001000 fc:01 782043                     /usr/lib/spark/jars/hive-shims-2.3.6.jar
7fb85f709000-7fb85f70b000 r--s 0000e000 fc:01 781824                     /usr/lib/spark/jars/guice-servlet-3.0.jar
7fb85f70b000-7fb85f734000 r--s 001ee000 fc:01 782064                     /usr/lib/spark/jars/guava-14.0.1.jar
7fb85f734000-7fb85f738000 r--s 00020000 fc:01 781968                     /usr/lib/spark/jars/commons-digester-1.8.jar
7fb85f738000-7fb85f743000 r--s 0010e000 fc:01 782021                     /usr/lib/spark/jars/spark-streaming_2.12-3.0.0-preview2.jar
7fb85f743000-7fb85f756000 r--s 000d0000 fc:01 781836                     /usr/lib/spark/jars/jersey-server-2.29.1.jar
7fb85f756000-7fb85f759000 r--s 00017000 fc:01 781892                     /usr/lib/spark/jars/metrics-core-4.1.1.jar
7fb85f759000-7fb85f843000 r--s 009a3000 fc:01 781988                     /usr/lib/spark/jars/kubernetes-model-4.6.4.jar
7fb85f843000-7fb85f872000 r--s 002e5000 fc:01 781997                     /usr/lib/spark/jars/derby-10.12.1.1.jar
7fb85f872000-7fb85f903000 r--s 00740000 fc:01 781979                     /usr/lib/spark/jars/hive-metastore-2.3.6.jar
7fb85f903000-7fb85f905000 r--s 0000a000 fc:01 781838                     /usr/lib/spark/jars/jackson-dataformat-yaml-2.10.0.jar
7fb85f905000-7fb85fb05000 rw-p 00000000 00:00 0 
7fb85fb05000-7fb85fb3d000 r--s 004d1000 fc:01 781837                     /usr/lib/spark/jars/scala-library-2.12.10.jar
7fb85fb3d000-7fb85fb3f000 r--s 00003000 fc:01 781918                     /usr/lib/spark/jars/jcl-over-slf4j-1.7.16.jar
7fb85fb3f000-7fb85fb40000 r--s 00004000 fc:01 781954                     /usr/lib/spark/jars/audience-annotations-0.5.0.jar
7fb85fb40000-7fb85fb59000 r--s 00164000 fc:01 782066                     /usr/lib/spark/jars/hadoop-mapreduce-client-core-2.7.4.jar
7fb85fb59000-7fb85fb5c000 r--s 0001c000 fc:01 781894                     /usr/lib/spark/jars/py4j-0.10.8.1.jar
7fb85fb5c000-7fb85fb8d000 r--s 002e7000 fc:01 782039                     /usr/lib/spark/jars/shapeless_2.12-2.3.3.jar
7fb85fb8d000-7fb85fb90000 r--s 00014000 fc:01 781855                     /usr/lib/spark/jars/super-csv-2.2.0.jar
7fb85fb90000-7fb85fb92000 r--s 00004000 fc:01 781935                     /usr/lib/spark/jars/stax-api-1.0-2.jar
7fb85fb92000-7fb85fb97000 r--s 00051000 fc:01 781951                     /usr/lib/spark/jars/jackson-core-2.10.0.jar
7fb85fb97000-7fb85fb98000 r--s 00009000 fc:01 781832                     /usr/lib/spark/jars/slf4j-api-1.7.16.jar
7fb85fb98000-7fb85fbaa000 r--s 00097000 fc:01 782017                     /usr/lib/spark/jars/apacheds-kerberos-codec-2.0.0-M15.jar
7fb85fbaa000-7fb85fbce000 r--s 0035f000 fc:01 781945                     /usr/lib/spark/jars/scala-reflect-2.12.10.jar
7fb85fbce000-7fb85fbd2000 r--s 0004c000 fc:01 781977                     /usr/lib/spark/jars/RoaringBitmap-0.7.45.jar
7fb85fbd2000-7fb85fbd4000 r--s 0000d000 fc:01 781933                     /usr/lib/spark/jars/chill-java-0.9.3.jar
7fb85fbd4000-7fb85fbd6000 r--s 00012000 fc:01 781901                     /usr/lib/spark/jars/spire-macros_2.12-0.17.0-M1.jar
7fb85fbd6000-7fb85fbd9000 r--s 00026000 fc:01 781991                     /usr/lib/spark/jars/antlr-runtime-3.5.2.jar
7fb85fbd9000-7fb85fbe0000 r--s 00046000 fc:01 781953                     /usr/lib/spark/jars/libfb303-0.9.3.jar
7fb85fbe0000-7fb85fbe8000 r--s 0005d000 fc:01 781990                     /usr/lib/spark/jars/kryo-shaded-4.0.2.jar
7fb85fbe8000-7fb85fbea000 r--s 00027000 fc:01 782035                     /usr/lib/spark/jars/core-1.1.2.jar
7fb85fbea000-7fb85fbed000 r--s 00045000 fc:01 781887                     /usr/lib/spark/jars/spark-mesos_2.12-3.0.0-preview2.jar
7fb85fbed000-7fb85fbf1000 r--s 00035000 fc:01 782067                     /usr/lib/spark/jars/hive-storage-api-2.6.0.jar
7fb85fbf1000-7fb85fc03000 r--s 000ce000 fc:01 781841                     /usr/lib/spark/jars/hive-serde-2.3.6.jar
7fb85fc03000-7fb85fc53000 r--s 009de000 fc:01 782015                     /usr/lib/spark/jars/scala-compiler-2.12.10.jar
7fb85fc53000-7fb85fc54000 r--s 00003000 fc:01 781982                     /usr/lib/spark/jars/spark-tags_2.12-3.0.0-preview2.jar
7fb85fc54000-7fb85fc75000 r--s 0015c000 fc:01 781829                     /usr/lib/spark/jars/avro-1.8.2.jar
7fb85fc75000-7fb85fc79000 r--s 00056000 fc:01 781874                     /usr/lib/spark/jars/spark-kubernetes_2.12-3.0.0-preview2.jar
7fb85fc79000-7fb85fc81000 r--s 0003b000 fc:01 781896                     /usr/lib/spark/jars/curator-recipes-2.7.1.jar
7fb85fc81000-7fb85fc83000 r--s 00012000 fc:01 781871                     /usr/lib/spark/jars/api-util-1.0.0-M20.jar
7fb85fc83000-7fb85fc84000 r--s 0000c000 fc:01 781999                     /usr/lib/spark/jars/spark-repl_2.12-3.0.0-preview2.jar
7fb85fc84000-7fb85fc9d000 r--s 00150000 fc:01 782058                     /usr/lib/spark/jars/htrace-core-3.1.0-incubating.jar
7fb85fc9d000-7fb85fcb6000 r--s 001d4000 fc:01 781822                     /usr/lib/spark/jars/datanucleus-core-4.1.17.jar
7fb85fcb6000-7fb85fcf7000 r--s 006c0000 fc:01 781877                     /usr/lib/spark/jars/mesos-1.4.0-shaded-protobuf.jar
7fb85fcf7000-7fb85fcf9000 r--s 00009000 fc:01 781940                     /usr/lib/spark/jars/commons-cli-1.2.jar
7fb85fcf9000-7fb85fd3f000 r--s 0039f000 fc:01 781974                     /usr/lib/spark/jars/netty-all-4.1.42.Final.jar
7fb85fd3f000-7fb85fd40000 r--s 00000000 fc:01 782030                     /usr/lib/spark/jars/javax.inject-1.jar
7fb85fd40000-7fb85fd45000 r--s 00041000 fc:01 781873                     /usr/lib/spark/jars/commons-lang-2.6.jar
7fb85fd45000-7fb85fd46000 r--s 00018000 fc:01 781835                     /usr/lib/spark/jars/spark-mllib-local_2.12-3.0.0-preview2.jar
7fb85fd46000-7fb85fd47000 r--s 00004000 fc:01 782061                     /usr/lib/spark/jars/jakarta.inject-2.6.1.jar
7fb85fd47000-7fb85fd49000 r--s 00004000 fc:01 781993                     /usr/lib/spark/jars/metrics-jmx-4.1.1.jar
7fb85fd49000-7fb85fd61000 r--s 00115000 fc:01 781992                     /usr/lib/spark/jars/xercesImpl-2.9.1.jar
7fb85fd61000-7fb85fd67000 r--s 00070000 fc:01 781930                     /usr/lib/spark/jars/json4s-core_2.12-3.6.6.jar
7fb85fd67000-7fb85fd68000 r--s 00003000 fc:01 782020                     /usr/lib/spark/jars/generex-1.0.2.jar
7fb85fd68000-7fb85fd6e000 r--s 0004a000 fc:01 781995                     /usr/lib/spark/jars/hive-llap-common-2.3.6.jar
7fb85fd6e000-7fb85fd74000 r--s 00028000 fc:01 781944                     /usr/lib/spark/jars/curator-framework-2.7.1.jar
7fb85fd74000-7fb85fd7a000 r--s 00063000 fc:01 782056                     /usr/lib/spark/jars/jodd-core-3.5.2.jar
7fb85fd7a000-7fb85fd7d000 r--s 0000e000 fc:01 782010                     /usr/lib/spark/jars/jackson-annotations-2.10.0.jar
7fb85fd7d000-7fb85fd84000 r--s 0003f000 fc:01 782036                     /usr/lib/spark/jars/commons-codec-1.10.jar
7fb85fd84000-7fb85fd89000 r--s 00031000 fc:01 782012                     /usr/lib/spark/jars/jersey-client-2.29.1.jar
7fb85fd89000-7fb85fd8b000 r--s 0000e000 fc:01 782007                     /usr/lib/spark/jars/oro-2.0.8.jar
7fb85fd8b000-7fb85fd8d000 r--s 0000d000 fc:01 781919                     /usr/lib/spark/jars/hadoop-yarn-server-web-proxy-2.7.4.jar
7fb85fd8d000-7fb85fd8f000 r--s 0001f000 fc:01 781961                     /usr/lib/spark/jars/breeze-macros_2.12-1.0.jar
7fb85fd8f000-7fb85fd93000 r--s 00035000 fc:01 782031                     /usr/lib/spark/jars/JLargeArrays-1.5.jar
7fb85fd93000-7fb85fd96000 r--s 00015000 fc:01 782024                     /usr/lib/spark/jars/javax.servlet-api-3.1.0.jar
7fb85fd96000-7fb85fd98000 r--s 0000f000 fc:01 782002                     /usr/lib/spark/jars/curator-client-2.7.1.jar
7fb85fd98000-7fb85fdb5000 r--s 0015e000 fc:01 781969                     /usr/lib/spark/jars/hive-service-rpc-2.3.6.jar
7fb85fdb5000-7fb85fdb7000 r--s 00000000 fc:01 781980                     /usr/lib/spark/jars/jul-to-slf4j-1.7.16.jar
7fb85fdb7000-7fb85fdb9000 r--s 00007000 fc:01 781899                     /usr/lib/spark/jars/zjsonpatch-0.3.0.jar
7fb85fdb9000-7fb85fdbd000 r--s 00015000 fc:01 782032                     /usr/lib/spark/jars/xz-1.5.jar
7fb85fdbd000-7fb85fdbf000 r--s 00014000 fc:01 781996                     /usr/lib/spark/jars/okio-1.15.0.jar
7fb85fdbf000-7fb85fdc3000 r--s 00041000 fc:01 782046                     /usr/lib/spark/jars/xbean-asm7-shaded-4.15.jar
7fb85fdc3000-7fb85fdc9000 r--s 00037000 fc:01 781978                     /usr/lib/spark/jars/javax.jdo-3.2.0-m3.jar
7fb85fdc9000-7fb85fdce000 r--s 00027000 fc:01 782062                     /usr/lib/spark/jars/automaton-1.11-8.jar
7fb85fdce000-7fb85fdd2000 r--s 0002a000 fc:01 781888                     /usr/lib/spark/jars/avro-mapred-1.8.2-hadoop2.jar
7fb85fdd2000-7fb85fdf6000 r--s 001cd000 fc:01 782006                     /usr/lib/spark/jars/commons-math3-3.4.1.jar
7fb85fdf6000-7fb85fdfa000 r--s 00036000 fc:01 781842                     /usr/lib/spark/jars/ST4-4.0.4.jar
7fb85fdfa000-7fb85fdfb000 r--s 00004000 fc:01 781925                     /usr/lib/spark/jars/osgi-resource-locator-1.0.3.jar
7fb85fdfb000-7fb85fe11000 r--s 00141000 fc:01 781857                     /usr/lib/spark/jars/jackson-databind-2.10.0.jar
7fb85fe11000-7fb85fe1e000 r--s 00083000 fc:01 781967                     /usr/lib/spark/jars/commons-collections-3.2.2.jar
7fb85fe1e000-7fb85fe20000 r--s 0000c000 fc:01 782014                     /usr/lib/spark/jars/spark-kvstore_2.12-3.0.0-preview2.jar
7fb85fe20000-7fb85fe23000 r--s 00017000 fc:01 781828                     /usr/lib/spark/jars/jaxb-api-2.2.2.jar
7fb85fe23000-7fb85fe26000 r--s 0000b000 fc:01 781955                     /usr/lib/spark/jars/objenesis-2.5.1.jar
7fb85fe26000-7fb85fe2c000 r--s 0002c000 fc:01 782047                     /usr/lib/spark/jars/jdo-api-3.0.1.jar
7fb85fe2c000-7fb85fe31000 r--s 0002c000 fc:01 782065                     /usr/lib/spark/jars/commons-text-1.6.jar
7fb85fe31000-7fb85fe32000 r--s 00005000 fc:01 781880                     /usr/lib/spark/jars/metrics-jvm-4.1.1.jar
7fb85fe32000-7fb85fe35000 r--s 001eb000 fc:01 781849                     /usr/lib/spark/jars/snappy-java-1.1.7.3.jar
7fb85fe35000-7fb85fe3a000 r--s 00065000 fc:01 781861                     /usr/lib/spark/jars/spark-graphx_2.12-3.0.0-preview2.jar
7fb85fe3a000-7fb85fe51000 r--s 002fd000 fc:01 781915                     /usr/lib/spark/jars/cats-kernel_2.12-2.0.0-M4.jar
7fb85fe51000-7fb85fe52000 r--s 00002000 fc:01 781823                     /usr/lib/spark/jars/jpam-1.1.jar
7fb85fe52000-7fb85fe54000 r--s 0000b000 fc:01 781872                     /usr/lib/spark/jars/spark-unsafe_2.12-3.0.0-preview2.jar
7fb85fe54000-7fb85fe56000 r--s 00007000 fc:01 781994                     /usr/lib/spark/jars/machinist_2.12-0.6.8.jar
7fb85fe56000-7fb85fe58000 r--s 00001000 fc:01 781917                     /usr/lib/spark/jars/spire-platform_2.12-0.17.0-M1.jar
7fb85fe58000-7fb85fe5d000 r--s 0002a000 fc:01 782051                     /usr/lib/spark/jars/gson-2.2.4.jar
7fb85fe5d000-7fb85fe63000 r--s 00062000 fc:01 781908                     /usr/lib/spark/jars/okhttp-3.12.6.jar
7fb85fe63000-7fb85fe69000 r--s 00037000 fc:01 781843                     /usr/lib/spark/jars/libthrift-0.12.0.jar
7fb85fe69000-7fb85fe78000 r--s 00111000 fc:01 781833                     /usr/lib/spark/jars/JTransforms-3.1.jar
7fb85fe78000-7fb85fe7a000 r--s 00003000 fc:01 781947                     /usr/lib/spark/jars/api-asn1-api-1.0.0-M20.jar
7fb85fe7a000-7fb85fe80000 r--s 00043000 fc:01 781950                     /usr/lib/spark/jars/commons-configuration-1.6.jar
7fb85fe80000-7fb85fe82000 r--s 00001000 fc:01 781865                     /usr/lib/spark/jars/spark-tags_2.12-3.0.0-preview2-tests.jar
7fb85fe82000-7fb85fe93000 r--s 0014e000 fc:01 781906                     /usr/lib/spark/jars/arrow-vector-0.15.1.jar
7fb85fe93000-7fb85fe95000 r--s 0000e000 fc:01 782037                     /usr/lib/spark/jars/commons-logging-1.1.3.jar
7fb85fe95000-7fb85fe9b000 r--s 00065000 fc:01 781851                     /usr/lib/spark/jars/hive-common-2.3.6.jar
7fb85fe9b000-7fb85fe9d000 r--s 00012000 fc:01 781976                     /usr/lib/spark/jars/compress-lzf-1.0.3.jar
7fb85fe9d000-7fb85fea5000 r--s 00049000 fc:01 781985                     /usr/lib/spark/jars/httpcore-4.4.12.jar
7fb85fea5000-7fb85feac000 r--s 00058000 fc:01 782040                     /usr/lib/spark/jars/hadoop-yarn-server-common-2.7.4.jar
7fb85feac000-7fb85fead000 r--s 00006000 fc:01 782034                     /usr/lib/spark/jars/orc-shims-1.5.8.jar
7fb85fead000-7fb85feb0000 r--s 0000f000 fc:01 781903                     /usr/lib/spark/jars/commons-compiler-3.0.15.jar
7fb85feb0000-7fb85feb5000 r--s 0003e000 fc:01 781885                     /usr/lib/spark/jars/commons-net-3.1.jar
7fb85feb5000-7fb85febf000 r--s 000ba000 fc:01 781834                     /usr/lib/spark/jars/orc-core-1.5.8.jar
7fb85febf000-7fb85fec8000 r--s 00064000 fc:01 781904                     /usr/lib/spark/jars/univocity-parsers-2.8.3.jar
7fb85fec8000-7fb85fecd000 r--s 0009f000 fc:01 781883                     /usr/lib/spark/jars/spark-hive_2.12-3.0.0-preview2.jar
7fb85fecd000-7fb85fefb000 r--s 0021b000 fc:01 781958                     /usr/lib/spark/jars/spark-network-common_2.12-3.0.0-preview2.jar
7fb85fefb000-7fb85ff09000 r--s 000d5000 fc:01 782053                     /usr/lib/spark/jars/janino-3.0.15.jar
7fb85ff09000-7fb85ff10000 r--s 0004d000 fc:01 782000                     /usr/lib/spark/jars/jackson-module-scala_2.12-2.10.0.jar
7fb85ff10000-7fb85ff13000 r--s 00013000 fc:01 781881                     /usr/lib/spark/jars/jersey-media-jaxb-2.29.1.jar
7fb85ff13000-7fb85ff96000 r--s 00cad000 fc:01 781878                     /usr/lib/spark/jars/breeze_2.12-1.0.jar
7fb85ff96000-7fb85ffcd000 r--s 00320000 fc:01 781981                     /usr/lib/spark/jars/hadoop-common-2.7.4.jar
7fb85ffcd000-7fb860000000 r--s 006a8000 fc:01 781860                     /usr/lib/spark/jars/spire_2.12-0.17.0-M1.jar
7fb860000000-7fb860ebc000 rw-p 00000000 00:00 0 
7fb860ebc000-7fb864000000 ---p 00000000 00:00 0 
7fb864000000-7fb8640ea000 rw-p 00000000 00:00 0 
7fb8640ea000-7fb868000000 ---p 00000000 00:00 0 
7fb868000000-7fb868039000 rw-p 00000000 00:00 0 
7fb868039000-7fb86c000000 ---p 00000000 00:00 0 
7fb86c000000-7fb86dcf4000 rw-p 00000000 00:00 0 
7fb86dcf4000-7fb870000000 ---p 00000000 00:00 0 
7fb870000000-7fb870407000 rw-p 00000000 00:00 0 
7fb870407000-7fb874000000 ---p 00000000 00:00 0 
7fb874000000-7fb874021000 rw-p 00000000 00:00 0 
7fb874021000-7fb878000000 ---p 00000000 00:00 0 
7fb878000000-7fb87807b000 rw-p 00000000 00:00 0 
7fb87807b000-7fb87c000000 ---p 00000000 00:00 0 
7fb87c000000-7fb87c17c000 rw-p 00000000 00:00 0 
7fb87c17c000-7fb880000000 ---p 00000000 00:00 0 
7fb880000000-7fb880002000 r--s 0000e000 fc:01 781939                     /usr/lib/spark/jars/hadoop-mapreduce-client-jobclient-2.7.4.jar
7fb880002000-7fb880006000 r--s 0004d000 fc:01 781890                     /usr/lib/spark/jars/spark-yarn_2.12-3.0.0-preview2.jar
7fb880006000-7fb880009000 r--s 00026000 fc:01 781965                     /usr/lib/spark/jars/hadoop-yarn-client-2.7.4.jar
7fb880009000-7fb88000d000 r--s 00028000 fc:01 782029                     /usr/lib/spark/jars/stream-2.9.6.jar
7fb88000d000-7fb88000e000 r--s 00008000 fc:01 781905                     /usr/lib/spark/jars/json4s-jackson_2.12-3.6.6.jar
7fb88000e000-7fb880010000 r--s 00012000 fc:01 781884                     /usr/lib/spark/jars/jersey-hk2-2.29.1.jar
7fb880010000-7fb880012000 r--s 0001f000 fc:01 781913                     /usr/lib/spark/jars/commons-crypto-1.0.0.jar
7fb880012000-7fb880015000 r--s 0001e000 fc:01 782038                     /usr/lib/spark/jars/aircompressor-0.10.jar
7fb880015000-7fb88001a000 r--s 00083000 fc:01 781946                     /usr/lib/spark/jars/scala-xml_2.12-1.2.0.jar
7fb88001a000-7fb88001b000 r--s 0000a000 fc:01 782055                     /usr/lib/spark/jars/apacheds-i18n-2.0.0-M15.jar
7fb88001b000-7fb880020000 r--s 00055000 fc:01 782033                     /usr/lib/spark/jars/datanucleus-api-jdo-4.2.4.jar
7fb880020000-7fb880022000 r--s 00005000 fc:01 782028                     /usr/lib/spark/jars/jakarta.annotation-api-1.3.5.jar
7fb880022000-7fb880024000 r--s 00010000 fc:01 782004                     /usr/lib/spark/jars/jersey-container-servlet-core-2.29.1.jar
7fb880024000-7fb88003d000 r--s 000f4000 fc:01 781986                     /usr/lib/spark/jars/parquet-column-1.10.1.jar
7fb88003d000-7fb880041000 r--s 00014000 fc:01 781839                     /usr/lib/spark/jars/parquet-common-1.10.1.jar
7fb880041000-7fb880043000 r--s 0001b000 fc:01 782049                     /usr/lib/spark/jars/hive-jdbc-2.3.6.jar
7fb880043000-7fb8800a5000 r--s 0084f000 fc:01 781907                     /usr/lib/spark/jars/spark-catalyst_2.12-3.0.0-preview2.jar
7fb8800a5000-7fb8800a8000 r--s 0001e000 fc:01 782025                     /usr/lib/spark/jars/avro-ipc-1.8.2.jar
7fb8800a8000-7fb8800af000 r--s 00053000 fc:01 781895                     /usr/lib/spark/jars/commons-compress-1.8.1.jar
7fb8800af000-7fb8800b2000 r--s 0009c000 fc:01 782008                     /usr/lib/spark/jars/lz4-java-1.7.0.jar
7fb8800b2000-7fb8800b5000 r--s 00025000 fc:01 782050                     /usr/lib/spark/jars/commons-dbcp-1.4.jar
7fb8800b5000-7fb8800b7000 r--s 00018000 fc:01 781956                     /usr/lib/spark/jars/arrow-memory-0.15.1.jar
7fb8800b7000-7fb8800bb000 r--s 00028000 fc:01 781916                     /usr/lib/spark/jars/jetty-util-6.1.26.jar
7fb8800bb000-7fb8800c0000 r--s 00038000 fc:01 782068                     /usr/lib/spark/jars/commons-beanutils-1.9.4.jar
7fb8800c0000-7fb8800d4000 r--s 000ec000 fc:01 782019                     /usr/lib/spark/jars/parquet-jackson-1.10.1.jar
7fb8800d4000-7fb8800e2000 r--s 000a3000 fc:01 781984                     /usr/lib/spark/jars/parquet-format-2.4.0.jar
7fb8800e2000-7fb8800e5000 r--s 00016000 fc:01 782027                     /usr/lib/spark/jars/jsp-api-2.1.jar
7fb8800e5000-7fb8800e6000 r--s 00009000 fc:01 781962                     /usr/lib/spark/jars/hive-vector-code-gen-2.3.6.jar
7fb8800e6000-7fb8800e8000 r--s 0000f000 fc:01 781882                     /usr/lib/spark/jars/activation-1.1.1.jar
7fb8800e8000-7fb8800e9000 r--s 00003000 fc:01 781924                     /usr/lib/spark/jars/dropwizard-metrics-hadoop-metrics2-reporter-0.1.2.jar
7fb8800e9000-7fb8800eb000 r--s 00009000 fc:01 781866                     /usr/lib/spark/jars/jakarta.activation-api-1.2.1.jar
7fb8800eb000-7fb8800ef000 r--s 00019000 fc:01 781998                     /usr/lib/spark/jars/jakarta.xml.bind-api-2.3.2.jar
7fb8800ef000-7fb880104000 r--s 000e3000 fc:01 781920                     /usr/lib/spark/jars/jaxb-runtime-2.3.2.jar
7fb880104000-7fb880107000 r--s 00006000 fc:01 781831                     /usr/lib/spark/jars/jsr305-3.0.0.jar
7fb880107000-7fb88010c000 r--s 0002c000 fc:01 781960                     /usr/lib/spark/jars/hk2-api-2.6.1.jar
7fb88010c000-7fb880117000 r--s 000c5000 fc:01 782022                     /usr/lib/spark/jars/parquet-encoding-1.10.1.jar
7fb880117000-7fb880124000 r--s 000af000 fc:01 781827                     /usr/lib/spark/jars/httpclient-4.5.6.jar
7fb880124000-7fb88012a000 r--s 00044000 fc:01 782003                     /usr/lib/spark/jars/snakeyaml-1.24.jar
7fb88012a000-7fb88012c000 r--s 00003000 fc:01 781853                     /usr/lib/spark/jars/metrics-json-4.1.1.jar
7fb88012c000-7fb880142000 r--s 00124000 fc:01 781971                     /usr/lib/spark/jars/ivy-2.4.0.jar
7fb880142000-7fb880143000 r--s 00001000 fc:01 781937                     /usr/lib/spark/jars/minlog-1.3.0.jar
7fb880143000-7fb880144000 r--s 00003000 fc:01 781983                     /usr/lib/spark/jars/spark-graph-api_2.12-3.0.0-preview2.jar
7fb880144000-7fb880149000 r--s 00012000 fc:01 781957                     /usr/lib/spark/jars/jakarta.validation-api-2.0.2.jar
7fb880149000-7fb88014c000 r--s 00015000 fc:01 782023                     /usr/lib/spark/jars/commons-pool-1.5.4.jar
7fb88014c000-7fb88014e000 r--s 00005000 fc:01 781923                     /usr/lib/spark/jars/json-1.8.jar
7fb88014e000-7fb88014f000 r--s 00000000 fc:01 781900                     /usr/lib/spark/jars/kubernetes-model-common-4.6.4.jar
7fb88014f000-7fb88015e000 r--s 0009f000 fc:01 781934                     /usr/lib/spark/jars/guice-3.0.jar
7fb88015e000-7fb880160000 r--s 00009000 fc:01 781972                     /usr/lib/spark/jars/hadoop-annotations-2.7.4.jar
7fb880160000-7fb880168000 r--s 00059000 fc:01 781859                     /usr/lib/spark/jars/javolution-5.5.1.jar
7fb880168000-7fb88016c000 r--s 0003e000 fc:01 782041                     /usr/lib/spark/jars/jline-2.14.6.jar
7fb88016c000-7fb88016e000 r--s 00002000 fc:01 781845                     /usr/lib/spark/jars/hive-shims-scheduler-2.3.6.jar
7fb88016e000-7fb880176000 r--s 00058000 fc:01 781863                     /usr/lib/spark/jars/velocity-1.5.jar
7fb880176000-7fb880178000 r--s 00004000 fc:01 782016                     /usr/lib/spark/jars/metrics-graphite-4.1.1.jar
7fb880178000-7fb88017e000 r--s 00045000 fc:01 782069                     /usr/lib/spark/jars/commons-httpclient-3.1.jar
7fb88017e000-7fb880180000 r--s 0000c000 fc:01 781825                     /usr/lib/spark/jars/hive-shims-0.23-2.3.6.jar
7fb880180000-7fb880181000 r--s 00007000 fc:01 781909                     /usr/lib/spark/jars/jersey-container-servlet-2.29.1.jar
7fb880181000-7fb880183000 r--s 00017000 fc:01 781852                     /usr/lib/spark/jars/pyrolite-4.30.jar
7fb880183000-7fb880185000 r--s 00007000 fc:01 781941                     /usr/lib/spark/jars/jackson-module-jaxb-annotations-2.10.0.jar
7fb880185000-7fb880187000 r--s 00013000 fc:01 781848                     /usr/lib/spark/jars/json4s-ast_2.12-3.6.6.jar
7fb880187000-7fb88018a000 r--s 0001f000 fc:01 781952                     /usr/lib/spark/jars/HikariCP-2.5.1.jar
7fb88018a000-7fb88018c000 r--s 00011000 fc:01 782063                     /usr/lib/spark/jars/spark-launcher_2.12-3.0.0-preview2.jar
7fb88018c000-7fb8801a4000 r--s 00183000 fc:01 781927                     /usr/lib/spark/jars/hadoop-yarn-common-2.7.4.jar
7fb8801a4000-7fb8801a6000 r--s 00007000 fc:01 781869                     /usr/lib/spark/jars/paranamer-2.8.jar
7fb8801a6000-7fb8801e5000 r--s 00642000 fc:01 781879                     /usr/lib/spark/jars/spark-sql_2.12-3.0.0-preview2.jar
7fb8801e5000-7fb8801ec000 r--s 0007d000 fc:01 781921                     /usr/lib/spark/jars/jetty-6.1.26.jar
7fb8801ec000-7fb8801ee000 r--s 00005000 fc:01 781964                     /usr/lib/spark/jars/aopalliance-repackaged-2.6.1.jar
7fb8801ee000-7fb8801ef000 r--s 00002000 fc:01 781989                     /usr/lib/spark/jars/slf4j-log4j12-1.7.16.jar
7fb8801ef000-7fb8801f1000 r--s 00005000 fc:01 781847                     /usr/lib/spark/jars/stax-api-1.0.1.jar
7fb8801f1000-7fb8801f2000 r--s 00003000 fc:01 781886                     /usr/lib/spark/jars/xmlenc-0.52.jar
7fb8801f2000-7fb8802bb000 r--s 00fe5000 fc:01 781826                     /usr/lib/spark/jars/okapi-shade-0.4.2.jar
7fb8802bb000-7fb8802ec000 rw-p 00000000 00:00 0 
7fb8802ec000-7fb880303000 r-xp 00000000 fc:01 794385                     /usr/lib/jvm/java-8-openjdk-amd64/jre/lib/amd64/libnet.so
7fb880303000-7fb880502000 ---p 00017000 fc:01 794385                     /usr/lib/jvm/java-8-openjdk-amd64/jre/lib/amd64/libnet.so
7fb880502000-7fb880503000 r--p 00016000 fc:01 794385                     /usr/lib/jvm/java-8-openjdk-amd64/jre/lib/amd64/libnet.so
7fb880503000-7fb880504000 rw-p 00017000 fc:01 794385                     /usr/lib/jvm/java-8-openjdk-amd64/jre/lib/amd64/libnet.so
7fb880504000-7fb880516000 r-xp 00000000 fc:01 794386                     /usr/lib/jvm/java-8-openjdk-amd64/jre/lib/amd64/libnio.so
7fb880516000-7fb880715000 ---p 00012000 fc:01 794386                     /usr/lib/jvm/java-8-openjdk-amd64/jre/lib/amd64/libnio.so
7fb880715000-7fb880716000 r--p 00011000 fc:01 794386                     /usr/lib/jvm/java-8-openjdk-amd64/jre/lib/amd64/libnio.so
7fb880716000-7fb880717000 rw-p 00012000 fc:01 794386                     /usr/lib/jvm/java-8-openjdk-amd64/jre/lib/amd64/libnio.so
7fb880717000-7fb880773000 r--s 008d1000 fc:01 781867                     /usr/lib/spark/jars/spark-core_2.12-3.0.0-preview2.jar
7fb880773000-7fb8807ae000 r--s 00544000 fc:01 781902                     /usr/lib/spark/jars/spark-mllib_2.12-3.0.0-preview2.jar
7fb8807ae000-7fb8807af000 r--s 00003000 fc:01 782048                     /usr/lib/spark/jars/spark-cypher_2.12-3.0.0-preview2.jar
7fb8807af000-7fb8807b1000 r--s 00006000 fc:01 781898                     /usr/lib/spark/jars/spark-sketch_2.12-3.0.0-preview2.jar
7fb8807b1000-7fb8807b5000 r--s 0002a000 fc:01 781959                     /usr/lib/spark/jars/commons-io-2.4.jar
7fb8807b5000-7fb8807b6000 r--s 00003000 fc:01 781912                     /usr/lib/spark/jars/jta-1.1.jar
7fb8807b6000-7fb8807c3000 r--s 000d2000 fc:01 781862                     /usr/lib/spark/jars/zookeeper-3.4.14.jar
7fb8807c3000-7fb8807c6000 r--s 000fd000 fc:01 782042                     /usr/lib/spark/jars/leveldbjni-all-1.8.jar
7fb8807c6000-7fb8807c7000 r--s 00004000 fc:01 781864                     /usr/lib/spark/jars/jetty-sslengine-6.1.26.jar
7fb8807c7000-7fb8807ce000 r--s 0004c000 fc:01 782057                     /usr/lib/spark/jars/antlr4-runtime-4.7.1.jar
7fb8807ce000-7fb8807cf000 r--s 00008000 fc:01 781975                     /usr/lib/spark/jars/spire-util_2.12-0.17.0-M1.jar
7fb8807cf000-7fb8807e7000 r--s 00103000 fc:01 781932                     /usr/lib/spark/jars/jersey-common-2.29.1.jar
7fb8807e7000-7fb8807eb000 r--s 00033000 fc:01 781868                     /usr/lib/spark/jars/scala-parser-combinators_2.12-1.1.2.jar
7fb8807eb000-7fb8807f4000 r--s 00073000 fc:01 782044                     /usr/lib/spark/jars/commons-lang3-3.9.jar
7fb8807f4000-7fb8807f5000 r--s 00004000 fc:01 782013                     /usr/lib/spark/jars/opencsv-2.3.jar
7fb8807f5000-7fb8807f7000 r--s 00402000 fc:01 781840                     /usr/lib/spark/jars/zstd-jni-1.4.4-3.jar
7fb8807f7000-7fb8807fa000 r--s 0002a000 fc:01 782060                     /usr/lib/spark/jars/hive-beeline-2.3.6.jar
7fb8807fa000-7fb880810000 r--s 001bc000 fc:01 782059                     /usr/lib/spark/jars/datanucleus-rdbms-4.1.19.jar
7fb880810000-7fb880811000 r--s 00000000 fc:01 781938                     /usr/lib/spark/jars/shims-0.7.45.jar
7fb880811000-7fb880815000 r--s 0001d000 fc:01 781926                     /usr/lib/spark/jars/hk2-utils-2.6.1.jar
7fb880815000-7fb880816000 r--s 00006000 fc:01 781942                     /usr/lib/spark/jars/jackson-xc-1.9.13.jar
7fb880816000-7fb88081a000 r--s 0002e000 fc:01 781911                     /usr/lib/spark/jars/hk2-locator-2.6.1.jar
7fb88081a000-7fb88081b000 r--s 00003000 fc:01 781850                     /usr/lib/spark/jars/spark-graph_2.12-3.0.0-preview2.jar
7fb88081b000-7fb88081c000 r--s 00006000 fc:01 781914                     /usr/lib/spark/jars/hadoop-client-2.7.4.jar
7fb88081c000-7fb880829000 r--s 000b1000 fc:01 781922                     /usr/lib/spark/jars/hadoop-mapreduce-client-common-2.7.4.jar
7fb880829000-7fb88082c000 r--s 00019000 fc:01 781891                     /usr/lib/spark/jars/scala-collection-compat_2.12-2.1.1.jar
7fb88082c000-7fb88082e000 r--s 00009000 fc:01 781876                     /usr/lib/spark/jars/jackson-module-paranamer-2.10.0.jar
7fb88082e000-7fb880831000 r--s 00015000 fc:01 781948                     /usr/lib/spark/jars/hadoop-auth-2.7.4.jar
7fb880831000-7fb880832000 r--s 0000b000 fc:01 782009                     /usr/lib/spark/jars/orc-mapreduce-1.5.8.jar
7fb880832000-7fb880833000 r--s 00004000 fc:01 781949                     /usr/lib/spark/jars/flatbuffers-java-1.9.0.jar
7fb880833000-7fb880840000 r--s 000a1000 fc:01 781897                     /usr/lib/spark/jars/kubernetes-client-4.6.4.jar
7fb880840000-7fb880849000 r--s 0006f000 fc:01 781858                     /usr/lib/spark/jars/log4j-1.2.17.jar
7fb880849000-7fb88084b000 r--s 0000e000 fc:01 782018                     /usr/lib/spark/jars/arrow-format-0.15.1.jar
7fb88084b000-7fb8808e7000 r--s 009b9000 fc:01 781854                     /usr/lib/spark/jars/hive-exec-2.3.6-core.jar
7fb8808e7000-7fb8808ef000 r--s 0007b000 fc:01 781893                     /usr/lib/spark/jars/protobuf-java-2.5.0.jar
7fb8808ef000-7fb8808ff000 r--s 0008d000 fc:01 781875                     /usr/lib/spark/jars/joda-time-2.10.5.jar
7fb8808ff000-7fb880902000 r--s 00013000 fc:01 782045                     /usr/lib/spark/jars/spark-network-shuffle_2.12-3.0.0-preview2.jar
7fb880902000-7fb88090e000 r--s 00112000 fc:01 781928                     /usr/lib/spark/jars/algebra_2.12-2.0.0-M2.jar
7fb88090e000-7fb880910000 r--s 00002000 fc:01 781943                     /usr/lib/spark/jars/logging-interceptor-3.12.6.jar
7fb880910000-7fb880922000 r--s 00112000 fc:01 782052                     /usr/lib/spark/jars/arpack_combined_all-0.1.jar
7fb880922000-7fb880926000 r--s 0001f000 fc:01 782026                     /usr/lib/spark/jars/jakarta.ws.rs-api-2.1.6.jar
7fb880926000-7fb880928000 r--s 00005000 fc:01 781973                     /usr/lib/spark/jars/istack-commons-runtime-3.0.8.jar
7fb880928000-7fb880929000 r--s 0000a000 fc:01 781963                     /usr/lib/spark/jars/hive-cli-2.3.6.jar
7fb880929000-7fb880945000 r--s 001d6000 fc:01 781936                     /usr/lib/spark/jars/hadoop-yarn-api-2.7.4.jar
7fb880945000-7fb880949000 r--s 0001a000 fc:01 782054                     /usr/lib/spark/jars/hive-shims-common-2.3.6.jar
7fb880949000-7fb88094c000 r--s 0002d000 fc:01 782011                     /usr/lib/spark/jars/chill_2.12-0.9.3.jar
7fb88094c000-7fb88095a000 r--s 000b1000 fc:01 781966                     /usr/lib/spark/jars/jackson-mapper-asl-1.9.13.jar
7fb88095a000-7fb8809c4000 r--s 0078d000 fc:01 781970                     /usr/lib/spark/jars/hadoop-hdfs-2.7.4.jar
7fb8809c4000-7fb8809c5000 r--s 00004000 fc:01 781870                     /usr/lib/spark/jars/jackson-jaxrs-1.9.13.jar
7fb8809c5000-7fb8809c8000 r--s 00019000 fc:01 782001                     /usr/lib/spark/jars/bonecp-0.8.0.RELEASE.jar
7fb8809c8000-7fb8809cc000 r--s 00052000 fc:01 781856                     /usr/lib/spark/jars/json4s-scalap_2.12-3.6.6.jar
7fb8809cc000-7fb8809ef000 r--s 001d9000 fc:01 781844                     /usr/lib/spark/jars/spark-hive-thriftserver_2.12-3.0.0-preview2.jar
7fb8809ef000-7fb8809f4000 r--s 00041000 fc:01 781931                     /usr/lib/spark/jars/parquet-hadoop-1.10.1.jar
7fb8809f4000-7fb880a0f000 r--s 00394000 fc:01 794407                     /usr/lib/jvm/java-8-openjdk-amd64/jre/lib/ext/cldrdata.jar
7fb880a0f000-7fb880a10000 ---p 00000000 00:00 0 
7fb880a10000-7fb880b10000 rw-p 00000000 00:00 0 
7fb880b10000-7fb880b13000 ---p 00000000 00:00 0 
7fb880b13000-7fb880c11000 rw-p 00000000 00:00 0 
7fb880c11000-7fb880c12000 ---p 00000000 00:00 0 
7fb880c12000-7fb880c15000 ---p 00000000 00:00 0 
7fb880c15000-7fb880d12000 rw-p 00000000 00:00 0 
7fb880d12000-7fb880d13000 ---p 00000000 00:00 0 
7fb880d13000-7fb880d16000 ---p 00000000 00:00 0 
7fb880d16000-7fb880e13000 rw-p 00000000 00:00 0 
7fb880e13000-7fb880e16000 ---p 00000000 00:00 0 
7fb880e16000-7fb880f14000 rw-p 00000000 00:00 0 
7fb880f14000-7fb881087000 r--p 00000000 fc:01 7803                       /usr/lib/locale/C.UTF-8/LC_COLLATE
7fb881087000-7fb881222000 r--p 00000000 fc:01 7798                       /usr/lib/locale/locale-archive
7fb881222000-7fb881225000 ---p 00000000 00:00 0 
7fb881225000-7fb881323000 rw-p 00000000 00:00 0 
7fb881323000-7fb881326000 ---p 00000000 00:00 0 
7fb881326000-7fb881424000 rw-p 00000000 00:00 0 
7fb881424000-7fb881425000 ---p 00000000 00:00 0 
7fb881425000-7fb881e2e000 rw-p 00000000 00:00 0 
7fb881e2e000-7fb882000000 r--s 03ca5000 fc:01 794436                     /usr/lib/jvm/java-8-openjdk-amd64/jre/lib/rt.jar
7fb882000000-7fb884000000 rw-p 00000000 00:00 0 
7fb884000000-7fb8840a9000 rw-p 00000000 00:00 0 
7fb8840a9000-7fb888000000 ---p 00000000 00:00 0 
7fb888000000-7fb888001000 r--s 00000000 fc:01 782005                     /usr/lib/spark/jars/macro-compat_2.12-1.1.1.jar
7fb888001000-7fb88800b000 r--s 000ab000 fc:01 781846                     /usr/lib/spark/jars/javassist-3.22.0-CR2.jar
7fb88800b000-7fb88800f000 r--s 00035000 fc:01 781929                     /usr/lib/spark/jars/jackson-core-asl-1.9.13.jar
7fb88800f000-7fb888011000 r--s 00010000 fc:01 781987                     /usr/lib/spark/jars/hadoop-mapreduce-client-shuffle-2.7.4.jar
7fb888011000-7fb888013000 r--s 00000000 fc:01 781910                     /usr/lib/spark/jars/aopalliance-1.0.jar
7fb888013000-7fb888019000 r--s 0003d000 fc:01 794414                     /usr/lib/jvm/java-8-openjdk-amd64/jre/lib/ext/sunjce_provider.jar
7fb888019000-7fb888034000 r--s 001d6000 fc:01 794412                     /usr/lib/jvm/java-8-openjdk-amd64/jre/lib/ext/nashorn.jar
7fb888034000-7fb888065000 r--p 00000000 fc:01 7804                       /usr/lib/locale/C.UTF-8/LC_CTYPE
7fb888065000-7fb888aa7000 rw-p 00000000 00:00 0 
7fb888aa7000-7fb888aa8000 ---p 00000000 00:00 0 
7fb888aa8000-7fb888ba8000 rw-p 00000000 00:00 0 
7fb888ba8000-7fb888ba9000 ---p 00000000 00:00 0 
7fb888ba9000-7fb888d00000 rw-p 00000000 00:00 0 
7fb888d00000-7fb888dff000 ---p 00000000 00:00 0 
7fb888dff000-7fb888e56000 rw-p 00000000 00:00 0 
7fb888e56000-7fb888f54000 ---p 00000000 00:00 0 
7fb888f54000-7fb888fff000 rw-p 00000000 00:00 0 
7fb888fff000-7fb889000000 rw-p 00000000 00:00 0 
7fb889000000-7fb88a6a0000 rwxp 00000000 00:00 0 
7fb88a6b0000-7fb898000000 ---p 00000000 00:00 0 
7fb898000000-7fb89ab67000 rw-p 00000000 00:00 0 
7fb89ab67000-7fb89c000000 ---p 00000000 00:00 0 
7fb89c000000-7fb89c002000 r--s 00001000 fc:01 794408                     /usr/lib/jvm/java-8-openjdk-amd64/jre/lib/ext/dnsns.jar
7fb89c002000-7fb89c003000 r--s 0000d000 fc:01 794413                     /usr/lib/jvm/java-8-openjdk-amd64/jre/lib/ext/sunec.jar
7fb89c003000-7fb89c006000 r--s 0000f000 fc:01 794409                     /usr/lib/jvm/java-8-openjdk-amd64/jre/lib/ext/icedtea-sound.jar
7fb89c006000-7fb89c008000 r--s 00007000 fc:01 11464                      /usr/share/java/java-atk-wrapper.jar
7fb89c008000-7fb89c009000 r--s 00010000 fc:01 794416                     /usr/lib/jvm/java-8-openjdk-amd64/jre/lib/ext/zipfs.jar
7fb89c009000-7fb89c00a000 r--s 0000a000 fc:01 794410                     /usr/lib/jvm/java-8-openjdk-amd64/jre/lib/ext/jaccess.jar
7fb89c00a000-7fb89c014000 r--s 00116000 fc:01 794411                     /usr/lib/jvm/java-8-openjdk-amd64/jre/lib/ext/localedata.jar
7fb89c014000-7fb89c018000 r--s 0003a000 fc:01 794415                     /usr/lib/jvm/java-8-openjdk-amd64/jre/lib/ext/sunpkcs11.jar
7fb89c018000-7fb89c019000 r--p 00000000 fc:01 7809                       /usr/lib/locale/C.UTF-8/LC_NUMERIC
7fb89c019000-7fb89c01a000 r--p 00000000 fc:01 7812                       /usr/lib/locale/C.UTF-8/LC_TIME
7fb89c01a000-7fb89c01b000 r--p 00000000 fc:01 7807                       /usr/lib/locale/C.UTF-8/LC_MONETARY
7fb89c01b000-7fb89c01c000 r--p 00000000 fc:01 7801                       /usr/lib/locale/C.UTF-8/LC_MESSAGES/SYS_LC_MESSAGES
7fb89c01c000-7fb89c01d000 r--p 00000000 fc:01 7810                       /usr/lib/locale/C.UTF-8/LC_PAPER
7fb89c01d000-7fb89c10f000 rw-p 00000000 00:00 0 
7fb89c10f000-7fb89c474000 ---p 00000000 00:00 0 
7fb89c474000-7fb89c47c000 r-xp 00000000 fc:01 794393                     /usr/lib/jvm/java-8-openjdk-amd64/jre/lib/amd64/libzip.so
7fb89c47c000-7fb89c67b000 ---p 00008000 fc:01 794393                     /usr/lib/jvm/java-8-openjdk-amd64/jre/lib/amd64/libzip.so
7fb89c67b000-7fb89c67c000 r--p 00007000 fc:01 794393                     /usr/lib/jvm/java-8-openjdk-amd64/jre/lib/amd64/libzip.so
7fb89c67c000-7fb89c67d000 rw-p 00008000 fc:01 794393                     /usr/lib/jvm/java-8-openjdk-amd64/jre/lib/amd64/libzip.so
7fb89c67d000-7fb89c688000 r-xp 00000000 fc:01 2094                       /lib/x86_64-linux-gnu/libnss_files-2.27.so
7fb89c688000-7fb89c887000 ---p 0000b000 fc:01 2094                       /lib/x86_64-linux-gnu/libnss_files-2.27.so
7fb89c887000-7fb89c888000 r--p 0000a000 fc:01 2094                       /lib/x86_64-linux-gnu/libnss_files-2.27.so
7fb89c888000-7fb89c889000 rw-p 0000b000 fc:01 2094                       /lib/x86_64-linux-gnu/libnss_files-2.27.so
7fb89c889000-7fb89c88f000 rw-p 00000000 00:00 0 
7fb89c88f000-7fb89c8a6000 r-xp 00000000 fc:01 2091                       /lib/x86_64-linux-gnu/libnsl-2.27.so
7fb89c8a6000-7fb89caa5000 ---p 00017000 fc:01 2091                       /lib/x86_64-linux-gnu/libnsl-2.27.so
7fb89caa5000-7fb89caa6000 r--p 00016000 fc:01 2091                       /lib/x86_64-linux-gnu/libnsl-2.27.so
7fb89caa6000-7fb89caa7000 rw-p 00017000 fc:01 2091                       /lib/x86_64-linux-gnu/libnsl-2.27.so
7fb89caa7000-7fb89caa9000 rw-p 00000000 00:00 0 
7fb89caa9000-7fb89cab4000 r-xp 00000000 fc:01 2096                       /lib/x86_64-linux-gnu/libnss_nis-2.27.so
7fb89cab4000-7fb89ccb3000 ---p 0000b000 fc:01 2096                       /lib/x86_64-linux-gnu/libnss_nis-2.27.so
7fb89ccb3000-7fb89ccb4000 r--p 0000a000 fc:01 2096                       /lib/x86_64-linux-gnu/libnss_nis-2.27.so
7fb89ccb4000-7fb89ccb5000 rw-p 0000b000 fc:01 2096                       /lib/x86_64-linux-gnu/libnss_nis-2.27.so
7fb89ccb5000-7fb89ccbd000 r-xp 00000000 fc:01 2092                       /lib/x86_64-linux-gnu/libnss_compat-2.27.so
7fb89ccbd000-7fb89cebd000 ---p 00008000 fc:01 2092                       /lib/x86_64-linux-gnu/libnss_compat-2.27.so
7fb89cebd000-7fb89cebe000 r--p 00008000 fc:01 2092                       /lib/x86_64-linux-gnu/libnss_compat-2.27.so
7fb89cebe000-7fb89cebf000 rw-p 00009000 fc:01 2092                       /lib/x86_64-linux-gnu/libnss_compat-2.27.so
7fb89cebf000-7fb89cee9000 r-xp 00000000 fc:01 794374                     /usr/lib/jvm/java-8-openjdk-amd64/jre/lib/amd64/libjava.so
7fb89cee9000-7fb89d0e8000 ---p 0002a000 fc:01 794374                     /usr/lib/jvm/java-8-openjdk-amd64/jre/lib/amd64/libjava.so
7fb89d0e8000-7fb89d0e9000 r--p 00029000 fc:01 794374                     /usr/lib/jvm/java-8-openjdk-amd64/jre/lib/amd64/libjava.so
7fb89d0e9000-7fb89d0eb000 rw-p 0002a000 fc:01 794374                     /usr/lib/jvm/java-8-openjdk-amd64/jre/lib/amd64/libjava.so
7fb89d0eb000-7fb89d0fb000 r-xp 00000000 fc:01 794392                     /usr/lib/jvm/java-8-openjdk-amd64/jre/lib/amd64/libverify.so
7fb89d0fb000-7fb89d2fa000 ---p 00010000 fc:01 794392                     /usr/lib/jvm/java-8-openjdk-amd64/jre/lib/amd64/libverify.so
7fb89d2fa000-7fb89d2fc000 r--p 0000f000 fc:01 794392                     /usr/lib/jvm/java-8-openjdk-amd64/jre/lib/amd64/libverify.so
7fb89d2fc000-7fb89d2fd000 rw-p 00011000 fc:01 794392                     /usr/lib/jvm/java-8-openjdk-amd64/jre/lib/amd64/libverify.so
7fb89d2fd000-7fb89d304000 r-xp 00000000 fc:01 2181                       /lib/x86_64-linux-gnu/librt-2.27.so
7fb89d304000-7fb89d503000 ---p 00007000 fc:01 2181                       /lib/x86_64-linux-gnu/librt-2.27.so
7fb89d503000-7fb89d504000 r--p 00006000 fc:01 2181                       /lib/x86_64-linux-gnu/librt-2.27.so
7fb89d504000-7fb89d505000 rw-p 00007000 fc:01 2181                       /lib/x86_64-linux-gnu/librt-2.27.so
7fb89d505000-7fb89d51c000 r-xp 00000000 fc:01 2168                       /lib/x86_64-linux-gnu/libgcc_s.so.1
7fb89d51c000-7fb89d71b000 ---p 00017000 fc:01 2168                       /lib/x86_64-linux-gnu/libgcc_s.so.1
7fb89d71b000-7fb89d71c000 r--p 00016000 fc:01 2168                       /lib/x86_64-linux-gnu/libgcc_s.so.1
7fb89d71c000-7fb89d71d000 rw-p 00017000 fc:01 2168                       /lib/x86_64-linux-gnu/libgcc_s.so.1
7fb89d71d000-7fb89d8ba000 r-xp 00000000 fc:01 2088                       /lib/x86_64-linux-gnu/libm-2.27.so
7fb89d8ba000-7fb89dab9000 ---p 0019d000 fc:01 2088                       /lib/x86_64-linux-gnu/libm-2.27.so
7fb89dab9000-7fb89daba000 r--p 0019c000 fc:01 2088                       /lib/x86_64-linux-gnu/libm-2.27.so
7fb89daba000-7fb89dabb000 rw-p 0019d000 fc:01 2088                       /lib/x86_64-linux-gnu/libm-2.27.so
7fb89dabb000-7fb89dc34000 r-xp 00000000 fc:01 92                         /usr/lib/x86_64-linux-gnu/libstdc++.so.6.0.25
7fb89dc34000-7fb89de34000 ---p 00179000 fc:01 92                         /usr/lib/x86_64-linux-gnu/libstdc++.so.6.0.25
7fb89de34000-7fb89de3e000 r--p 00179000 fc:01 92                         /usr/lib/x86_64-linux-gnu/libstdc++.so.6.0.25
7fb89de3e000-7fb89de40000 rw-p 00183000 fc:01 92                         /usr/lib/x86_64-linux-gnu/libstdc++.so.6.0.25
7fb89de40000-7fb89de44000 rw-p 00000000 00:00 0 
7fb89de44000-7fb89eae8000 r-xp 00000000 fc:01 794396                     /usr/lib/jvm/java-8-openjdk-amd64/jre/lib/amd64/server/libjvm.so
7fb89eae8000-7fb89ece8000 ---p 00ca4000 fc:01 794396                     /usr/lib/jvm/java-8-openjdk-amd64/jre/lib/amd64/server/libjvm.so
7fb89ece8000-7fb89ed7c000 r--p 00ca4000 fc:01 794396                     /usr/lib/jvm/java-8-openjdk-amd64/jre/lib/amd64/server/libjvm.so
7fb89ed7c000-7fb89eda5000 rw-p 00d38000 fc:01 794396                     /usr/lib/jvm/java-8-openjdk-amd64/jre/lib/amd64/server/libjvm.so
7fb89eda5000-7fb89edd5000 rw-p 00000000 00:00 0 
7fb89edd5000-7fb89edef000 r-xp 00000000 fc:01 2179                       /lib/x86_64-linux-gnu/libpthread-2.27.so
7fb89edef000-7fb89efee000 ---p 0001a000 fc:01 2179                       /lib/x86_64-linux-gnu/libpthread-2.27.so
7fb89efee000-7fb89efef000 r--p 00019000 fc:01 2179                       /lib/x86_64-linux-gnu/libpthread-2.27.so
7fb89efef000-7fb89eff0000 rw-p 0001a000 fc:01 2179                       /lib/x86_64-linux-gnu/libpthread-2.27.so
7fb89eff0000-7fb89eff4000 rw-p 00000000 00:00 0 
7fb89eff4000-7fb89eff7000 r-xp 00000000 fc:01 2087                       /lib/x86_64-linux-gnu/libdl-2.27.so
7fb89eff7000-7fb89f1f6000 ---p 00003000 fc:01 2087                       /lib/x86_64-linux-gnu/libdl-2.27.so
7fb89f1f6000-7fb89f1f7000 r--p 00002000 fc:01 2087                       /lib/x86_64-linux-gnu/libdl-2.27.so
7fb89f1f7000-7fb89f1f8000 rw-p 00003000 fc:01 2087                       /lib/x86_64-linux-gnu/libdl-2.27.so
7fb89f1f8000-7fb89f214000 r-xp 00000000 fc:01 2184                       /lib/x86_64-linux-gnu/libz.so.1.2.11
7fb89f214000-7fb89f413000 ---p 0001c000 fc:01 2184                       /lib/x86_64-linux-gnu/libz.so.1.2.11
7fb89f413000-7fb89f414000 r--p 0001b000 fc:01 2184                       /lib/x86_64-linux-gnu/libz.so.1.2.11
7fb89f414000-7fb89f415000 rw-p 0001c000 fc:01 2184                       /lib/x86_64-linux-gnu/libz.so.1.2.11
7fb89f415000-7fb89f5fc000 r-xp 00000000 fc:01 2084                       /lib/x86_64-linux-gnu/libc-2.27.so
7fb89f5fc000-7fb89f7fc000 ---p 001e7000 fc:01 2084                       /lib/x86_64-linux-gnu/libc-2.27.so
7fb89f7fc000-7fb89f800000 r--p 001e7000 fc:01 2084                       /lib/x86_64-linux-gnu/libc-2.27.so
7fb89f800000-7fb89f802000 rw-p 001eb000 fc:01 2084                       /lib/x86_64-linux-gnu/libc-2.27.so
7fb89f802000-7fb89f806000 rw-p 00000000 00:00 0 
7fb89f806000-7fb89f814000 r-xp 00000000 fc:01 794360                     /usr/lib/jvm/java-8-openjdk-amd64/jre/lib/amd64/jli/libjli.so
7fb89f814000-7fb89fa13000 ---p 0000e000 fc:01 794360                     /usr/lib/jvm/java-8-openjdk-amd64/jre/lib/amd64/jli/libjli.so
7fb89fa13000-7fb89fa14000 r--p 0000d000 fc:01 794360                     /usr/lib/jvm/java-8-openjdk-amd64/jre/lib/amd64/jli/libjli.so
7fb89fa14000-7fb89fa15000 rw-p 0000e000 fc:01 794360                     /usr/lib/jvm/java-8-openjdk-amd64/jre/lib/amd64/jli/libjli.so
7fb89fa15000-7fb89fa3c000 r-xp 00000000 fc:01 2080                       /lib/x86_64-linux-gnu/ld-2.27.so
7fb89fa3c000-7fb89fa3d000 r--p 00000000 fc:01 7808                       /usr/lib/locale/C.UTF-8/LC_NAME
7fb89fa3d000-7fb89fa3e000 r--p 00000000 fc:01 7802                       /usr/lib/locale/C.UTF-8/LC_ADDRESS
7fb89fa3e000-7fb89fa3f000 r--p 00000000 fc:01 7811                       /usr/lib/locale/C.UTF-8/LC_TELEPHONE
7fb89fa3f000-7fb89fa40000 r--p 00000000 fc:01 7806                       /usr/lib/locale/C.UTF-8/LC_MEASUREMENT
7fb89fa40000-7fb89fa47000 r--s 00000000 fc:01 5012                       /usr/lib/x86_64-linux-gnu/gconv/gconv-modules.cache
7fb89fa47000-7fb89fa48000 r--p 00000000 fc:01 7805                       /usr/lib/locale/C.UTF-8/LC_IDENTIFICATION
7fb89fa48000-7fb89fb2d000 rw-p 00000000 00:00 0 
7fb89fb2d000-7fb89fb2e000 ---p 00000000 00:00 0 
7fb89fb2e000-7fb89fb31000 ---p 00000000 00:00 0 
7fb89fb31000-7fb89fc30000 rw-p 00000000 00:00 0 
7fb89fc30000-7fb89fc38000 rw-s 00000000 fc:01 272808                     /tmp/hsperfdata_ubuntu/7229
7fb89fc38000-7fb89fc39000 rw-p 00000000 00:00 0 
7fb89fc39000-7fb89fc3a000 r--p 00000000 00:00 0 
7fb89fc3a000-7fb89fc3c000 rw-p 00000000 00:00 0 
7fb89fc3c000-7fb89fc3d000 r--p 00027000 fc:01 2080                       /lib/x86_64-linux-gnu/ld-2.27.so
7fb89fc3d000-7fb89fc3e000 rw-p 00028000 fc:01 2080                       /lib/x86_64-linux-gnu/ld-2.27.so
7fb89fc3e000-7fb89fc3f000 rw-p 00000000 00:00 0 
7ffd14124000-7ffd14145000 rw-p 00000000 00:00 0                          [stack]
7ffd141b5000-7ffd141b8000 r--p 00000000 00:00 0                          [vvar]
7ffd141b8000-7ffd141ba000 r-xp 00000000 00:00 0                          [vdso]
ffffffffff600000-ffffffffff601000 r-xp 00000000 00:00 0                  [vsyscall]

VM Arguments:
jvm_args: -Xmx1g 
java_command: org.apache.spark.deploy.SparkSubmit --conf spark.master=spark://192.168.2.35:7077 --conf spark.app.name=weak_scaling --conf spark.executor.cores=2 --conf spark.shuffle.service.enabled=False --conf spark.dynamicAllocation.enabled=False pyspark-shell
java_class_path (initial): /usr/lib/spark/conf/:/usr/lib/spark/jars/aopalliance-1.0.jar:/usr/lib/spark/jars/hadoop-mapreduce-client-shuffle-2.7.4.jar:/usr/lib/spark/jars/jackson-core-asl-1.9.13.jar:/usr/lib/spark/jars/javassist-3.22.0-CR2.jar:/usr/lib/spark/jars/parquet-hadoop-1.10.1.jar:/usr/lib/spark/jars/spark-hive-thriftserver_2.12-3.0.0-preview2.jar:/usr/lib/spark/jars/json4s-scalap_2.12-3.6.6.jar:/usr/lib/spark/jars/macro-compat_2.12-1.1.1.jar:/usr/lib/spark/jars/bonecp-0.8.0.RELEASE.jar:/usr/lib/spark/jars/jackson-jaxrs-1.9.13.jar:/usr/lib/spark/jars/hadoop-hdfs-2.7.4.jar:/usr/lib/spark/jars/jackson-mapper-asl-1.9.13.jar:/usr/lib/spark/jars/chill_2.12-0.9.3.jar:/usr/lib/spark/jars/hive-shims-common-2.3.6.jar:/usr/lib/spark/jars/hadoop-yarn-api-2.7.4.jar:/usr/lib/spark/jars/hive-cli-2.3.6.jar:/usr/lib/spark/jars/istack-commons-runtime-3.0.8.jar:/usr/lib/spark/jars/jakarta.ws.rs-api-2.1.6.jar:/usr/lib/spark/jars/arpack_combined_all-0.1.jar:/usr/lib/spark/jars/logging-interceptor-3.12.6.jar:/usr/lib/spark/jars/algebra_2.12-2.0.0-M2.jar:/usr/lib/spark/jars/spark-network-shuffle_2.12-3.0.0-preview2.jar:/usr/lib/spark/jars/joda-time-2.10.5.jar:/usr/lib/spark/jars/protobuf-java-2.5.0.jar:/usr/lib/spark/jars/hive-exec-2.3.6-core.jar:/usr/lib/spark/jars/arrow-format-0.15.1.jar:/usr/lib/spark/jars/log4j-1.2.17.jar:/usr/lib/spark/jars/kubernetes-client-4.6.4.jar:/usr/lib/spark/jars/flatbuffers-java-1.9.0.jar:/usr/lib/spark/jars/orc-mapreduce-1.5.8.jar:/usr/lib/spark/jars/hadoop-auth-2.7.4.jar:/usr/lib/spark/jars/jackson-module-paranamer-2.10.0.jar:/usr/lib/spark/jars/scala-collection-compat_2.12-2.1.1.jar:/usr/lib/spark/jars/hadoop-mapreduce-client-common-2.7.4.jar:/usr/lib/spark/jars/hadoop-client-2.7.4.jar:/usr/lib/spark/jars/spark-graph_2.12-3.0.0-preview2.jar:/usr/lib/spark/jars/hk2-locator-2.6.1.jar:/usr/lib/spark/jars/jackson-xc-1.9.13.jar:/usr/lib/spark/jars/hk2-utils-2.6.1.jar:/usr/lib/spark/jars/shims-0.7.45.jar:/usr/lib/spark/jars/datanucleus-rdbms-4.1.19.ja
Launcher Type: SUN_STANDARD

Environment Variables:
JAVA_HOME=/usr/lib/jvm/java-8-openjdk-amd64
PATH=/usr/bin:/home/ubuntu/.local/bin:/usr/local/sbin:/usr/local/bin:/usr/sbin:/usr/bin:/sbin:/bin:/usr/games:/usr/local/games:/snap/bin:/usr/lib/spark/bin:/usr/lib/spark/sbin:/usr/lib/spark/python
SHELL=/bin/bash

Signal Handlers:
SIGSEGV: [libjvm.so+0xabd470], sa_mask[0]=11111111011111111101111111111110, sa_flags=SA_RESTART|SA_SIGINFO
SIGBUS: [libjvm.so+0xabd470], sa_mask[0]=11111111011111111101111111111110, sa_flags=SA_RESTART|SA_SIGINFO
SIGFPE: [libjvm.so+0x8f1c90], sa_mask[0]=11111111011111111101111111111110, sa_flags=SA_RESTART|SA_SIGINFO
SIGPIPE: [libjvm.so+0x8f1c90], sa_mask[0]=11111111011111111101111111111110, sa_flags=SA_RESTART|SA_SIGINFO
SIGXFSZ: [libjvm.so+0x8f1c90], sa_mask[0]=11111111011111111101111111111110, sa_flags=SA_RESTART|SA_SIGINFO
SIGILL: [libjvm.so+0x8f1c90], sa_mask[0]=11111111011111111101111111111110, sa_flags=SA_RESTART|SA_SIGINFO
SIGUSR1: SIG_DFL, sa_mask[0]=00000000000000000000000000000000, sa_flags=none
SIGUSR2: [libjvm.so+0x8f1b40], sa_mask[0]=00000000000000000000000000000000, sa_flags=SA_RESTART|SA_SIGINFO
SIGHUP: [libjvm.so+0x8f21b0], sa_mask[0]=11111111011111111101111111111110, sa_flags=SA_RESTART|SA_SIGINFO
SIGINT: SIG_IGN, sa_mask[0]=00000000000000000000000000000000, sa_flags=none
SIGTERM: [libjvm.so+0x8f21b0], sa_mask[0]=11111111011111111101111111111110, sa_flags=SA_RESTART|SA_SIGINFO
SIGQUIT: [libjvm.so+0x8f21b0], sa_mask[0]=11111111011111111101111111111110, sa_flags=SA_RESTART|SA_SIGINFO


---------------  S Y S T E M  ---------------

OS:DISTRIB_ID=Ubuntu
DISTRIB_RELEASE=18.04
DISTRIB_CODENAME=bionic
DISTRIB_DESCRIPTION="Ubuntu 18.04.4 LTS"

uname:Linux 4.15.0-88-generic #88-Ubuntu SMP Tue Feb 11 20:11:34 UTC 2020 x86_64
libc:glibc 2.27 NPTL 2.27 
rlimit: STACK 8192k, CORE 0k, NPROC 15678, NOFILE 1048576, AS infinity
load average:6.34 4.37 2.74

/proc/meminfo:
MemTotal:        4039172 kB
MemFree:           87712 kB
MemAvailable:          0 kB
Buffers:             680 kB
Cached:             6252 kB
SwapCached:            0 kB
Active:          3798132 kB
Inactive:           3588 kB
Active(anon):    3795468 kB
Inactive(anon):      284 kB
Active(file):       2664 kB
Inactive(file):     3304 kB
Unevictable:           0 kB
Mlocked:               0 kB
SwapTotal:             0 kB
SwapFree:              0 kB
Dirty:                44 kB
Writeback:             0 kB
AnonPages:       3795020 kB
Mapped:             4808 kB
Shmem:               732 kB
Slab:              74476 kB
SReclaimable:      31316 kB
SUnreclaim:        43160 kB
KernelStack:       10640 kB
PageTables:        17708 kB
NFS_Unstable:          0 kB
Bounce:                0 kB
WritebackTmp:          0 kB
CommitLimit:     2019584 kB
Committed_AS:    5524388 kB
VmallocTotal:   34359738367 kB
VmallocUsed:           0 kB
VmallocChunk:          0 kB
HardwareCorrupted:     0 kB
AnonHugePages:         0 kB
ShmemHugePages:        0 kB
ShmemPmdMapped:        0 kB
CmaTotal:              0 kB
CmaFree:               0 kB
HugePages_Total:       0
HugePages_Free:        0
HugePages_Rsvd:        0
HugePages_Surp:        0
Hugepagesize:       2048 kB
DirectMap4k:      391024 kB
DirectMap2M:     3803136 kB
DirectMap1G:     2097152 kB

container (cgroup) information:
container_type: cgroupv1
cpu_cpuset_cpus: 0-1
cpu_memory_nodes: 0
active_processor_count: 2
cpu_quota: -1
cpu_period: 100000
cpu_shares: -1
memory_limit_in_bytes: -1
memory_and_swap_limit_in_bytes: -2
memory_soft_limit_in_bytes: -1
memory_usage_in_bytes: 3895996416
memory_max_usage_in_bytes: 3918790656


CPU:total 2 (initial active 2) (1 cores per cpu, 1 threads per core) family 6 model 42 stepping 1, cmov, cx8, fxsr, mmx, sse, sse2, sse3, ssse3, sse4.1, sse4.2, popcnt, avx, aes, clmul, tsc

/proc/cpuinfo:
processor	: 0
vendor_id	: GenuineIntel
cpu family	: 6
model		: 42
model name	: Intel Xeon E312xx (Sandy Bridge, IBRS update)
stepping	: 1
microcode	: 0x1
cpu MHz		: 2194.498
cache size	: 16384 KB
physical id	: 0
siblings	: 1
core id		: 0
cpu cores	: 1
apicid		: 0
initial apicid	: 0
fpu		: yes
fpu_exception	: yes
cpuid level	: 13
wp		: yes
flags		: fpu vme de pse tsc msr pae mce cx8 apic sep mtrr pge mca cmov pat pse36 clflush mmx fxsr sse sse2 ss syscall nx pdpe1gb rdtscp lm constant_tsc rep_good nopl xtopology cpuid tsc_known_freq pni pclmulqdq vmx ssse3 cx16 pcid sse4_1 sse4_2 x2apic popcnt tsc_deadline_timer aes xsave avx hypervisor lahf_lm cpuid_fault pti ssbd ibrs ibpb tpr_shadow vnmi flexpriority ept vpid tsc_adjust xsaveopt arat md_clear
bugs		: cpu_meltdown spectre_v1 spectre_v2 spec_store_bypass l1tf mds swapgs itlb_multihit
bogomips	: 4388.99
clflush size	: 64
cache_alignment	: 64
address sizes	: 40 bits physical, 48 bits virtual
power management:

processor	: 1
vendor_id	: GenuineIntel
cpu family	: 6
model		: 42
model name	: Intel Xeon E312xx (Sandy Bridge, IBRS update)
stepping	: 1
microcode	: 0x1
cpu MHz		: 2194.498
cache size	: 16384 KB
physical id	: 1
siblings	: 1
core id		: 0
cpu cores	: 1
apicid		: 1
initial apicid	: 1
fpu		: yes
fpu_exception	: yes
cpuid level	: 13
wp		: yes
flags		: fpu vme de pse tsc msr pae mce cx8 apic sep mtrr pge mca cmov pat pse36 clflush mmx fxsr sse sse2 ss syscall nx pdpe1gb rdtscp lm constant_tsc rep_good nopl xtopology cpuid tsc_known_freq pni pclmulqdq vmx ssse3 cx16 pcid sse4_1 sse4_2 x2apic popcnt tsc_deadline_timer aes xsave avx hypervisor lahf_lm cpuid_fault pti ssbd ibrs ibpb tpr_shadow vnmi flexpriority ept vpid tsc_adjust xsaveopt arat md_clear
bugs		: cpu_meltdown spectre_v1 spectre_v2 spec_store_bypass l1tf mds swapgs itlb_multihit
bogomips	: 4388.99
clflush size	: 64
cache_alignment	: 64
address sizes	: 40 bits physical, 48 bits virtual
power management:



Memory: 4k page, physical 4039172k(86900k free), swap 0k(0k free)

vm_info: OpenJDK 64-Bit Server VM (25.252-b09) for linux-amd64 JRE (1.8.0_252-8u252-b09-1~18.04-b09), built on Apr 15 2020 18:48:05 by "buildd" with gcc 7.5.0

time: Sun Jun  7 14:31:54 2020
timezone: UTC
elapsed time: 928 seconds (0d 0h 15m 28s)

