#
# There is insufficient memory for the Java Runtime Environment to continue.
# Native memory allocation (mmap) failed to map 50331648 bytes for committing reserved memory.
# Possible reasons:
#   The system is out of physical RAM or swap space
#   The process is running with CompressedOops enabled, and the Java Heap may be blocking the growth of the native heap
# Possible solutions:
#   Reduce memory load on the system
#   Increase physical memory or swap space
#   Check if swap backing store is full
#   Decrease Java heap size (-Xmx/-Xms)
#   Decrease number of Java threads
#   Decrease Java thread stack sizes (-Xss)
#   Set larger code cache with -XX:ReservedCodeCacheSize=
#   JVM is running with Unscaled Compressed Oops mode in which the Java heap is
#     placed in the first 4GB address space. The Java Heap base address is the
#     maximum limit for the native heap growth. Please use -XX:HeapBaseMinAddress
#     to set the Java Heap base and to place the Java Heap above 4GB virtual address.
# This output file may be truncated or incomplete.
#
#  Out of Memory Error (os_linux.cpp:2757), pid=12566, tid=0x00007f9b15cfc700
#
# JRE version: OpenJDK Runtime Environment (8.0_252-b09) (build 1.8.0_252-8u252-b09-1~18.04-b09)
# Java VM: OpenJDK 64-Bit Server VM (25.252-b09 mixed mode linux-amd64 compressed oops)
# Failed to write core dump. Core dumps have been disabled. To enable core dumping, try "ulimit -c unlimited" before starting Java again
#

---------------  T H R E A D  ---------------

Current thread (0x00007f9b2c07a800):  VMThread [stack: 0x00007f9b15bfd000,0x00007f9b15cfd000] [id=12623]

Stack: [0x00007f9b15bfd000,0x00007f9b15cfd000],  sp=0x00007f9b15cfb340,  free space=1016k
Native frames: (J=compiled Java code, j=interpreted, Vv=VM code, C=native code)
V  [libjvm.so+0xabcb22]
V  [libjvm.so+0x4de337]
V  [libjvm.so+0x8f6ad0]
V  [libjvm.so+0x8edb9e]
V  [libjvm.so+0x971536]
V  [libjvm.so+0x96019a]
V  [libjvm.so+0x960368]
V  [libjvm.so+0x960f70]
V  [libjvm.so+0x96732c]
V  [libjvm.so+0x96f405]
V  [libjvm.so+0x91dd08]
V  [libjvm.so+0xabe852]
V  [libjvm.so+0xac3446]
V  [libjvm.so+0xac16f5]
V  [libjvm.so+0xac1fce]
V  [libjvm.so+0xac2428]
V  [libjvm.so+0x8f3e62]

VM_Operation (0x00007f9ad31a1470): ParallelGCFailedAllocation, mode: safepoint, requested by thread 0x00007f9ad955a000


---------------  P R O C E S S  ---------------

Java Threads: ( => current thread )
  0x00007f9ad955a000 JavaThread "IPC Client (119115616) connection to /192.168.2.35:9000 from ubuntu" daemon [_thread_blocked, id=13644, stack(0x00007f9ad30a2000,0x00007f9ad31a3000)]
  0x00007f9b0414e000 JavaThread "block-manager-ask-thread-pool-71" daemon [_thread_blocked, id=12787, stack(0x00007f9ad2092000,0x00007f9ad2193000)]
  0x00007f9b08002800 JavaThread "block-manager-ask-thread-pool-70" daemon [_thread_blocked, id=12786, stack(0x00007f9ad2193000,0x00007f9ad2294000)]
  0x00007f9afc020800 JavaThread "block-manager-ask-thread-pool-69" daemon [_thread_blocked, id=12785, stack(0x00007f9ad1e90000,0x00007f9ad1f91000)]
  0x00007f9af4338000 JavaThread "block-manager-ask-thread-pool-68" daemon [_thread_blocked, id=12784, stack(0x00007f9ad2b9d000,0x00007f9ad2c9e000)]
  0x000055f34bdaa000 JavaThread "block-manager-ask-thread-pool-67" daemon [_thread_blocked, id=12783, stack(0x00007f9ad1f91000,0x00007f9ad2092000)]
  0x00007f9ae4063000 JavaThread "block-manager-slave-async-thread-pool-26" daemon [_thread_blocked, id=12782, stack(0x00007f9ad2a9c000,0x00007f9ad2b9d000)]
  0x00007f9ae4062000 JavaThread "block-manager-slave-async-thread-pool-25" daemon [_thread_blocked, id=12781, stack(0x00007f9ad2ea0000,0x00007f9ad2fa1000)]
  0x00007f9ae003b800 JavaThread "block-manager-ask-thread-pool-66" daemon [_thread_blocked, id=12779, stack(0x00007f9ad2c9e000,0x00007f9ad2d9f000)]
  0x000055f34bda0000 JavaThread "block-manager-ask-thread-pool-65" daemon [_thread_blocked, id=12778, stack(0x00007f9ad2d9f000,0x00007f9ad2ea0000)]
  0x00007f9afc01a800 JavaThread "block-manager-ask-thread-pool-64" daemon [_thread_blocked, id=12776, stack(0x00007f9ad33a5000,0x00007f9ad34a6000)]
  0x00007f9b0c01f000 JavaThread "block-manager-slave-async-thread-pool-24" daemon [_thread_blocked, id=12774, stack(0x00007f9ad2fa1000,0x00007f9ad30a2000)]
  0x00007f9ad9540800 JavaThread "IPC Parameter Sending Thread #6" daemon [_thread_blocked, id=12664, stack(0x00007f9ad31a3000,0x00007f9ad32a4000)]
  0x00007f9b0410e800 JavaThread "task-result-getter-3" daemon [_thread_blocked, id=16669, stack(0x00007f9ad56c8000,0x00007f9ad57c9000)]
  0x00007f9b0410d800 JavaThread "task-result-getter-2" daemon [_thread_blocked, id=16496, stack(0x00007f9ad59cb000,0x00007f9ad5acc000)]
  0x00007f9b0410c000 JavaThread "task-result-getter-1" daemon [_thread_blocked, id=15952, stack(0x00007f9ad57c9000,0x00007f9ad58ca000)]
  0x00007f9ae0024000 JavaThread "shuffle-chunk-fetch-handler-4-2" daemon [_thread_blocked, id=15801, stack(0x00007f9ad58ca000,0x00007f9ad59cb000)]
  0x00007f9b0410a800 JavaThread "task-result-getter-0" daemon [_thread_blocked, id=15452, stack(0x00007f9ad6bfd000,0x00007f9ad6cfe000)]
  0x00007f9ae0010000 JavaThread "shuffle-chunk-fetch-handler-4-1" daemon [_thread_blocked, id=15117, stack(0x00007f9ad5ccc000,0x00007f9ad5dcd000)]
  0x00007f9ae0002800 JavaThread "shuffle-server-6-2" daemon [_thread_in_native, id=15116, stack(0x00007f9ad6cfe000,0x00007f9ad6dff000)]
  0x00007f9ad9c48800 JavaThread "org.apache.hadoop.fs.FileSystem$Statistics$StatisticsDataReferenceCleaner" daemon [_thread_blocked, id=5501, stack(0x00007f9adf908000,0x00007f9adfa09000)]
  0x00007f9ad8a4f800 JavaThread "spark-listener-group-shared" daemon [_thread_blocked, id=13020, stack(0x00007f9adc0fe000,0x00007f9adc1ff000)]
  0x000055f34bd78000 JavaThread "rpc-server-3-2" daemon [_thread_in_native, id=12975, stack(0x00007f9adda00000,0x00007f9addb01000)]
  0x00007f9aec01a800 JavaThread "element-tracking-store-worker" daemon [_thread_blocked, id=12962, stack(0x00007f9addd01000,0x00007f9adde02000)]
  0x00007f9ad9364800 JavaThread "spark-listener-group-executorManagement" daemon [_thread_blocked, id=12961, stack(0x00007f9ade002000,0x00007f9ade103000)]
  0x00007f9ad9361800 JavaThread "spark-listener-group-appStatus" daemon [_thread_blocked, id=12959, stack(0x00007f9ade103000,0x00007f9ade204000)]
  0x00007f9ad935a800 JavaThread "context-cleaner-periodic-gc" daemon [_thread_blocked, id=12958, stack(0x00007f9ade204000,0x00007f9ade305000)]
  0x00007f9ad9358800 JavaThread "Spark Context Cleaner" daemon [_thread_blocked, id=12957, stack(0x00007f9ade305000,0x00007f9ade406000)]
  0x00007f9ad9182000 JavaThread "shuffle-server-6-1" daemon [_thread_in_native, id=12929, stack(0x00007f9adfcff000,0x00007f9adfe00000)]
  0x00007f9ad9175800 JavaThread "rpc-client-1-1" daemon [_thread_in_native, id=12915, stack(0x00007f9adf807000,0x00007f9adf908000)]
  0x00007f9ae4016800 JavaThread "appclient-registration-retry-thread" daemon [_thread_blocked, id=12913, stack(0x00007f9adfa09000,0x00007f9adfb0a000)]
  0x00007f9ad8eba000 JavaThread "driver-heartbeater" daemon [_thread_blocked, id=12911, stack(0x00007f9af0064000,0x00007f9af0165000)]
  0x00007f9ad8e54000 JavaThread "dag-scheduler-event-loop" daemon [_thread_blocked, id=12902, stack(0x00007f9af0165000,0x00007f9af0266000)]
  0x00007f9b04009000 JavaThread "driver-revive-thread" daemon [_thread_blocked, id=12901, stack(0x00007f9af0266000,0x00007f9af0367000)]
  0x00007f9ad8e43000 JavaThread "dispatcher-CoarseGrainedScheduler" daemon [_thread_blocked, id=12900, stack(0x00007f9af0367000,0x00007f9af0468000)]
  0x00007f9af428f000 JavaThread "netty-rpc-env-timeout" daemon [_thread_blocked, id=12899, stack(0x00007f9af0468000,0x00007f9af0569000)]
  0x00007f9ad88cb000 JavaThread "Timer-1" daemon [_thread_blocked, id=12898, stack(0x00007f9af0569000,0x00007f9af066a000)]
  0x00007f9ad88c9800 JavaThread "Timer-0" daemon [_thread_blocked, id=12897, stack(0x00007f9af066a000,0x00007f9af076b000)]
  0x00007f9ad88c2000 JavaThread "heartbeat-receiver-event-loop-thread" daemon [_thread_blocked, id=12896, stack(0x00007f9af076b000,0x00007f9af086c000)]
  0x00007f9ad885c000 JavaThread "SparkUI-38" daemon [_thread_blocked, id=12891, stack(0x00007f9af0a6c000,0x00007f9af0b6d000)]
  0x00007f9ad885a800 JavaThread "SparkUI-37" daemon [_thread_blocked, id=12890, stack(0x00007f9af0b6d000,0x00007f9af0c6e000)]
  0x00007f9ad8858800 JavaThread "SparkUI-36" daemon [_thread_blocked, id=12889, stack(0x00007f9af0c6e000,0x00007f9af0d6f000)]
  0x00007f9ad8857000 JavaThread "SparkUI-35" daemon [_thread_blocked, id=12888, stack(0x00007f9af0d6f000,0x00007f9af0e70000)]
  0x00007f9ad8855000 JavaThread "SparkUI-34" daemon [_thread_blocked, id=12887, stack(0x00007f9af0e70000,0x00007f9af0f71000)]
  0x00007f9ad8853000 JavaThread "SparkUI-33" daemon [_thread_blocked, id=12886, stack(0x00007f9af0f71000,0x00007f9af1072000)]
  0x00007f9ad8851800 JavaThread "SparkUI-32-acceptor-0@503eb854-ServerConnector@5ef94c23{HTTP/1.1,[http/1.1]}{0.0.0.0:4040}" daemon [_thread_in_native, id=12885, stack(0x00007f9af1072000,0x00007f9af1173000)]
  0x00007f9ad8850000 JavaThread "SparkUI-31" daemon [_thread_in_native, id=12884, stack(0x00007f9af1173000,0x00007f9af1274000)]
  0x00007f9ad8749800 JavaThread "refresh progress" daemon [_thread_blocked, id=12867, stack(0x00007f9af1474000,0x00007f9af1575000)]
  0x00007f9ad8731800 JavaThread "RemoteBlock-temp-file-clean-thread" daemon [_thread_blocked, id=12866, stack(0x00007f9af1575000,0x00007f9af1676000)]
  0x00007f9ad872a800 JavaThread "dispatcher-BlockManagerEndpoint1" daemon [_thread_blocked, id=12865, stack(0x00007f9af1676000,0x00007f9af1777000)]
  0x00007f9ad8457800 JavaThread "dispatcher-BlockManagerMaster" daemon [_thread_blocked, id=12864, stack(0x00007f9af1977000,0x00007f9af1a78000)]
  0x00007f9ad838a000 JavaThread "map-output-dispatcher-7" daemon [_thread_blocked, id=12863, stack(0x00007f9af1a78000,0x00007f9af1b79000)]
  0x00007f9ad834a800 JavaThread "map-output-dispatcher-6" daemon [_thread_blocked, id=12862, stack(0x00007f9af1b79000,0x00007f9af1c7a000)]
  0x00007f9ad8348800 JavaThread "map-output-dispatcher-5" daemon [_thread_blocked, id=12861, stack(0x00007f9af1c7a000,0x00007f9af1d7b000)]
  0x00007f9ad8347000 JavaThread "map-output-dispatcher-4" daemon [_thread_blocked, id=12860, stack(0x00007f9af1d7b000,0x00007f9af1e7c000)]
  0x00007f9ad834c800 JavaThread "map-output-dispatcher-3" daemon [_thread_blocked, id=12859, stack(0x00007f9af1e7c000,0x00007f9af1f7d000)]
  0x00007f9ad8341000 JavaThread "map-output-dispatcher-2" daemon [_thread_blocked, id=12858, stack(0x00007f9af1f7d000,0x00007f9af207e000)]
  0x00007f9ad834f000 JavaThread "map-output-dispatcher-1" daemon [_thread_blocked, id=12857, stack(0x00007f9af207e000,0x00007f9af217f000)]
  0x00007f9ad8344800 JavaThread "map-output-dispatcher-0" daemon [_thread_blocked, id=12856, stack(0x00007f9af217f000,0x00007f9af2280000)]
  0x00007f9ad82c9000 JavaThread "dispatcher-event-loop-1" daemon [_thread_blocked, id=12855, stack(0x00007f9af2280000,0x00007f9af2381000)]
  0x00007f9ad82c7800 JavaThread "dispatcher-event-loop-0" daemon [_thread_blocked, id=12854, stack(0x00007f9af2381000,0x00007f9af2482000)]
  0x00007f9ad82c2000 JavaThread "rpc-server-3-1" daemon [_thread_blocked, id=12853, stack(0x00007f9af2482000,0x00007f9af2583000)]
  0x00007f9ae400c800 JavaThread "Thread-4" [_thread_blocked, id=12828, stack(0x00007f9af2b83000,0x00007f9af2c84000)]
  0x00007f9b2cd7e000 JavaThread "Thread-3" [_thread_in_native, id=12823, stack(0x00007f9af2c84000,0x00007f9af2d85000)]
  0x00007f9b2caa4800 JavaThread "pool-1-thread-1" [_thread_blocked, id=12822, stack(0x00007f9af3187000,0x00007f9af3288000)]
  0x00007f9b2c0c8800 JavaThread "Service Thread" daemon [_thread_blocked, id=12629, stack(0x00007f9b152e8000,0x00007f9b153e9000)]
  0x00007f9b2c0c5800 JavaThread "C1 CompilerThread1" daemon [_thread_blocked, id=12628, stack(0x00007f9b153ea000,0x00007f9b154ea000)]
  0x00007f9b2c0c2800 JavaThread "C2 CompilerThread0" daemon [_thread_blocked, id=12627, stack(0x00007f9b154eb000,0x00007f9b155eb000)]
  0x00007f9b2c0be800 JavaThread "Signal Dispatcher" daemon [_thread_blocked, id=12626, stack(0x00007f9b155eb000,0x00007f9b156ec000)]
  0x00007f9b2c08e000 JavaThread "Finalizer" daemon [_thread_blocked, id=12625, stack(0x00007f9b159fa000,0x00007f9b15afb000)]
  0x00007f9b2c084000 JavaThread "Reference Handler" daemon [_thread_blocked, id=12624, stack(0x00007f9b15afb000,0x00007f9b15bfc000)]
  0x00007f9b2c011000 JavaThread "main" [_thread_in_native, id=12620, stack(0x00007f9b34333000,0x00007f9b34433000)]

Other Threads:
=>0x00007f9b2c07a800 VMThread [stack: 0x00007f9b15bfd000,0x00007f9b15cfd000] [id=12623]
  0x00007f9b2c0cb000 WatcherThread [stack: 0x00007f9b151e8000,0x00007f9b152e8000] [id=12630]

VM state:at safepoint (normal execution)

VM Mutex/Monitor currently owned by a thread:  ([mutex/lock_event])
[0x00007f9b2c00ce50] ExpandHeap_lock - owner thread: 0x00007f9b2c07a800
[0x00007f9b2c00d4d0] Threads_lock - owner thread: 0x00007f9b2c07a800
[0x00007f9b2c00d9d0] Heap_lock - owner thread: 0x00007f9ad955a000

heap address: 0x00000000c0000000, size: 1024 MB, Compressed Oops mode: 32-bit
Narrow klass base: 0x0000000000000000, Narrow klass shift: 3
Compressed class space size: 1073741824 Address: 0x0000000100000000

Heap:
 PSYoungGen      total 306176K, used 14812K [0x00000000eab00000, 0x0000000100000000, 0x0000000100000000)
  eden space 288256K, 0% used [0x00000000eab00000,0x00000000eab00000,0x00000000fc480000)
  from space 17920K, 82% used [0x00000000fdf00000,0x00000000fed770a8,0x00000000ff080000)
  to   space 27136K, 0% used [0x00000000fc480000,0x00000000fc480000,0x00000000fdf00000)
 ParOldGen       total 50688K, used 50561K [0x00000000c0000000, 0x00000000c3180000, 0x00000000eab00000)
  object space 50688K, 99% used [0x00000000c0000000,0x00000000c3160508,0x00000000c3180000)
 Metaspace       used 70258K, capacity 75230K, committed 75648K, reserved 1116160K
  class space    used 9286K, capacity 9737K, committed 9856K, reserved 1048576K

Card table byte_map: [0x00007f9b306b7000,0x00007f9b308b8000] byte_map_base: 0x00007f9b300b7000

Marking Bits: (ParMarkBitMap*) 0x00007f9b335bc3c0
 Begin Bits: [0x00007f9b16000000, 0x00007f9b17000000)
 End Bits:   [0x00007f9b17000000, 0x00007f9b18000000)

Polling page: 0x00007f9b3443d000

CodeCache: size=245760Kb used=19397Kb max_used=19397Kb free=226362Kb
 bounds [0x00007f9b1d000000, 0x00007f9b1e320000, 0x00007f9b2c000000]
 total_blobs=7684 nmethods=6961 adapters=635
 compilation: enabled

Compilation events (10 events):
Event: 2393.386 Thread 0x00007f9b2c0c5800 8221       3       java.io.FilterInputStream::available (8 bytes)
Event: 2393.387 Thread 0x00007f9b2c0c5800 nmethod 8221 0x00007f9b1d273350 code [0x00007f9b1d2734c0, 0x00007f9b1d2736e8]
Event: 2393.397 Thread 0x00007f9b2c0c5800 8222 %     3       org.apache.hadoop.mapreduce.lib.input.FileInputFormat::singleThreadedListStatus @ 195 (322 bytes)
Event: 2393.402 Thread 0x00007f9b2c0c5800 nmethod 8222% 0x00007f9b1e30c810 code [0x00007f9b1e30cd00, 0x00007f9b1e310068]
Event: 2393.402 Thread 0x00007f9b2c0c2800 8223       4       sun.nio.ch.Util::getTemporaryDirectBuffer (55 bytes)
Event: 2393.420 Thread 0x00007f9b2c0c2800 nmethod 8223 0x00007f9b1e309250 code [0x00007f9b1e309460, 0x00007f9b1e309c10]
Event: 2393.420 Thread 0x00007f9b2c0c2800 8224       4       java.util.HashMap::remove (26 bytes)
Event: 2393.430 Thread 0x00007f9b2c0c2800 nmethod 8224 0x00007f9b1dfa6490 code [0x00007f9b1dfa6620, 0x00007f9b1dfa6b38]
Event: 2393.430 Thread 0x00007f9b2c0c5800 8225       3       org.apache.hadoop.mapreduce.lib.input.FileInputFormat::singleThreadedListStatus (322 bytes)
Event: 2393.435 Thread 0x00007f9b2c0c5800 nmethod 8225 0x00007f9b1e312310 code [0x00007f9b1e3128e0, 0x00007f9b1e316618]

GC Heap History (10 events):
Event: 1824.839 GC heap after
Heap after GC invocations=24 (full 3):
 PSYoungGen      total 237056K, used 128K [0x00000000eab00000, 0x00000000f9e00000, 0x0000000100000000)
  eden space 225280K, 0% used [0x00000000eab00000,0x00000000eab00000,0x00000000f8700000)
  from space 11776K, 1% used [0x00000000f8700000,0x00000000f8720000,0x00000000f9280000)
  to   space 11776K, 0% used [0x00000000f9280000,0x00000000f9280000,0x00000000f9e00000)
 ParOldGen       total 50688K, used 22746K [0x00000000c0000000, 0x00000000c3180000, 0x00000000eab00000)
  object space 50688K, 44% used [0x00000000c0000000,0x00000000c16369e8,0x00000000c3180000)
 Metaspace       used 70071K, capacity 75144K, committed 75392K, reserved 1114112K
  class space    used 9288K, capacity 9748K, committed 9856K, reserved 1048576K
}
Event: 1824.839 GC heap before
{Heap before GC invocations=25 (full 4):
 PSYoungGen      total 237056K, used 128K [0x00000000eab00000, 0x00000000f9e00000, 0x0000000100000000)
  eden space 225280K, 0% used [0x00000000eab00000,0x00000000eab00000,0x00000000f8700000)
  from space 11776K, 1% used [0x00000000f8700000,0x00000000f8720000,0x00000000f9280000)
  to   space 11776K, 0% used [0x00000000f9280000,0x00000000f9280000,0x00000000f9e00000)
 ParOldGen       total 50688K, used 22746K [0x00000000c0000000, 0x00000000c3180000, 0x00000000eab00000)
  object space 50688K, 44% used [0x00000000c0000000,0x00000000c16369e8,0x00000000c3180000)
 Metaspace       used 70071K, capacity 75144K, committed 75392K, reserved 1114112K
  class space    used 9288K, capacity 9748K, committed 9856K, reserved 1048576K
Event: 1825.048 GC heap after
Heap after GC invocations=25 (full 4):
 PSYoungGen      total 237056K, used 0K [0x00000000eab00000, 0x00000000f9e00000, 0x0000000100000000)
  eden space 225280K, 0% used [0x00000000eab00000,0x00000000eab00000,0x00000000f8700000)
  from space 11776K, 0% used [0x00000000f8700000,0x00000000f8700000,0x00000000f9280000)
  to   space 11776K, 0% used [0x00000000f9280000,0x00000000f9280000,0x00000000f9e00000)
 ParOldGen       total 50688K, used 21327K [0x00000000c0000000, 0x00000000c3180000, 0x00000000eab00000)
  object space 50688K, 42% used [0x00000000c0000000,0x00000000c14d3d78,0x00000000c3180000)
 Metaspace       used 70071K, capacity 75144K, committed 75392K, reserved 1114112K
  class space    used 9288K, capacity 9748K, committed 9856K, reserved 1048576K
}
Event: 2355.737 GC heap before
{Heap before GC invocations=26 (full 4):
 PSYoungGen      total 237056K, used 225280K [0x00000000eab00000, 0x00000000f9e00000, 0x0000000100000000)
  eden space 225280K, 100% used [0x00000000eab00000,0x00000000f8700000,0x00000000f8700000)
  from space 11776K, 0% used [0x00000000f8700000,0x00000000f8700000,0x00000000f9280000)
  to   space 11776K, 0% used [0x00000000f9280000,0x00000000f9280000,0x00000000f9e00000)
 ParOldGen       total 50688K, used 21327K [0x00000000c0000000, 0x00000000c3180000, 0x00000000eab00000)
  object space 50688K, 42% used [0x00000000c0000000,0x00000000c14d3d78,0x00000000c3180000)
 Metaspace       used 70248K, capacity 75294K, committed 75648K, reserved 1116160K
  class space    used 9293K, capacity 9751K, committed 9856K, reserved 1048576K
Event: 2355.766 GC heap after
Heap after GC invocations=26 (full 4):
 PSYoungGen      total 237568K, used 5119K [0x00000000eab00000, 0x00000000fe680000, 0x0000000100000000)
  eden space 225792K, 0% used [0x00000000eab00000,0x00000000eab00000,0x00000000f8780000)
  from space 11776K, 43% used [0x00000000f9280000,0x00000000f977fc90,0x00000000f9e00000)
  to   space 11264K, 0% used [0x00000000f8780000,0x00000000f8780000,0x00000000f9280000)
 ParOldGen       total 50688K, used 21335K [0x00000000c0000000, 0x00000000c3180000, 0x00000000eab00000)
  object space 50688K, 42% used [0x00000000c0000000,0x00000000c14d5d78,0x00000000c3180000)
 Metaspace       used 70248K, capacity 75294K, committed 75648K, reserved 1116160K
  class space    used 9293K, capacity 9751K, committed 9856K, reserved 1048576K
}
Event: 2392.761 GC heap before
{Heap before GC invocations=27 (full 4):
 PSYoungGen      total 237568K, used 230911K [0x00000000eab00000, 0x00000000fe680000, 0x0000000100000000)
  eden space 225792K, 100% used [0x00000000eab00000,0x00000000f8780000,0x00000000f8780000)
  from space 11776K, 43% used [0x00000000f9280000,0x00000000f977fc90,0x00000000f9e00000)
  to   space 11264K, 0% used [0x00000000f8780000,0x00000000f8780000,0x00000000f9280000)
 ParOldGen       total 50688K, used 21335K [0x00000000c0000000, 0x00000000c3180000, 0x00000000eab00000)
  object space 50688K, 42% used [0x00000000c0000000,0x00000000c14d5d78,0x00000000c3180000)
 Metaspace       used 70283K, capacity 75294K, committed 75648K, reserved 1116160K
  class space    used 9293K, capacity 9751K, committed 9856K, reserved 1048576K
Event: 2392.816 GC heap after
Heap after GC invocations=27 (full 4):
 PSYoungGen      total 237056K, used 11250K [0x00000000eab00000, 0x00000000ff080000, 0x0000000100000000)
  eden space 225792K, 0% used [0x00000000eab00000,0x00000000eab00000,0x00000000f8780000)
  from space 11264K, 99% used [0x00000000f8780000,0x00000000f927c970,0x00000000f9280000)
  to   space 17920K, 0% used [0x00000000fdf00000,0x00000000fdf00000,0x00000000ff080000)
 ParOldGen       total 50688K, used 34287K [0x00000000c0000000, 0x00000000c3180000, 0x00000000eab00000)
  object space 50688K, 67% used [0x00000000c0000000,0x00000000c217bdc8,0x00000000c3180000)
 Metaspace       used 70283K, capacity 75294K, committed 75648K, reserved 1116160K
  class space    used 9293K, capacity 9751K, committed 9856K, reserved 1048576K
}
Event: 2393.436 GC heap before
{Heap before GC invocations=28 (full 4):
 PSYoungGen      total 237056K, used 237042K [0x00000000eab00000, 0x00000000ff080000, 0x0000000100000000)
  eden space 225792K, 100% used [0x00000000eab00000,0x00000000f8780000,0x00000000f8780000)
  from space 11264K, 99% used [0x00000000f8780000,0x00000000f927c970,0x00000000f9280000)
  to   space 17920K, 0% used [0x00000000fdf00000,0x00000000fdf00000,0x00000000ff080000)
 ParOldGen       total 50688K, used 34287K [0x00000000c0000000, 0x00000000c3180000, 0x00000000eab00000)
  object space 50688K, 67% used [0x00000000c0000000,0x00000000c217bdc8,0x00000000c3180000)
 Metaspace       used 70292K, capacity 75294K, committed 75648K, reserved 1116160K
  class space    used 9293K, capacity 9751K, committed 9856K, reserved 1048576K
Event: 2393.503 GC heap after
Heap after GC invocations=28 (full 4):
 PSYoungGen      total 306176K, used 17913K [0x00000000eab00000, 0x0000000100000000, 0x0000000100000000)
  eden space 288256K, 0% used [0x00000000eab00000,0x00000000eab00000,0x00000000fc480000)
  from space 17920K, 99% used [0x00000000fdf00000,0x00000000ff07e520,0x00000000ff080000)
  to   space 27136K, 0% used [0x00000000fc480000,0x00000000fc480000,0x00000000fdf00000)
 ParOldGen       total 50688K, used 50425K [0x00000000c0000000, 0x00000000c3180000, 0x00000000eab00000)
  object space 50688K, 99% used [0x00000000c0000000,0x00000000c313e560,0x00000000c3180000)
 Metaspace       used 70292K, capacity 75294K, committed 75648K, reserved 1116160K
  class space    used 9293K, capacity 9751K, committed 9856K, reserved 1048576K
}
Event: 2393.505 GC heap before
{Heap before GC invocations=29 (full 5):
 PSYoungGen      total 306176K, used 17913K [0x00000000eab00000, 0x0000000100000000, 0x0000000100000000)
  eden space 288256K, 0% used [0x00000000eab00000,0x00000000eab00000,0x00000000fc480000)
  from space 17920K, 99% used [0x00000000fdf00000,0x00000000ff07e520,0x00000000ff080000)
  to   space 27136K, 0% used [0x00000000fc480000,0x00000000fc480000,0x00000000fdf00000)
 ParOldGen       total 50688K, used 50425K [0x00000000c0000000, 0x00000000c3180000, 0x00000000eab00000)
  object space 50688K, 99% used [0x00000000c0000000,0x00000000c313e560,0x00000000c3180000)
 Metaspace       used 70292K, capacity 75294K, committed 75648K, reserved 1116160K
  class space    used 9293K, capacity 9751K, committed 9856K, reserved 1048576K

Deoptimization events (10 events):
Event: 1600.369 Thread 0x000055f34bd78000 Uncommon trap: reason=unstable_if action=reinterpret pc=0x00007f9b1dc160f8 method=io.netty.util.internal.ReferenceCountUpdater.isLiveNonVolatile(Lio/netty/util/ReferenceCounted;)Z @ 34
Event: 1614.399 Thread 0x00007f9ad82c2000 Uncommon trap: reason=null_check action=make_not_entrant pc=0x00007f9b1e11c0c0 method=java.io.ObjectInputStream.readClassDesc(Z)Ljava/io/ObjectStreamClass; @ 56
Event: 1674.642 Thread 0x00007f9ae400c800 Uncommon trap: reason=class_check action=maybe_recompile pc=0x00007f9b1dd78634 method=org.apache.xbean.asm7.ClassReader.readCode(Lorg/apache/xbean/asm7/MethodVisitor;Lorg/apache/xbean/asm7/Context;I)V @ 3895
Event: 1674.778 Thread 0x00007f9b1007f000 Uncommon trap: reason=unstable_if action=reinterpret pc=0x00007f9b1ddca2d4 method=java.util.concurrent.locks.AbstractQueuedSynchronizer$ConditionObject.addConditionWaiter()Ljava/util/concurrent/locks/AbstractQueuedSynchronizer$Node; @ 15
Event: 1973.574 Thread 0x00007f9ad82c2000 Uncommon trap: reason=array_check action=maybe_recompile pc=0x00007f9b1e069934 method=java.util.Arrays.fill([Ljava/lang/Object;IILjava/lang/Object;)V @ 20
Event: 1974.411 Thread 0x00007f9ad82c2000 Uncommon trap: reason=array_check action=maybe_recompile pc=0x00007f9b1e069934 method=java.util.Arrays.fill([Ljava/lang/Object;IILjava/lang/Object;)V @ 20
Event: 1976.871 Thread 0x000055f34bd78000 Uncommon trap: reason=array_check action=maybe_recompile pc=0x00007f9b1e069934 method=java.util.Arrays.fill([Ljava/lang/Object;IILjava/lang/Object;)V @ 20
Event: 1983.576 Thread 0x00007f9ad82c2000 Uncommon trap: reason=array_check action=maybe_recompile pc=0x00007f9b1e069934 method=java.util.Arrays.fill([Ljava/lang/Object;IILjava/lang/Object;)V @ 20
Event: 2264.399 Thread 0x00007f9ad9361800 Uncommon trap: reason=unstable_if action=reinterpret pc=0x00007f9b1e21c3ec method=com.codahale.metrics.ExponentiallyDecayingReservoir.update(JJ)V @ 60
Event: 2264.399 Thread 0x00007f9ad9361800 Uncommon trap: reason=unstable_if action=reinterpret pc=0x00007f9b1dbc8df0 method=java.util.concurrent.ConcurrentSkipListMap.findPredecessor(Ljava/lang/Object;Ljava/util/Comparator;)Ljava/util/concurrent/ConcurrentSkipListMap$Node; @ 47

Classes redefined (0 events):
No events

Internal exceptions (10 events):
Event: 1591.020 Thread 0x00007f9ae400c800 Exception <a 'java/lang/ArrayIndexOutOfBoundsException'> (0x00000000f447c640) thrown at [/build/openjdk-8-piDAoU/openjdk-8-8u252-b09/src/hotspot/src/share/vm/runtime/sharedRuntime.cpp, line 605]
Event: 1591.020 Thread 0x00007f9ae400c800 Exception <a 'java/lang/reflect/InvocationTargetException'> (0x00000000f447c848) thrown at [/build/openjdk-8-piDAoU/openjdk-8-8u252-b09/src/hotspot/src/share/vm/runtime/reflection.cpp, line 1092]
Event: 1600.037 Thread 0x00007f9ad8457800 Exception <a 'java/lang/NoSuchMethodError': <clinit>> (0x00000000eb2132f8) thrown at [/build/openjdk-8-piDAoU/openjdk-8-8u252-b09/src/hotspot/src/share/vm/prims/jni.cpp, line 1615]
Event: 1600.048 Thread 0x00007f9ad8457800 Exception <a 'java/lang/NoSuchMethodError': java.lang.Object.$anonfun$zipWith$1(Lscala/concurrent/Future;Lscala/Function2;Lscala/concurrent/ExecutionContext;Ljava/lang/Object;)Lscala/concurrent/Future;> (0x00000000eb255810) thrown at [/build/openjdk-8-piD
Event: 1600.048 Thread 0x00007f9ad8457800 Exception <a 'java/lang/NoSuchMethodError': java.lang.Object.$anonfun$zipWith$2(Lscala/Function2;Ljava/lang/Object;Ljava/lang/Object;)Ljava/lang/Object;> (0x00000000eb25bc08) thrown at [/build/openjdk-8-piDAoU/openjdk-8-8u252-b09/src/hotspot/src/share/vm/
Event: 1600.119 Thread 0x00007f9b0c01f000 Exception <a 'java/lang/NoSuchMethodError': java.lang.Object.$anonfun$size$1$adapted(Lscala/runtime/IntRef;Ljava/lang/Object;)Ljava/lang/Object;> (0x00000000ebcccf08) thrown at [/build/openjdk-8-piDAoU/openjdk-8-8u252-b09/src/hotspot/src/share/vm/interpre
Event: 1614.399 Thread 0x00007f9ad82c2000 Implicit null exception at 0x00007f9b1e11d71b to 0x00007f9b1e11c091
Event: 2267.162 Thread 0x00007f9ae400c800 Exception <a 'java/lang/reflect/InvocationTargetException'> (0x00000000f1245688) thrown at [/build/openjdk-8-piDAoU/openjdk-8-8u252-b09/src/hotspot/src/share/vm/runtime/reflection.cpp, line 1092]
Event: 2274.978 Thread 0x00007f9ae400c800 Exception <a 'java/lang/reflect/InvocationTargetException'> (0x00000000f2085dd8) thrown at [/build/openjdk-8-piDAoU/openjdk-8-8u252-b09/src/hotspot/src/share/vm/runtime/reflection.cpp, line 1092]
Event: 2291.816 Thread 0x00007f9ae400c800 Exception <a 'java/lang/reflect/InvocationTargetException'> (0x00000000f20e4ce0) thrown at [/build/openjdk-8-piDAoU/openjdk-8-8u252-b09/src/hotspot/src/share/vm/runtime/reflection.cpp, line 1092]

Events (10 events):
Event: 2393.069 Thread 0x00007f9b2c0c5800 flushing nmethod 0x00007f9b1dfb2450
Event: 2393.069 Thread 0x00007f9b2c0c5800 flushing nmethod 0x00007f9b1dfb51d0
Event: 2393.069 Thread 0x00007f9b2c0c5800 flushing nmethod 0x00007f9b1dfb5d50
Event: 2393.069 Thread 0x00007f9b2c0c5800 flushing nmethod 0x00007f9b1dfb60d0
Event: 2393.069 Thread 0x00007f9b2c0c5800 flushing nmethod 0x00007f9b1dfc1c50
Event: 2393.069 Thread 0x00007f9b2c0c5800 flushing nmethod 0x00007f9b1dfed050
Event: 2393.069 Thread 0x00007f9b2c0c5800 flushing nmethod 0x00007f9b1e009a90
Event: 2393.070 Thread 0x00007f9b2c0c5800 flushing nmethod 0x00007f9b1e0696d0
Event: 2393.070 Thread 0x00007f9b2c0c5800 flushing nmethod 0x00007f9b1e0c6750
Event: 2393.436 Executing VM operation: ParallelGCFailedAllocation


Dynamic libraries:
c0000000-c3180000 rw-p 00000000 00:00 0 
c6180000-eab00000 ---p 00000000 00:00 0 
eab00000-100000000 rw-p 00000000 00:00 0 
100000000-1009a0000 rw-p 00000000 00:00 0 
1009a0000-140000000 ---p 00000000 00:00 0 
55f34a1ed000-55f34a1ee000 r-xp 00000000 fc:01 794347                     /usr/lib/jvm/java-8-openjdk-amd64/jre/bin/java
55f34a3ed000-55f34a3ee000 r--p 00000000 fc:01 794347                     /usr/lib/jvm/java-8-openjdk-amd64/jre/bin/java
55f34a3ee000-55f34a3ef000 rw-p 00001000 fc:01 794347                     /usr/lib/jvm/java-8-openjdk-amd64/jre/bin/java
55f34bd61000-55f34bdc4000 rw-p 00000000 00:00 0                          [heap]
7f9ad1e90000-7f9ad1e93000 ---p 00000000 00:00 0 
7f9ad1e93000-7f9ad1f91000 rw-p 00000000 00:00 0 
7f9ad1f91000-7f9ad1f94000 ---p 00000000 00:00 0 
7f9ad1f94000-7f9ad2092000 rw-p 00000000 00:00 0 
7f9ad2092000-7f9ad2095000 ---p 00000000 00:00 0 
7f9ad2095000-7f9ad2193000 rw-p 00000000 00:00 0 
7f9ad2193000-7f9ad2196000 ---p 00000000 00:00 0 
7f9ad2196000-7f9ad2294000 rw-p 00000000 00:00 0 
7f9ad2294000-7f9ad2297000 ---p 00000000 00:00 0 
7f9ad2297000-7f9ad2395000 rw-p 00000000 00:00 0 
7f9ad2395000-7f9ad2398000 ---p 00000000 00:00 0 
7f9ad2398000-7f9ad2496000 rw-p 00000000 00:00 0 
7f9ad2496000-7f9ad2499000 ---p 00000000 00:00 0 
7f9ad2499000-7f9ad2597000 rw-p 00000000 00:00 0 
7f9ad2597000-7f9ad259a000 ---p 00000000 00:00 0 
7f9ad259a000-7f9ad2698000 rw-p 00000000 00:00 0 
7f9ad2698000-7f9ad269b000 ---p 00000000 00:00 0 
7f9ad269b000-7f9ad2799000 rw-p 00000000 00:00 0 
7f9ad2799000-7f9ad279c000 ---p 00000000 00:00 0 
7f9ad279c000-7f9ad289a000 rw-p 00000000 00:00 0 
7f9ad289a000-7f9ad289d000 ---p 00000000 00:00 0 
7f9ad289d000-7f9ad299b000 rw-p 00000000 00:00 0 
7f9ad299b000-7f9ad299e000 ---p 00000000 00:00 0 
7f9ad299e000-7f9ad2a9c000 rw-p 00000000 00:00 0 
7f9ad2a9c000-7f9ad2a9f000 ---p 00000000 00:00 0 
7f9ad2a9f000-7f9ad2b9d000 rw-p 00000000 00:00 0 
7f9ad2b9d000-7f9ad2ba0000 ---p 00000000 00:00 0 
7f9ad2ba0000-7f9ad2c9e000 rw-p 00000000 00:00 0 
7f9ad2c9e000-7f9ad2ca1000 ---p 00000000 00:00 0 
7f9ad2ca1000-7f9ad2d9f000 rw-p 00000000 00:00 0 
7f9ad2d9f000-7f9ad2da2000 ---p 00000000 00:00 0 
7f9ad2da2000-7f9ad2ea0000 rw-p 00000000 00:00 0 
7f9ad2ea0000-7f9ad2ea3000 ---p 00000000 00:00 0 
7f9ad2ea3000-7f9ad2fa1000 rw-p 00000000 00:00 0 
7f9ad2fa1000-7f9ad2fa4000 ---p 00000000 00:00 0 
7f9ad2fa4000-7f9ad30a2000 rw-p 00000000 00:00 0 
7f9ad30a2000-7f9ad30a5000 ---p 00000000 00:00 0 
7f9ad30a5000-7f9ad31a3000 rw-p 00000000 00:00 0 
7f9ad31a3000-7f9ad31a6000 ---p 00000000 00:00 0 
7f9ad31a6000-7f9ad32a4000 rw-p 00000000 00:00 0 
7f9ad32a4000-7f9ad32a7000 ---p 00000000 00:00 0 
7f9ad32a7000-7f9ad33a5000 rw-p 00000000 00:00 0 
7f9ad33a5000-7f9ad33a8000 ---p 00000000 00:00 0 
7f9ad33a8000-7f9ad34a6000 rw-p 00000000 00:00 0 
7f9ad34a6000-7f9ad34a9000 ---p 00000000 00:00 0 
7f9ad34a9000-7f9ad35a7000 rw-p 00000000 00:00 0 
7f9ad35a7000-7f9ad35aa000 ---p 00000000 00:00 0 
7f9ad35aa000-7f9ad36a8000 rw-p 00000000 00:00 0 
7f9ad36a8000-7f9ad36ab000 ---p 00000000 00:00 0 
7f9ad36ab000-7f9ad37a9000 rw-p 00000000 00:00 0 
7f9ad37a9000-7f9ad37ac000 ---p 00000000 00:00 0 
7f9ad37ac000-7f9ad38aa000 rw-p 00000000 00:00 0 
7f9ad38aa000-7f9ad38ad000 ---p 00000000 00:00 0 
7f9ad38ad000-7f9ad39ab000 rw-p 00000000 00:00 0 
7f9ad39ab000-7f9ad39ae000 ---p 00000000 00:00 0 
7f9ad39ae000-7f9ad3aac000 rw-p 00000000 00:00 0 
7f9ad3aac000-7f9ad3aaf000 ---p 00000000 00:00 0 
7f9ad3aaf000-7f9ad3bad000 rw-p 00000000 00:00 0 
7f9ad3bad000-7f9ad3bb0000 ---p 00000000 00:00 0 
7f9ad3bb0000-7f9ad3cae000 rw-p 00000000 00:00 0 
7f9ad3cae000-7f9ad3cb1000 ---p 00000000 00:00 0 
7f9ad3cb1000-7f9ad3daf000 rw-p 00000000 00:00 0 
7f9ad3daf000-7f9ad3db2000 ---p 00000000 00:00 0 
7f9ad3db2000-7f9ad3eb0000 rw-p 00000000 00:00 0 
7f9ad3eb0000-7f9ad3eb3000 ---p 00000000 00:00 0 
7f9ad3eb3000-7f9ad3fb1000 rw-p 00000000 00:00 0 
7f9ad3fb1000-7f9ad3fb4000 ---p 00000000 00:00 0 
7f9ad3fb4000-7f9ad40b2000 rw-p 00000000 00:00 0 
7f9ad40b2000-7f9ad40b5000 ---p 00000000 00:00 0 
7f9ad40b5000-7f9ad41b3000 rw-p 00000000 00:00 0 
7f9ad41b3000-7f9ad41b6000 ---p 00000000 00:00 0 
7f9ad41b6000-7f9ad42b4000 rw-p 00000000 00:00 0 
7f9ad42b4000-7f9ad42b7000 ---p 00000000 00:00 0 
7f9ad42b7000-7f9ad43b5000 rw-p 00000000 00:00 0 
7f9ad43b5000-7f9ad43b8000 ---p 00000000 00:00 0 
7f9ad43b8000-7f9ad44b6000 rw-p 00000000 00:00 0 
7f9ad54c8000-7f9ad5508000 rw-p 00000000 00:00 0 
7f9ad5508000-7f9ad56c8000 ---p 00000000 00:00 0 
7f9ad56c8000-7f9ad56cb000 ---p 00000000 00:00 0 
7f9ad56cb000-7f9ad57c9000 rw-p 00000000 00:00 0 
7f9ad57c9000-7f9ad57cc000 ---p 00000000 00:00 0 
7f9ad57cc000-7f9ad58ca000 rw-p 00000000 00:00 0 
7f9ad58ca000-7f9ad58cd000 ---p 00000000 00:00 0 
7f9ad58cd000-7f9ad59cb000 rw-p 00000000 00:00 0 
7f9ad59cb000-7f9ad59ce000 ---p 00000000 00:00 0 
7f9ad59ce000-7f9ad5ccc000 rw-p 00000000 00:00 0 
7f9ad5ccc000-7f9ad5ccf000 ---p 00000000 00:00 0 
7f9ad5ccf000-7f9ad5fcd000 rw-p 00000000 00:00 0 
7f9ad5fcd000-7f9ad61cd000 rw-p 00000000 00:00 0 
7f9ad61cd000-7f9ad63cd000 rw-p 00000000 00:00 0 
7f9ad63cd000-7f9ad65cd000 rw-p 00000000 00:00 0 
7f9ad65cd000-7f9ad67cd000 rw-p 00000000 00:00 0 
7f9ad67cd000-7f9ad67fc000 r-xp 00000000 fc:01 4642                       /tmp/liblz4-java-1686900903785568070.so
7f9ad67fc000-7f9ad69fb000 ---p 0002f000 fc:01 4642                       /tmp/liblz4-java-1686900903785568070.so
7f9ad69fb000-7f9ad69fc000 r--p 0002e000 fc:01 4642                       /tmp/liblz4-java-1686900903785568070.so
7f9ad69fc000-7f9ad69fd000 rw-p 0002f000 fc:01 4642                       /tmp/liblz4-java-1686900903785568070.so
7f9ad69fd000-7f9ad6bfd000 rw-p 00000000 00:00 0 
7f9ad6bfd000-7f9ad6c00000 ---p 00000000 00:00 0 
7f9ad6c00000-7f9ad6cfe000 rw-p 00000000 00:00 0 
7f9ad6cfe000-7f9ad6d01000 ---p 00000000 00:00 0 
7f9ad6d01000-7f9ad6fff000 rw-p 00000000 00:00 0 
7f9ad6fff000-7f9ad8000000 rw-p 00000000 00:00 0 
7f9ad8000000-7f9ad9c5c000 rw-p 00000000 00:00 0 
7f9ad9c5c000-7f9adc000000 ---p 00000000 00:00 0 
7f9adc0fe000-7f9adc101000 ---p 00000000 00:00 0 
7f9adc101000-7f9adc3ff000 rw-p 00000000 00:00 0 
7f9adc3ff000-7f9adc5ff000 rw-p 00000000 00:00 0 
7f9adc5ff000-7f9adc7ff000 rw-p 00000000 00:00 0 
7f9adc7ff000-7f9adc9ff000 rw-p 00000000 00:00 0 
7f9adc9ff000-7f9adda00000 rw-p 00000000 00:00 0 
7f9adda00000-7f9adda03000 ---p 00000000 00:00 0 
7f9adda03000-7f9addd01000 rw-p 00000000 00:00 0 
7f9addd01000-7f9addd04000 ---p 00000000 00:00 0 
7f9addd04000-7f9ade002000 rw-p 00000000 00:00 0 
7f9ade002000-7f9ade005000 ---p 00000000 00:00 0 
7f9ade005000-7f9ade103000 rw-p 00000000 00:00 0 
7f9ade103000-7f9ade106000 ---p 00000000 00:00 0 
7f9ade106000-7f9ade204000 rw-p 00000000 00:00 0 
7f9ade204000-7f9ade207000 ---p 00000000 00:00 0 
7f9ade207000-7f9ade305000 rw-p 00000000 00:00 0 
7f9ade305000-7f9ade308000 ---p 00000000 00:00 0 
7f9ade308000-7f9ade606000 rw-p 00000000 00:00 0 
7f9ade606000-7f9ade806000 rw-p 00000000 00:00 0 
7f9ade806000-7f9adf807000 rw-p 00000000 00:00 0 
7f9adf807000-7f9adf80a000 ---p 00000000 00:00 0 
7f9adf80a000-7f9adf908000 rw-p 00000000 00:00 0 
7f9adf908000-7f9adf90b000 ---p 00000000 00:00 0 
7f9adf90b000-7f9adfa09000 rw-p 00000000 00:00 0 
7f9adfa09000-7f9adfa0c000 ---p 00000000 00:00 0 
7f9adfa0c000-7f9adfb0a000 rw-p 00000000 00:00 0 
7f9adfb0a000-7f9adfb0d000 ---p 00000000 00:00 0 
7f9adfb0d000-7f9adfc0b000 rw-p 00000000 00:00 0 
7f9adfcff000-7f9adfd02000 ---p 00000000 00:00 0 
7f9adfd02000-7f9ae0000000 rw-p 00000000 00:00 0 
7f9ae0000000-7f9ae003f000 rw-p 00000000 00:00 0 
7f9ae003f000-7f9ae4000000 ---p 00000000 00:00 0 
7f9ae4000000-7f9ae408b000 rw-p 00000000 00:00 0 
7f9ae408b000-7f9ae8000000 ---p 00000000 00:00 0 
7f9ae8000000-7f9ae8021000 rw-p 00000000 00:00 0 
7f9ae8021000-7f9aec000000 ---p 00000000 00:00 0 
7f9aec000000-7f9aec09e000 rw-p 00000000 00:00 0 
7f9aec09e000-7f9af0000000 ---p 00000000 00:00 0 
7f9af0064000-7f9af0067000 ---p 00000000 00:00 0 
7f9af0067000-7f9af0165000 rw-p 00000000 00:00 0 
7f9af0165000-7f9af0168000 ---p 00000000 00:00 0 
7f9af0168000-7f9af0266000 rw-p 00000000 00:00 0 
7f9af0266000-7f9af0269000 ---p 00000000 00:00 0 
7f9af0269000-7f9af0367000 rw-p 00000000 00:00 0 
7f9af0367000-7f9af036a000 ---p 00000000 00:00 0 
7f9af036a000-7f9af0468000 rw-p 00000000 00:00 0 
7f9af0468000-7f9af046b000 ---p 00000000 00:00 0 
7f9af046b000-7f9af0569000 rw-p 00000000 00:00 0 
7f9af0569000-7f9af056c000 ---p 00000000 00:00 0 
7f9af056c000-7f9af066a000 rw-p 00000000 00:00 0 
7f9af066a000-7f9af066d000 ---p 00000000 00:00 0 
7f9af066d000-7f9af076b000 rw-p 00000000 00:00 0 
7f9af076b000-7f9af076e000 ---p 00000000 00:00 0 
7f9af076e000-7f9af0a6c000 rw-p 00000000 00:00 0 
7f9af0a6c000-7f9af0a6f000 ---p 00000000 00:00 0 
7f9af0a6f000-7f9af0b6d000 rw-p 00000000 00:00 0 
7f9af0b6d000-7f9af0b70000 ---p 00000000 00:00 0 
7f9af0b70000-7f9af0c6e000 rw-p 00000000 00:00 0 
7f9af0c6e000-7f9af0c71000 ---p 00000000 00:00 0 
7f9af0c71000-7f9af0d6f000 rw-p 00000000 00:00 0 
7f9af0d6f000-7f9af0d72000 ---p 00000000 00:00 0 
7f9af0d72000-7f9af0e70000 rw-p 00000000 00:00 0 
7f9af0e70000-7f9af0e73000 ---p 00000000 00:00 0 
7f9af0e73000-7f9af0f71000 rw-p 00000000 00:00 0 
7f9af0f71000-7f9af0f74000 ---p 00000000 00:00 0 
7f9af0f74000-7f9af1072000 rw-p 00000000 00:00 0 
7f9af1072000-7f9af1075000 ---p 00000000 00:00 0 
7f9af1075000-7f9af1173000 rw-p 00000000 00:00 0 
7f9af1173000-7f9af1176000 ---p 00000000 00:00 0 
7f9af1176000-7f9af1474000 rw-p 00000000 00:00 0 
7f9af1474000-7f9af1477000 ---p 00000000 00:00 0 
7f9af1477000-7f9af1575000 rw-p 00000000 00:00 0 
7f9af1575000-7f9af1578000 ---p 00000000 00:00 0 
7f9af1578000-7f9af1676000 rw-p 00000000 00:00 0 
7f9af1676000-7f9af1679000 ---p 00000000 00:00 0 
7f9af1679000-7f9af1977000 rw-p 00000000 00:00 0 
7f9af1977000-7f9af197a000 ---p 00000000 00:00 0 
7f9af197a000-7f9af1a78000 rw-p 00000000 00:00 0 
7f9af1a78000-7f9af1a7b000 ---p 00000000 00:00 0 
7f9af1a7b000-7f9af1b79000 rw-p 00000000 00:00 0 
7f9af1b79000-7f9af1b7c000 ---p 00000000 00:00 0 
7f9af1b7c000-7f9af1c7a000 rw-p 00000000 00:00 0 
7f9af1c7a000-7f9af1c7d000 ---p 00000000 00:00 0 
7f9af1c7d000-7f9af1d7b000 rw-p 00000000 00:00 0 
7f9af1d7b000-7f9af1d7e000 ---p 00000000 00:00 0 
7f9af1d7e000-7f9af1e7c000 rw-p 00000000 00:00 0 
7f9af1e7c000-7f9af1e7f000 ---p 00000000 00:00 0 
7f9af1e7f000-7f9af1f7d000 rw-p 00000000 00:00 0 
7f9af1f7d000-7f9af1f80000 ---p 00000000 00:00 0 
7f9af1f80000-7f9af207e000 rw-p 00000000 00:00 0 
7f9af207e000-7f9af2081000 ---p 00000000 00:00 0 
7f9af2081000-7f9af217f000 rw-p 00000000 00:00 0 
7f9af217f000-7f9af2182000 ---p 00000000 00:00 0 
7f9af2182000-7f9af2280000 rw-p 00000000 00:00 0 
7f9af2280000-7f9af2283000 ---p 00000000 00:00 0 
7f9af2283000-7f9af2381000 rw-p 00000000 00:00 0 
7f9af2381000-7f9af2384000 ---p 00000000 00:00 0 
7f9af2384000-7f9af2482000 rw-p 00000000 00:00 0 
7f9af2482000-7f9af2485000 ---p 00000000 00:00 0 
7f9af2485000-7f9af2783000 rw-p 00000000 00:00 0 
7f9af2783000-7f9af2983000 rw-p 00000000 00:00 0 
7f9af2983000-7f9af2b83000 rw-p 00000000 00:00 0 
7f9af2b83000-7f9af2b86000 ---p 00000000 00:00 0 
7f9af2b86000-7f9af2c84000 rw-p 00000000 00:00 0 
7f9af2c84000-7f9af2c87000 ---p 00000000 00:00 0 
7f9af2c87000-7f9af2d85000 rw-p 00000000 00:00 0 
7f9af2d85000-7f9af2d86000 r-xp 00000000 fc:01 794373                     /usr/lib/jvm/java-8-openjdk-amd64/jre/lib/amd64/libjaas_unix.so
7f9af2d86000-7f9af2f85000 ---p 00001000 fc:01 794373                     /usr/lib/jvm/java-8-openjdk-amd64/jre/lib/amd64/libjaas_unix.so
7f9af2f85000-7f9af2f86000 r--p 00000000 fc:01 794373                     /usr/lib/jvm/java-8-openjdk-amd64/jre/lib/amd64/libjaas_unix.so
7f9af2f86000-7f9af2f87000 rw-p 00001000 fc:01 794373                     /usr/lib/jvm/java-8-openjdk-amd64/jre/lib/amd64/libjaas_unix.so
7f9af2f87000-7f9af3187000 rw-p 00000000 00:00 0 
7f9af3187000-7f9af318a000 ---p 00000000 00:00 0 
7f9af318a000-7f9af3288000 rw-p 00000000 00:00 0 
7f9af32c1000-7f9af32ca000 r-xp 00000000 fc:01 794383                     /usr/lib/jvm/java-8-openjdk-amd64/jre/lib/amd64/libmanagement.so
7f9af32ca000-7f9af34c9000 ---p 00009000 fc:01 794383                     /usr/lib/jvm/java-8-openjdk-amd64/jre/lib/amd64/libmanagement.so
7f9af34c9000-7f9af34ca000 r--p 00008000 fc:01 794383                     /usr/lib/jvm/java-8-openjdk-amd64/jre/lib/amd64/libmanagement.so
7f9af34ca000-7f9af34cb000 rw-p 00009000 fc:01 794383                     /usr/lib/jvm/java-8-openjdk-amd64/jre/lib/amd64/libmanagement.so
7f9af34cb000-7f9af36cb000 rw-p 00000000 00:00 0 
7f9af36cb000-7f9af38cb000 rw-p 00000000 00:00 0 
7f9af38cb000-7f9af38e2000 r-xp 00000000 fc:01 2180                       /lib/x86_64-linux-gnu/libresolv-2.27.so
7f9af38e2000-7f9af3ae2000 ---p 00017000 fc:01 2180                       /lib/x86_64-linux-gnu/libresolv-2.27.so
7f9af3ae2000-7f9af3ae3000 r--p 00017000 fc:01 2180                       /lib/x86_64-linux-gnu/libresolv-2.27.so
7f9af3ae3000-7f9af3ae4000 rw-p 00018000 fc:01 2180                       /lib/x86_64-linux-gnu/libresolv-2.27.so
7f9af3ae4000-7f9af3ae6000 rw-p 00000000 00:00 0 
7f9af3ae6000-7f9af3aeb000 r-xp 00000000 fc:01 2093                       /lib/x86_64-linux-gnu/libnss_dns-2.27.so
7f9af3aeb000-7f9af3ceb000 ---p 00005000 fc:01 2093                       /lib/x86_64-linux-gnu/libnss_dns-2.27.so
7f9af3ceb000-7f9af3cec000 r--p 00005000 fc:01 2093                       /lib/x86_64-linux-gnu/libnss_dns-2.27.so
7f9af3cec000-7f9af3ced000 rw-p 00006000 fc:01 2093                       /lib/x86_64-linux-gnu/libnss_dns-2.27.so
7f9af3ced000-7f9af3eed000 rw-p 00000000 00:00 0 
7f9af3eed000-7f9af3f16000 r--s 001ee000 fc:01 782064                     /usr/lib/spark/jars/guava-14.0.1.jar
7f9af3f16000-7f9af4000000 r--s 009a3000 fc:01 781988                     /usr/lib/spark/jars/kubernetes-model-4.6.4.jar
7f9af4000000-7f9af4885000 rw-p 00000000 00:00 0 
7f9af4885000-7f9af8000000 ---p 00000000 00:00 0 
7f9af8000000-7f9af8021000 rw-p 00000000 00:00 0 
7f9af8021000-7f9afc000000 ---p 00000000 00:00 0 
7f9afc000000-7f9afc044000 rw-p 00000000 00:00 0 
7f9afc044000-7f9b00000000 ---p 00000000 00:00 0 
7f9b00000000-7f9b019b9000 rw-p 00000000 00:00 0 
7f9b019b9000-7f9b04000000 ---p 00000000 00:00 0 
7f9b04000000-7f9b04357000 rw-p 00000000 00:00 0 
7f9b04357000-7f9b08000000 ---p 00000000 00:00 0 
7f9b08000000-7f9b08021000 rw-p 00000000 00:00 0 
7f9b08021000-7f9b0c000000 ---p 00000000 00:00 0 
7f9b0c000000-7f9b0c136000 rw-p 00000000 00:00 0 
7f9b0c136000-7f9b10000000 ---p 00000000 00:00 0 
7f9b10000000-7f9b1008b000 rw-p 00000000 00:00 0 
7f9b1008b000-7f9b14000000 ---p 00000000 00:00 0 
7f9b1400e000-7f9b14013000 r--s 000a7000 fc:01 794430                     /usr/lib/jvm/java-8-openjdk-amd64/jre/lib/jsse.jar
7f9b14013000-7f9b1401d000 r--s 0007b000 fc:01 781830                     /usr/lib/spark/jars/hadoop-mapreduce-client-app-2.7.4.jar
7f9b1401d000-7f9b1401e000 r--s 00003000 fc:01 781889                     /usr/lib/spark/jars/transaction-api-1.1.jar
7f9b1401e000-7f9b14020000 r--s 00001000 fc:01 782043                     /usr/lib/spark/jars/hive-shims-2.3.6.jar
7f9b14020000-7f9b14022000 r--s 0000e000 fc:01 781824                     /usr/lib/spark/jars/guice-servlet-3.0.jar
7f9b14022000-7f9b14026000 r--s 00020000 fc:01 781968                     /usr/lib/spark/jars/commons-digester-1.8.jar
7f9b14026000-7f9b14031000 r--s 0010e000 fc:01 782021                     /usr/lib/spark/jars/spark-streaming_2.12-3.0.0-preview2.jar
7f9b14031000-7f9b14044000 r--s 000d0000 fc:01 781836                     /usr/lib/spark/jars/jersey-server-2.29.1.jar
7f9b14044000-7f9b14047000 r--s 00017000 fc:01 781892                     /usr/lib/spark/jars/metrics-core-4.1.1.jar
7f9b14047000-7f9b14076000 r--s 002e5000 fc:01 781997                     /usr/lib/spark/jars/derby-10.12.1.1.jar
7f9b14076000-7f9b14107000 r--s 00740000 fc:01 781979                     /usr/lib/spark/jars/hive-metastore-2.3.6.jar
7f9b14107000-7f9b14109000 r--s 0000a000 fc:01 781838                     /usr/lib/spark/jars/jackson-dataformat-yaml-2.10.0.jar
7f9b14109000-7f9b14309000 rw-p 00000000 00:00 0 
7f9b14309000-7f9b14341000 r--s 004d1000 fc:01 781837                     /usr/lib/spark/jars/scala-library-2.12.10.jar
7f9b14341000-7f9b14343000 r--s 00003000 fc:01 781918                     /usr/lib/spark/jars/jcl-over-slf4j-1.7.16.jar
7f9b14343000-7f9b14344000 r--s 00004000 fc:01 781954                     /usr/lib/spark/jars/audience-annotations-0.5.0.jar
7f9b14344000-7f9b1435d000 r--s 00164000 fc:01 782066                     /usr/lib/spark/jars/hadoop-mapreduce-client-core-2.7.4.jar
7f9b1435d000-7f9b14360000 r--s 0001c000 fc:01 781894                     /usr/lib/spark/jars/py4j-0.10.8.1.jar
7f9b14360000-7f9b14391000 r--s 002e7000 fc:01 782039                     /usr/lib/spark/jars/shapeless_2.12-2.3.3.jar
7f9b14391000-7f9b14394000 r--s 00014000 fc:01 781855                     /usr/lib/spark/jars/super-csv-2.2.0.jar
7f9b14394000-7f9b14396000 r--s 00004000 fc:01 781935                     /usr/lib/spark/jars/stax-api-1.0-2.jar
7f9b14396000-7f9b1439b000 r--s 00051000 fc:01 781951                     /usr/lib/spark/jars/jackson-core-2.10.0.jar
7f9b1439b000-7f9b1439c000 r--s 00009000 fc:01 781832                     /usr/lib/spark/jars/slf4j-api-1.7.16.jar
7f9b1439c000-7f9b143ae000 r--s 00097000 fc:01 782017                     /usr/lib/spark/jars/apacheds-kerberos-codec-2.0.0-M15.jar
7f9b143ae000-7f9b143d2000 r--s 0035f000 fc:01 781945                     /usr/lib/spark/jars/scala-reflect-2.12.10.jar
7f9b143d2000-7f9b143d6000 r--s 0004c000 fc:01 781977                     /usr/lib/spark/jars/RoaringBitmap-0.7.45.jar
7f9b143d6000-7f9b143d8000 r--s 0000d000 fc:01 781933                     /usr/lib/spark/jars/chill-java-0.9.3.jar
7f9b143d8000-7f9b143da000 r--s 00012000 fc:01 781901                     /usr/lib/spark/jars/spire-macros_2.12-0.17.0-M1.jar
7f9b143da000-7f9b143dd000 r--s 00026000 fc:01 781991                     /usr/lib/spark/jars/antlr-runtime-3.5.2.jar
7f9b143dd000-7f9b143e4000 r--s 00046000 fc:01 781953                     /usr/lib/spark/jars/libfb303-0.9.3.jar
7f9b143e4000-7f9b143ec000 r--s 0005d000 fc:01 781990                     /usr/lib/spark/jars/kryo-shaded-4.0.2.jar
7f9b143ec000-7f9b143ee000 r--s 00027000 fc:01 782035                     /usr/lib/spark/jars/core-1.1.2.jar
7f9b143ee000-7f9b143f1000 r--s 00045000 fc:01 781887                     /usr/lib/spark/jars/spark-mesos_2.12-3.0.0-preview2.jar
7f9b143f1000-7f9b143f5000 r--s 00035000 fc:01 782067                     /usr/lib/spark/jars/hive-storage-api-2.6.0.jar
7f9b143f5000-7f9b14407000 r--s 000ce000 fc:01 781841                     /usr/lib/spark/jars/hive-serde-2.3.6.jar
7f9b14407000-7f9b14457000 r--s 009de000 fc:01 782015                     /usr/lib/spark/jars/scala-compiler-2.12.10.jar
7f9b14457000-7f9b14458000 r--s 00003000 fc:01 781982                     /usr/lib/spark/jars/spark-tags_2.12-3.0.0-preview2.jar
7f9b14458000-7f9b14479000 r--s 0015c000 fc:01 781829                     /usr/lib/spark/jars/avro-1.8.2.jar
7f9b14479000-7f9b1447d000 r--s 00056000 fc:01 781874                     /usr/lib/spark/jars/spark-kubernetes_2.12-3.0.0-preview2.jar
7f9b1447d000-7f9b14485000 r--s 0003b000 fc:01 781896                     /usr/lib/spark/jars/curator-recipes-2.7.1.jar
7f9b14485000-7f9b14487000 r--s 00012000 fc:01 781871                     /usr/lib/spark/jars/api-util-1.0.0-M20.jar
7f9b14487000-7f9b14488000 r--s 0000c000 fc:01 781999                     /usr/lib/spark/jars/spark-repl_2.12-3.0.0-preview2.jar
7f9b14488000-7f9b144a1000 r--s 00150000 fc:01 782058                     /usr/lib/spark/jars/htrace-core-3.1.0-incubating.jar
7f9b144a1000-7f9b144ba000 r--s 001d4000 fc:01 781822                     /usr/lib/spark/jars/datanucleus-core-4.1.17.jar
7f9b144ba000-7f9b144fb000 r--s 006c0000 fc:01 781877                     /usr/lib/spark/jars/mesos-1.4.0-shaded-protobuf.jar
7f9b144fb000-7f9b144fd000 r--s 00009000 fc:01 781940                     /usr/lib/spark/jars/commons-cli-1.2.jar
7f9b144fd000-7f9b14543000 r--s 0039f000 fc:01 781974                     /usr/lib/spark/jars/netty-all-4.1.42.Final.jar
7f9b14543000-7f9b14544000 r--s 00000000 fc:01 782030                     /usr/lib/spark/jars/javax.inject-1.jar
7f9b14544000-7f9b14549000 r--s 00041000 fc:01 781873                     /usr/lib/spark/jars/commons-lang-2.6.jar
7f9b14549000-7f9b1454a000 r--s 00018000 fc:01 781835                     /usr/lib/spark/jars/spark-mllib-local_2.12-3.0.0-preview2.jar
7f9b1454a000-7f9b1454b000 r--s 00004000 fc:01 782061                     /usr/lib/spark/jars/jakarta.inject-2.6.1.jar
7f9b1454b000-7f9b1454d000 r--s 00004000 fc:01 781993                     /usr/lib/spark/jars/metrics-jmx-4.1.1.jar
7f9b1454d000-7f9b14565000 r--s 00115000 fc:01 781992                     /usr/lib/spark/jars/xercesImpl-2.9.1.jar
7f9b14565000-7f9b1456b000 r--s 00070000 fc:01 781930                     /usr/lib/spark/jars/json4s-core_2.12-3.6.6.jar
7f9b1456b000-7f9b1456c000 r--s 00003000 fc:01 782020                     /usr/lib/spark/jars/generex-1.0.2.jar
7f9b1456c000-7f9b14572000 r--s 0004a000 fc:01 781995                     /usr/lib/spark/jars/hive-llap-common-2.3.6.jar
7f9b14572000-7f9b14578000 r--s 00028000 fc:01 781944                     /usr/lib/spark/jars/curator-framework-2.7.1.jar
7f9b14578000-7f9b1457e000 r--s 00063000 fc:01 782056                     /usr/lib/spark/jars/jodd-core-3.5.2.jar
7f9b1457e000-7f9b14581000 r--s 0000e000 fc:01 782010                     /usr/lib/spark/jars/jackson-annotations-2.10.0.jar
7f9b14581000-7f9b14588000 r--s 0003f000 fc:01 782036                     /usr/lib/spark/jars/commons-codec-1.10.jar
7f9b14588000-7f9b1458d000 r--s 00031000 fc:01 782012                     /usr/lib/spark/jars/jersey-client-2.29.1.jar
7f9b1458d000-7f9b1458f000 r--s 0000e000 fc:01 782007                     /usr/lib/spark/jars/oro-2.0.8.jar
7f9b1458f000-7f9b14591000 r--s 0000d000 fc:01 781919                     /usr/lib/spark/jars/hadoop-yarn-server-web-proxy-2.7.4.jar
7f9b14591000-7f9b14593000 r--s 0001f000 fc:01 781961                     /usr/lib/spark/jars/breeze-macros_2.12-1.0.jar
7f9b14593000-7f9b14597000 r--s 00035000 fc:01 782031                     /usr/lib/spark/jars/JLargeArrays-1.5.jar
7f9b14597000-7f9b1459a000 r--s 00015000 fc:01 782024                     /usr/lib/spark/jars/javax.servlet-api-3.1.0.jar
7f9b1459a000-7f9b1459c000 r--s 0000f000 fc:01 782002                     /usr/lib/spark/jars/curator-client-2.7.1.jar
7f9b1459c000-7f9b145b9000 r--s 0015e000 fc:01 781969                     /usr/lib/spark/jars/hive-service-rpc-2.3.6.jar
7f9b145b9000-7f9b145bb000 r--s 00000000 fc:01 781980                     /usr/lib/spark/jars/jul-to-slf4j-1.7.16.jar
7f9b145bb000-7f9b145bd000 r--s 00007000 fc:01 781899                     /usr/lib/spark/jars/zjsonpatch-0.3.0.jar
7f9b145bd000-7f9b145c1000 r--s 00015000 fc:01 782032                     /usr/lib/spark/jars/xz-1.5.jar
7f9b145c1000-7f9b145c3000 r--s 00014000 fc:01 781996                     /usr/lib/spark/jars/okio-1.15.0.jar
7f9b145c3000-7f9b145c7000 r--s 00041000 fc:01 782046                     /usr/lib/spark/jars/xbean-asm7-shaded-4.15.jar
7f9b145c7000-7f9b145cd000 r--s 00037000 fc:01 781978                     /usr/lib/spark/jars/javax.jdo-3.2.0-m3.jar
7f9b145cd000-7f9b145d2000 r--s 00027000 fc:01 782062                     /usr/lib/spark/jars/automaton-1.11-8.jar
7f9b145d2000-7f9b145d6000 r--s 0002a000 fc:01 781888                     /usr/lib/spark/jars/avro-mapred-1.8.2-hadoop2.jar
7f9b145d6000-7f9b145fa000 r--s 001cd000 fc:01 782006                     /usr/lib/spark/jars/commons-math3-3.4.1.jar
7f9b145fa000-7f9b145fe000 r--s 00036000 fc:01 781842                     /usr/lib/spark/jars/ST4-4.0.4.jar
7f9b145fe000-7f9b145ff000 r--s 00004000 fc:01 781925                     /usr/lib/spark/jars/osgi-resource-locator-1.0.3.jar
7f9b145ff000-7f9b14615000 r--s 00141000 fc:01 781857                     /usr/lib/spark/jars/jackson-databind-2.10.0.jar
7f9b14615000-7f9b14622000 r--s 00083000 fc:01 781967                     /usr/lib/spark/jars/commons-collections-3.2.2.jar
7f9b14622000-7f9b14624000 r--s 0000c000 fc:01 782014                     /usr/lib/spark/jars/spark-kvstore_2.12-3.0.0-preview2.jar
7f9b14624000-7f9b14627000 r--s 00017000 fc:01 781828                     /usr/lib/spark/jars/jaxb-api-2.2.2.jar
7f9b14627000-7f9b1462a000 r--s 0000b000 fc:01 781955                     /usr/lib/spark/jars/objenesis-2.5.1.jar
7f9b1462a000-7f9b14630000 r--s 0002c000 fc:01 782047                     /usr/lib/spark/jars/jdo-api-3.0.1.jar
7f9b14630000-7f9b14635000 r--s 0002c000 fc:01 782065                     /usr/lib/spark/jars/commons-text-1.6.jar
7f9b14635000-7f9b14636000 r--s 00005000 fc:01 781880                     /usr/lib/spark/jars/metrics-jvm-4.1.1.jar
7f9b14636000-7f9b14639000 r--s 001eb000 fc:01 781849                     /usr/lib/spark/jars/snappy-java-1.1.7.3.jar
7f9b14639000-7f9b1463e000 r--s 00065000 fc:01 781861                     /usr/lib/spark/jars/spark-graphx_2.12-3.0.0-preview2.jar
7f9b1463e000-7f9b14655000 r--s 002fd000 fc:01 781915                     /usr/lib/spark/jars/cats-kernel_2.12-2.0.0-M4.jar
7f9b14655000-7f9b14656000 r--s 00002000 fc:01 781823                     /usr/lib/spark/jars/jpam-1.1.jar
7f9b14656000-7f9b14658000 r--s 0000b000 fc:01 781872                     /usr/lib/spark/jars/spark-unsafe_2.12-3.0.0-preview2.jar
7f9b14658000-7f9b1465a000 r--s 00007000 fc:01 781994                     /usr/lib/spark/jars/machinist_2.12-0.6.8.jar
7f9b1465a000-7f9b1465c000 r--s 00001000 fc:01 781917                     /usr/lib/spark/jars/spire-platform_2.12-0.17.0-M1.jar
7f9b1465c000-7f9b14661000 r--s 0002a000 fc:01 782051                     /usr/lib/spark/jars/gson-2.2.4.jar
7f9b14661000-7f9b14667000 r--s 00062000 fc:01 781908                     /usr/lib/spark/jars/okhttp-3.12.6.jar
7f9b14667000-7f9b1466d000 r--s 00037000 fc:01 781843                     /usr/lib/spark/jars/libthrift-0.12.0.jar
7f9b1466d000-7f9b1467c000 r--s 00111000 fc:01 781833                     /usr/lib/spark/jars/JTransforms-3.1.jar
7f9b1467c000-7f9b1467e000 r--s 00003000 fc:01 781947                     /usr/lib/spark/jars/api-asn1-api-1.0.0-M20.jar
7f9b1467e000-7f9b14684000 r--s 00043000 fc:01 781950                     /usr/lib/spark/jars/commons-configuration-1.6.jar
7f9b14684000-7f9b14686000 r--s 00001000 fc:01 781865                     /usr/lib/spark/jars/spark-tags_2.12-3.0.0-preview2-tests.jar
7f9b14686000-7f9b14697000 r--s 0014e000 fc:01 781906                     /usr/lib/spark/jars/arrow-vector-0.15.1.jar
7f9b14697000-7f9b14699000 r--s 0000e000 fc:01 782037                     /usr/lib/spark/jars/commons-logging-1.1.3.jar
7f9b14699000-7f9b1469f000 r--s 00065000 fc:01 781851                     /usr/lib/spark/jars/hive-common-2.3.6.jar
7f9b1469f000-7f9b146a1000 r--s 00012000 fc:01 781976                     /usr/lib/spark/jars/compress-lzf-1.0.3.jar
7f9b146a1000-7f9b146a9000 r--s 00049000 fc:01 781985                     /usr/lib/spark/jars/httpcore-4.4.12.jar
7f9b146a9000-7f9b146b0000 r--s 00058000 fc:01 782040                     /usr/lib/spark/jars/hadoop-yarn-server-common-2.7.4.jar
7f9b146b0000-7f9b146b1000 r--s 00006000 fc:01 782034                     /usr/lib/spark/jars/orc-shims-1.5.8.jar
7f9b146b1000-7f9b146b4000 r--s 0000f000 fc:01 781903                     /usr/lib/spark/jars/commons-compiler-3.0.15.jar
7f9b146b4000-7f9b146b9000 r--s 0003e000 fc:01 781885                     /usr/lib/spark/jars/commons-net-3.1.jar
7f9b146b9000-7f9b146c3000 r--s 000ba000 fc:01 781834                     /usr/lib/spark/jars/orc-core-1.5.8.jar
7f9b146c3000-7f9b146cc000 r--s 00064000 fc:01 781904                     /usr/lib/spark/jars/univocity-parsers-2.8.3.jar
7f9b146cc000-7f9b146d1000 r--s 0009f000 fc:01 781883                     /usr/lib/spark/jars/spark-hive_2.12-3.0.0-preview2.jar
7f9b146d1000-7f9b146ff000 r--s 0021b000 fc:01 781958                     /usr/lib/spark/jars/spark-network-common_2.12-3.0.0-preview2.jar
7f9b146ff000-7f9b1470d000 r--s 000d5000 fc:01 782053                     /usr/lib/spark/jars/janino-3.0.15.jar
7f9b1470d000-7f9b14714000 r--s 0004d000 fc:01 782000                     /usr/lib/spark/jars/jackson-module-scala_2.12-2.10.0.jar
7f9b14714000-7f9b14717000 r--s 00013000 fc:01 781881                     /usr/lib/spark/jars/jersey-media-jaxb-2.29.1.jar
7f9b14717000-7f9b14719000 r--s 0000e000 fc:01 781939                     /usr/lib/spark/jars/hadoop-mapreduce-client-jobclient-2.7.4.jar
7f9b14719000-7f9b1471d000 r--s 0004d000 fc:01 781890                     /usr/lib/spark/jars/spark-yarn_2.12-3.0.0-preview2.jar
7f9b1471d000-7f9b14720000 r--s 00026000 fc:01 781965                     /usr/lib/spark/jars/hadoop-yarn-client-2.7.4.jar
7f9b14720000-7f9b14724000 r--s 00028000 fc:01 782029                     /usr/lib/spark/jars/stream-2.9.6.jar
7f9b14724000-7f9b147a7000 r--s 00cad000 fc:01 781878                     /usr/lib/spark/jars/breeze_2.12-1.0.jar
7f9b147a7000-7f9b147de000 r--s 00320000 fc:01 781981                     /usr/lib/spark/jars/hadoop-common-2.7.4.jar
7f9b147de000-7f9b14811000 r--s 006a8000 fc:01 781860                     /usr/lib/spark/jars/spire_2.12-0.17.0-M1.jar
7f9b14811000-7f9b14812000 r--s 00008000 fc:01 781905                     /usr/lib/spark/jars/json4s-jackson_2.12-3.6.6.jar
7f9b14812000-7f9b14814000 r--s 00012000 fc:01 781884                     /usr/lib/spark/jars/jersey-hk2-2.29.1.jar
7f9b14814000-7f9b14816000 r--s 0001f000 fc:01 781913                     /usr/lib/spark/jars/commons-crypto-1.0.0.jar
7f9b14816000-7f9b14819000 r--s 0001e000 fc:01 782038                     /usr/lib/spark/jars/aircompressor-0.10.jar
7f9b14819000-7f9b1481e000 r--s 00083000 fc:01 781946                     /usr/lib/spark/jars/scala-xml_2.12-1.2.0.jar
7f9b1481e000-7f9b1481f000 r--s 0000a000 fc:01 782055                     /usr/lib/spark/jars/apacheds-i18n-2.0.0-M15.jar
7f9b1481f000-7f9b14824000 r--s 00055000 fc:01 782033                     /usr/lib/spark/jars/datanucleus-api-jdo-4.2.4.jar
7f9b14824000-7f9b14826000 r--s 00005000 fc:01 782028                     /usr/lib/spark/jars/jakarta.annotation-api-1.3.5.jar
7f9b14826000-7f9b14828000 r--s 00010000 fc:01 782004                     /usr/lib/spark/jars/jersey-container-servlet-core-2.29.1.jar
7f9b14828000-7f9b14841000 r--s 000f4000 fc:01 781986                     /usr/lib/spark/jars/parquet-column-1.10.1.jar
7f9b14841000-7f9b14845000 r--s 00014000 fc:01 781839                     /usr/lib/spark/jars/parquet-common-1.10.1.jar
7f9b14845000-7f9b14847000 r--s 0001b000 fc:01 782049                     /usr/lib/spark/jars/hive-jdbc-2.3.6.jar
7f9b14847000-7f9b148a9000 r--s 0084f000 fc:01 781907                     /usr/lib/spark/jars/spark-catalyst_2.12-3.0.0-preview2.jar
7f9b148a9000-7f9b148ac000 r--s 0001e000 fc:01 782025                     /usr/lib/spark/jars/avro-ipc-1.8.2.jar
7f9b148ac000-7f9b148b3000 r--s 00053000 fc:01 781895                     /usr/lib/spark/jars/commons-compress-1.8.1.jar
7f9b148b3000-7f9b148b6000 r--s 0009c000 fc:01 782008                     /usr/lib/spark/jars/lz4-java-1.7.0.jar
7f9b148b6000-7f9b148b9000 r--s 00025000 fc:01 782050                     /usr/lib/spark/jars/commons-dbcp-1.4.jar
7f9b148b9000-7f9b148bb000 r--s 00018000 fc:01 781956                     /usr/lib/spark/jars/arrow-memory-0.15.1.jar
7f9b148bb000-7f9b148bf000 r--s 00028000 fc:01 781916                     /usr/lib/spark/jars/jetty-util-6.1.26.jar
7f9b148bf000-7f9b148c4000 r--s 00038000 fc:01 782068                     /usr/lib/spark/jars/commons-beanutils-1.9.4.jar
7f9b148c4000-7f9b148d8000 r--s 000ec000 fc:01 782019                     /usr/lib/spark/jars/parquet-jackson-1.10.1.jar
7f9b148d8000-7f9b148e6000 r--s 000a3000 fc:01 781984                     /usr/lib/spark/jars/parquet-format-2.4.0.jar
7f9b148e6000-7f9b148e9000 r--s 00016000 fc:01 782027                     /usr/lib/spark/jars/jsp-api-2.1.jar
7f9b148e9000-7f9b148ea000 r--s 00009000 fc:01 781962                     /usr/lib/spark/jars/hive-vector-code-gen-2.3.6.jar
7f9b148ea000-7f9b148ec000 r--s 0000f000 fc:01 781882                     /usr/lib/spark/jars/activation-1.1.1.jar
7f9b148ec000-7f9b148ed000 r--s 00003000 fc:01 781924                     /usr/lib/spark/jars/dropwizard-metrics-hadoop-metrics2-reporter-0.1.2.jar
7f9b148ed000-7f9b148ef000 r--s 00009000 fc:01 781866                     /usr/lib/spark/jars/jakarta.activation-api-1.2.1.jar
7f9b148ef000-7f9b148f3000 r--s 00019000 fc:01 781998                     /usr/lib/spark/jars/jakarta.xml.bind-api-2.3.2.jar
7f9b148f3000-7f9b14908000 r--s 000e3000 fc:01 781920                     /usr/lib/spark/jars/jaxb-runtime-2.3.2.jar
7f9b14908000-7f9b1490b000 r--s 00006000 fc:01 781831                     /usr/lib/spark/jars/jsr305-3.0.0.jar
7f9b1490b000-7f9b14910000 r--s 0002c000 fc:01 781960                     /usr/lib/spark/jars/hk2-api-2.6.1.jar
7f9b14910000-7f9b1491b000 r--s 000c5000 fc:01 782022                     /usr/lib/spark/jars/parquet-encoding-1.10.1.jar
7f9b1491b000-7f9b14928000 r--s 000af000 fc:01 781827                     /usr/lib/spark/jars/httpclient-4.5.6.jar
7f9b14928000-7f9b1492e000 r--s 00044000 fc:01 782003                     /usr/lib/spark/jars/snakeyaml-1.24.jar
7f9b1492e000-7f9b14930000 r--s 00003000 fc:01 781853                     /usr/lib/spark/jars/metrics-json-4.1.1.jar
7f9b14930000-7f9b14946000 r--s 00124000 fc:01 781971                     /usr/lib/spark/jars/ivy-2.4.0.jar
7f9b14946000-7f9b14947000 r--s 00001000 fc:01 781937                     /usr/lib/spark/jars/minlog-1.3.0.jar
7f9b14947000-7f9b14948000 r--s 00003000 fc:01 781983                     /usr/lib/spark/jars/spark-graph-api_2.12-3.0.0-preview2.jar
7f9b14948000-7f9b1494d000 r--s 00012000 fc:01 781957                     /usr/lib/spark/jars/jakarta.validation-api-2.0.2.jar
7f9b1494d000-7f9b14950000 r--s 00015000 fc:01 782023                     /usr/lib/spark/jars/commons-pool-1.5.4.jar
7f9b14950000-7f9b14952000 r--s 00005000 fc:01 781923                     /usr/lib/spark/jars/json-1.8.jar
7f9b14952000-7f9b14953000 r--s 00000000 fc:01 781900                     /usr/lib/spark/jars/kubernetes-model-common-4.6.4.jar
7f9b14953000-7f9b14962000 r--s 0009f000 fc:01 781934                     /usr/lib/spark/jars/guice-3.0.jar
7f9b14962000-7f9b14964000 r--s 00009000 fc:01 781972                     /usr/lib/spark/jars/hadoop-annotations-2.7.4.jar
7f9b14964000-7f9b1496c000 r--s 00059000 fc:01 781859                     /usr/lib/spark/jars/javolution-5.5.1.jar
7f9b1496c000-7f9b14970000 r--s 0003e000 fc:01 782041                     /usr/lib/spark/jars/jline-2.14.6.jar
7f9b14970000-7f9b14972000 r--s 00002000 fc:01 781845                     /usr/lib/spark/jars/hive-shims-scheduler-2.3.6.jar
7f9b14972000-7f9b1497a000 r--s 00058000 fc:01 781863                     /usr/lib/spark/jars/velocity-1.5.jar
7f9b1497a000-7f9b1497c000 r--s 00004000 fc:01 782016                     /usr/lib/spark/jars/metrics-graphite-4.1.1.jar
7f9b1497c000-7f9b14982000 r--s 00045000 fc:01 782069                     /usr/lib/spark/jars/commons-httpclient-3.1.jar
7f9b14982000-7f9b14984000 r--s 0000c000 fc:01 781825                     /usr/lib/spark/jars/hive-shims-0.23-2.3.6.jar
7f9b14984000-7f9b14985000 r--s 00007000 fc:01 781909                     /usr/lib/spark/jars/jersey-container-servlet-2.29.1.jar
7f9b14985000-7f9b14987000 r--s 00017000 fc:01 781852                     /usr/lib/spark/jars/pyrolite-4.30.jar
7f9b14987000-7f9b14989000 r--s 00007000 fc:01 781941                     /usr/lib/spark/jars/jackson-module-jaxb-annotations-2.10.0.jar
7f9b14989000-7f9b1498b000 r--s 00013000 fc:01 781848                     /usr/lib/spark/jars/json4s-ast_2.12-3.6.6.jar
7f9b1498b000-7f9b1498e000 r--s 0001f000 fc:01 781952                     /usr/lib/spark/jars/HikariCP-2.5.1.jar
7f9b1498e000-7f9b14990000 r--s 00011000 fc:01 782063                     /usr/lib/spark/jars/spark-launcher_2.12-3.0.0-preview2.jar
7f9b14990000-7f9b149a8000 r--s 00183000 fc:01 781927                     /usr/lib/spark/jars/hadoop-yarn-common-2.7.4.jar
7f9b149a8000-7f9b149aa000 r--s 00007000 fc:01 781869                     /usr/lib/spark/jars/paranamer-2.8.jar
7f9b149aa000-7f9b149e9000 r--s 00642000 fc:01 781879                     /usr/lib/spark/jars/spark-sql_2.12-3.0.0-preview2.jar
7f9b149e9000-7f9b149f0000 r--s 0007d000 fc:01 781921                     /usr/lib/spark/jars/jetty-6.1.26.jar
7f9b149f0000-7f9b149f2000 r--s 00005000 fc:01 781964                     /usr/lib/spark/jars/aopalliance-repackaged-2.6.1.jar
7f9b149f2000-7f9b149f3000 r--s 00002000 fc:01 781989                     /usr/lib/spark/jars/slf4j-log4j12-1.7.16.jar
7f9b149f3000-7f9b149f5000 r--s 00005000 fc:01 781847                     /usr/lib/spark/jars/stax-api-1.0.1.jar
7f9b149f5000-7f9b149f6000 r--s 00003000 fc:01 781886                     /usr/lib/spark/jars/xmlenc-0.52.jar
7f9b149f6000-7f9b14abf000 r--s 00fe5000 fc:01 781826                     /usr/lib/spark/jars/okapi-shade-0.4.2.jar
7f9b14abf000-7f9b14af0000 rw-p 00000000 00:00 0 
7f9b14af0000-7f9b14b07000 r-xp 00000000 fc:01 794385                     /usr/lib/jvm/java-8-openjdk-amd64/jre/lib/amd64/libnet.so
7f9b14b07000-7f9b14d06000 ---p 00017000 fc:01 794385                     /usr/lib/jvm/java-8-openjdk-amd64/jre/lib/amd64/libnet.so
7f9b14d06000-7f9b14d07000 r--p 00016000 fc:01 794385                     /usr/lib/jvm/java-8-openjdk-amd64/jre/lib/amd64/libnet.so
7f9b14d07000-7f9b14d08000 rw-p 00017000 fc:01 794385                     /usr/lib/jvm/java-8-openjdk-amd64/jre/lib/amd64/libnet.so
7f9b14d08000-7f9b14d1a000 r-xp 00000000 fc:01 794386                     /usr/lib/jvm/java-8-openjdk-amd64/jre/lib/amd64/libnio.so
7f9b14d1a000-7f9b14f19000 ---p 00012000 fc:01 794386                     /usr/lib/jvm/java-8-openjdk-amd64/jre/lib/amd64/libnio.so
7f9b14f19000-7f9b14f1a000 r--p 00011000 fc:01 794386                     /usr/lib/jvm/java-8-openjdk-amd64/jre/lib/amd64/libnio.so
7f9b14f1a000-7f9b14f1b000 rw-p 00012000 fc:01 794386                     /usr/lib/jvm/java-8-openjdk-amd64/jre/lib/amd64/libnio.so
7f9b14f1b000-7f9b14f77000 r--s 008d1000 fc:01 781867                     /usr/lib/spark/jars/spark-core_2.12-3.0.0-preview2.jar
7f9b14f77000-7f9b14fb2000 r--s 00544000 fc:01 781902                     /usr/lib/spark/jars/spark-mllib_2.12-3.0.0-preview2.jar
7f9b14fb2000-7f9b14fb3000 r--s 00003000 fc:01 782048                     /usr/lib/spark/jars/spark-cypher_2.12-3.0.0-preview2.jar
7f9b14fb3000-7f9b14fb5000 r--s 00006000 fc:01 781898                     /usr/lib/spark/jars/spark-sketch_2.12-3.0.0-preview2.jar
7f9b14fb5000-7f9b14fb9000 r--s 0002a000 fc:01 781959                     /usr/lib/spark/jars/commons-io-2.4.jar
7f9b14fb9000-7f9b14fba000 r--s 00003000 fc:01 781912                     /usr/lib/spark/jars/jta-1.1.jar
7f9b14fba000-7f9b14fc7000 r--s 000d2000 fc:01 781862                     /usr/lib/spark/jars/zookeeper-3.4.14.jar
7f9b14fc7000-7f9b14fca000 r--s 000fd000 fc:01 782042                     /usr/lib/spark/jars/leveldbjni-all-1.8.jar
7f9b14fca000-7f9b14fcb000 r--s 00004000 fc:01 781864                     /usr/lib/spark/jars/jetty-sslengine-6.1.26.jar
7f9b14fcb000-7f9b14fd2000 r--s 0004c000 fc:01 782057                     /usr/lib/spark/jars/antlr4-runtime-4.7.1.jar
7f9b14fd2000-7f9b14fd3000 r--s 00008000 fc:01 781975                     /usr/lib/spark/jars/spire-util_2.12-0.17.0-M1.jar
7f9b14fd3000-7f9b14feb000 r--s 00103000 fc:01 781932                     /usr/lib/spark/jars/jersey-common-2.29.1.jar
7f9b14feb000-7f9b14fef000 r--s 00033000 fc:01 781868                     /usr/lib/spark/jars/scala-parser-combinators_2.12-1.1.2.jar
7f9b14fef000-7f9b14ff8000 r--s 00073000 fc:01 782044                     /usr/lib/spark/jars/commons-lang3-3.9.jar
7f9b14ff8000-7f9b14ff9000 r--s 00004000 fc:01 782013                     /usr/lib/spark/jars/opencsv-2.3.jar
7f9b14ff9000-7f9b14ffb000 r--s 00402000 fc:01 781840                     /usr/lib/spark/jars/zstd-jni-1.4.4-3.jar
7f9b14ffb000-7f9b14ffe000 r--s 0002a000 fc:01 782060                     /usr/lib/spark/jars/hive-beeline-2.3.6.jar
7f9b14ffe000-7f9b15014000 r--s 001bc000 fc:01 782059                     /usr/lib/spark/jars/datanucleus-rdbms-4.1.19.jar
7f9b15014000-7f9b15015000 r--s 00000000 fc:01 781938                     /usr/lib/spark/jars/shims-0.7.45.jar
7f9b15015000-7f9b15019000 r--s 0001d000 fc:01 781926                     /usr/lib/spark/jars/hk2-utils-2.6.1.jar
7f9b15019000-7f9b1501a000 r--s 00006000 fc:01 781942                     /usr/lib/spark/jars/jackson-xc-1.9.13.jar
7f9b1501a000-7f9b1501e000 r--s 0002e000 fc:01 781911                     /usr/lib/spark/jars/hk2-locator-2.6.1.jar
7f9b1501e000-7f9b1501f000 r--s 00003000 fc:01 781850                     /usr/lib/spark/jars/spark-graph_2.12-3.0.0-preview2.jar
7f9b1501f000-7f9b15020000 r--s 00006000 fc:01 781914                     /usr/lib/spark/jars/hadoop-client-2.7.4.jar
7f9b15020000-7f9b1502d000 r--s 000b1000 fc:01 781922                     /usr/lib/spark/jars/hadoop-mapreduce-client-common-2.7.4.jar
7f9b1502d000-7f9b15030000 r--s 00019000 fc:01 781891                     /usr/lib/spark/jars/scala-collection-compat_2.12-2.1.1.jar
7f9b15030000-7f9b15032000 r--s 00009000 fc:01 781876                     /usr/lib/spark/jars/jackson-module-paranamer-2.10.0.jar
7f9b15032000-7f9b15035000 r--s 00015000 fc:01 781948                     /usr/lib/spark/jars/hadoop-auth-2.7.4.jar
7f9b15035000-7f9b15036000 r--s 0000b000 fc:01 782009                     /usr/lib/spark/jars/orc-mapreduce-1.5.8.jar
7f9b15036000-7f9b15037000 r--s 00004000 fc:01 781949                     /usr/lib/spark/jars/flatbuffers-java-1.9.0.jar
7f9b15037000-7f9b15044000 r--s 000a1000 fc:01 781897                     /usr/lib/spark/jars/kubernetes-client-4.6.4.jar
7f9b15044000-7f9b1504d000 r--s 0006f000 fc:01 781858                     /usr/lib/spark/jars/log4j-1.2.17.jar
7f9b1504d000-7f9b1504f000 r--s 0000e000 fc:01 782018                     /usr/lib/spark/jars/arrow-format-0.15.1.jar
7f9b1504f000-7f9b150eb000 r--s 009b9000 fc:01 781854                     /usr/lib/spark/jars/hive-exec-2.3.6-core.jar
7f9b150eb000-7f9b150f3000 r--s 0007b000 fc:01 781893                     /usr/lib/spark/jars/protobuf-java-2.5.0.jar
7f9b150f3000-7f9b15103000 r--s 0008d000 fc:01 781875                     /usr/lib/spark/jars/joda-time-2.10.5.jar
7f9b15103000-7f9b15106000 r--s 00013000 fc:01 782045                     /usr/lib/spark/jars/spark-network-shuffle_2.12-3.0.0-preview2.jar
7f9b15106000-7f9b15112000 r--s 00112000 fc:01 781928                     /usr/lib/spark/jars/algebra_2.12-2.0.0-M2.jar
7f9b15112000-7f9b15114000 r--s 00002000 fc:01 781943                     /usr/lib/spark/jars/logging-interceptor-3.12.6.jar
7f9b15114000-7f9b15126000 r--s 00112000 fc:01 782052                     /usr/lib/spark/jars/arpack_combined_all-0.1.jar
7f9b15126000-7f9b1512a000 r--s 0001f000 fc:01 782026                     /usr/lib/spark/jars/jakarta.ws.rs-api-2.1.6.jar
7f9b1512a000-7f9b1512c000 r--s 00005000 fc:01 781973                     /usr/lib/spark/jars/istack-commons-runtime-3.0.8.jar
7f9b1512c000-7f9b15148000 r--s 001d6000 fc:01 781936                     /usr/lib/spark/jars/hadoop-yarn-api-2.7.4.jar
7f9b15148000-7f9b1514c000 r--s 0001a000 fc:01 782054                     /usr/lib/spark/jars/hive-shims-common-2.3.6.jar
7f9b1514c000-7f9b1515a000 r--s 000b1000 fc:01 781966                     /usr/lib/spark/jars/jackson-mapper-asl-1.9.13.jar
7f9b1515a000-7f9b151c4000 r--s 0078d000 fc:01 781970                     /usr/lib/spark/jars/hadoop-hdfs-2.7.4.jar
7f9b151c4000-7f9b151e7000 r--s 001d9000 fc:01 781844                     /usr/lib/spark/jars/spark-hive-thriftserver_2.12-3.0.0-preview2.jar
7f9b151e7000-7f9b151e8000 ---p 00000000 00:00 0 
7f9b151e8000-7f9b152e8000 rw-p 00000000 00:00 0 
7f9b152e8000-7f9b152eb000 ---p 00000000 00:00 0 
7f9b152eb000-7f9b153e9000 rw-p 00000000 00:00 0 
7f9b153e9000-7f9b153ea000 ---p 00000000 00:00 0 
7f9b153ea000-7f9b153ed000 ---p 00000000 00:00 0 
7f9b153ed000-7f9b154ea000 rw-p 00000000 00:00 0 
7f9b154ea000-7f9b154eb000 ---p 00000000 00:00 0 
7f9b154eb000-7f9b154ee000 ---p 00000000 00:00 0 
7f9b154ee000-7f9b155eb000 rw-p 00000000 00:00 0 
7f9b155eb000-7f9b155ee000 ---p 00000000 00:00 0 
7f9b155ee000-7f9b156ec000 rw-p 00000000 00:00 0 
7f9b156ec000-7f9b1585f000 r--p 00000000 fc:01 7803                       /usr/lib/locale/C.UTF-8/LC_COLLATE
7f9b1585f000-7f9b159fa000 r--p 00000000 fc:01 7798                       /usr/lib/locale/locale-archive
7f9b159fa000-7f9b159fd000 ---p 00000000 00:00 0 
7f9b159fd000-7f9b15afb000 rw-p 00000000 00:00 0 
7f9b15afb000-7f9b15afe000 ---p 00000000 00:00 0 
7f9b15afe000-7f9b15bfc000 rw-p 00000000 00:00 0 
7f9b15bfc000-7f9b15bfd000 ---p 00000000 00:00 0 
7f9b15bfd000-7f9b18000000 rw-p 00000000 00:00 0 
7f9b18000000-7f9b180b1000 rw-p 00000000 00:00 0 
7f9b180b1000-7f9b1c000000 ---p 00000000 00:00 0 
7f9b1c000000-7f9b1c001000 r--s 0000a000 fc:01 781963                     /usr/lib/spark/jars/hive-cli-2.3.6.jar
7f9b1c001000-7f9b1c004000 r--s 0002d000 fc:01 782011                     /usr/lib/spark/jars/chill_2.12-0.9.3.jar
7f9b1c004000-7f9b1c005000 r--s 00004000 fc:01 781870                     /usr/lib/spark/jars/jackson-jaxrs-1.9.13.jar
7f9b1c005000-7f9b1c008000 r--s 00019000 fc:01 782001                     /usr/lib/spark/jars/bonecp-0.8.0.RELEASE.jar
7f9b1c008000-7f9b1c009000 r--s 00000000 fc:01 782005                     /usr/lib/spark/jars/macro-compat_2.12-1.1.1.jar
7f9b1c009000-7f9b1c00d000 r--s 00052000 fc:01 781856                     /usr/lib/spark/jars/json4s-scalap_2.12-3.6.6.jar
7f9b1c00d000-7f9b1c028000 r--s 00394000 fc:01 794407                     /usr/lib/jvm/java-8-openjdk-amd64/jre/lib/ext/cldrdata.jar
7f9b1c028000-7f9b1c62e000 rw-p 00000000 00:00 0 
7f9b1c62e000-7f9b1c800000 r--s 03ca5000 fc:01 794436                     /usr/lib/jvm/java-8-openjdk-amd64/jre/lib/rt.jar
7f9b1c800000-7f9b1d000000 rw-p 00000000 00:00 0 
7f9b1d000000-7f9b1e320000 rwxp 00000000 00:00 0 
7f9b1e320000-7f9b2c000000 ---p 00000000 00:00 0 
7f9b2c000000-7f9b2ea5b000 rw-p 00000000 00:00 0 
7f9b2ea5b000-7f9b30000000 ---p 00000000 00:00 0 
7f9b30000000-7f9b30005000 r--s 00041000 fc:01 781931                     /usr/lib/spark/jars/parquet-hadoop-1.10.1.jar
7f9b30005000-7f9b3000f000 r--s 000ab000 fc:01 781846                     /usr/lib/spark/jars/javassist-3.22.0-CR2.jar
7f9b3000f000-7f9b30013000 r--s 00035000 fc:01 781929                     /usr/lib/spark/jars/jackson-core-asl-1.9.13.jar
7f9b30013000-7f9b30015000 r--s 00010000 fc:01 781987                     /usr/lib/spark/jars/hadoop-mapreduce-client-shuffle-2.7.4.jar
7f9b30015000-7f9b30017000 r--s 00000000 fc:01 781910                     /usr/lib/spark/jars/aopalliance-1.0.jar
7f9b30017000-7f9b30019000 r--s 00001000 fc:01 794408                     /usr/lib/jvm/java-8-openjdk-amd64/jre/lib/ext/dnsns.jar
7f9b30019000-7f9b3001f000 r--s 0003d000 fc:01 794414                     /usr/lib/jvm/java-8-openjdk-amd64/jre/lib/ext/sunjce_provider.jar
7f9b3001f000-7f9b30020000 r--s 0000d000 fc:01 794413                     /usr/lib/jvm/java-8-openjdk-amd64/jre/lib/ext/sunec.jar
7f9b30020000-7f9b30023000 r--s 0000f000 fc:01 794409                     /usr/lib/jvm/java-8-openjdk-amd64/jre/lib/ext/icedtea-sound.jar
7f9b30023000-7f9b30025000 r--s 00007000 fc:01 11464                      /usr/share/java/java-atk-wrapper.jar
7f9b30025000-7f9b30040000 r--s 001d6000 fc:01 794412                     /usr/lib/jvm/java-8-openjdk-amd64/jre/lib/ext/nashorn.jar
7f9b30040000-7f9b3004a000 r--s 00116000 fc:01 794411                     /usr/lib/jvm/java-8-openjdk-amd64/jre/lib/ext/localedata.jar
7f9b3004a000-7f9b3004e000 r--s 0003a000 fc:01 794415                     /usr/lib/jvm/java-8-openjdk-amd64/jre/lib/ext/sunpkcs11.jar
7f9b3004e000-7f9b3007f000 r--p 00000000 fc:01 7804                       /usr/lib/locale/C.UTF-8/LC_CTYPE
7f9b3007f000-7f9b30086000 r--s 00000000 fc:01 5012                       /usr/lib/x86_64-linux-gnu/gconv/gconv-modules.cache
7f9b30086000-7f9b3035f000 rw-p 00000000 00:00 0 
7f9b3035f000-7f9b30360000 ---p 00000000 00:00 0 
7f9b30360000-7f9b30460000 rw-p 00000000 00:00 0 
7f9b30460000-7f9b30461000 ---p 00000000 00:00 0 
7f9b30461000-7f9b3057a000 rw-p 00000000 00:00 0 
7f9b3057a000-7f9b306b7000 ---p 00000000 00:00 0 
7f9b306b7000-7f9b306d0000 rw-p 00000000 00:00 0 
7f9b306d0000-7f9b3080c000 ---p 00000000 00:00 0 
7f9b3080c000-7f9b308b7000 rw-p 00000000 00:00 0 
7f9b308b7000-7f9b30905000 rw-p 00000000 00:00 0 
7f9b30905000-7f9b30c78000 ---p 00000000 00:00 0 
7f9b30c78000-7f9b30c80000 r-xp 00000000 fc:01 794393                     /usr/lib/jvm/java-8-openjdk-amd64/jre/lib/amd64/libzip.so
7f9b30c80000-7f9b30e7f000 ---p 00008000 fc:01 794393                     /usr/lib/jvm/java-8-openjdk-amd64/jre/lib/amd64/libzip.so
7f9b30e7f000-7f9b30e80000 r--p 00007000 fc:01 794393                     /usr/lib/jvm/java-8-openjdk-amd64/jre/lib/amd64/libzip.so
7f9b30e80000-7f9b30e81000 rw-p 00008000 fc:01 794393                     /usr/lib/jvm/java-8-openjdk-amd64/jre/lib/amd64/libzip.so
7f9b30e81000-7f9b30e8c000 r-xp 00000000 fc:01 2094                       /lib/x86_64-linux-gnu/libnss_files-2.27.so
7f9b30e8c000-7f9b3108b000 ---p 0000b000 fc:01 2094                       /lib/x86_64-linux-gnu/libnss_files-2.27.so
7f9b3108b000-7f9b3108c000 r--p 0000a000 fc:01 2094                       /lib/x86_64-linux-gnu/libnss_files-2.27.so
7f9b3108c000-7f9b3108d000 rw-p 0000b000 fc:01 2094                       /lib/x86_64-linux-gnu/libnss_files-2.27.so
7f9b3108d000-7f9b31093000 rw-p 00000000 00:00 0 
7f9b31093000-7f9b310aa000 r-xp 00000000 fc:01 2091                       /lib/x86_64-linux-gnu/libnsl-2.27.so
7f9b310aa000-7f9b312a9000 ---p 00017000 fc:01 2091                       /lib/x86_64-linux-gnu/libnsl-2.27.so
7f9b312a9000-7f9b312aa000 r--p 00016000 fc:01 2091                       /lib/x86_64-linux-gnu/libnsl-2.27.so
7f9b312aa000-7f9b312ab000 rw-p 00017000 fc:01 2091                       /lib/x86_64-linux-gnu/libnsl-2.27.so
7f9b312ab000-7f9b312ad000 rw-p 00000000 00:00 0 
7f9b312ad000-7f9b312b8000 r-xp 00000000 fc:01 2096                       /lib/x86_64-linux-gnu/libnss_nis-2.27.so
7f9b312b8000-7f9b314b7000 ---p 0000b000 fc:01 2096                       /lib/x86_64-linux-gnu/libnss_nis-2.27.so
7f9b314b7000-7f9b314b8000 r--p 0000a000 fc:01 2096                       /lib/x86_64-linux-gnu/libnss_nis-2.27.so
7f9b314b8000-7f9b314b9000 rw-p 0000b000 fc:01 2096                       /lib/x86_64-linux-gnu/libnss_nis-2.27.so
7f9b314b9000-7f9b314c1000 r-xp 00000000 fc:01 2092                       /lib/x86_64-linux-gnu/libnss_compat-2.27.so
7f9b314c1000-7f9b316c1000 ---p 00008000 fc:01 2092                       /lib/x86_64-linux-gnu/libnss_compat-2.27.so
7f9b316c1000-7f9b316c2000 r--p 00008000 fc:01 2092                       /lib/x86_64-linux-gnu/libnss_compat-2.27.so
7f9b316c2000-7f9b316c3000 rw-p 00009000 fc:01 2092                       /lib/x86_64-linux-gnu/libnss_compat-2.27.so
7f9b316c3000-7f9b316ed000 r-xp 00000000 fc:01 794374                     /usr/lib/jvm/java-8-openjdk-amd64/jre/lib/amd64/libjava.so
7f9b316ed000-7f9b318ec000 ---p 0002a000 fc:01 794374                     /usr/lib/jvm/java-8-openjdk-amd64/jre/lib/amd64/libjava.so
7f9b318ec000-7f9b318ed000 r--p 00029000 fc:01 794374                     /usr/lib/jvm/java-8-openjdk-amd64/jre/lib/amd64/libjava.so
7f9b318ed000-7f9b318ef000 rw-p 0002a000 fc:01 794374                     /usr/lib/jvm/java-8-openjdk-amd64/jre/lib/amd64/libjava.so
7f9b318ef000-7f9b318ff000 r-xp 00000000 fc:01 794392                     /usr/lib/jvm/java-8-openjdk-amd64/jre/lib/amd64/libverify.so
7f9b318ff000-7f9b31afe000 ---p 00010000 fc:01 794392                     /usr/lib/jvm/java-8-openjdk-amd64/jre/lib/amd64/libverify.so
7f9b31afe000-7f9b31b00000 r--p 0000f000 fc:01 794392                     /usr/lib/jvm/java-8-openjdk-amd64/jre/lib/amd64/libverify.so
7f9b31b00000-7f9b31b01000 rw-p 00011000 fc:01 794392                     /usr/lib/jvm/java-8-openjdk-amd64/jre/lib/amd64/libverify.so
7f9b31b01000-7f9b31b08000 r-xp 00000000 fc:01 2181                       /lib/x86_64-linux-gnu/librt-2.27.so
7f9b31b08000-7f9b31d07000 ---p 00007000 fc:01 2181                       /lib/x86_64-linux-gnu/librt-2.27.so
7f9b31d07000-7f9b31d08000 r--p 00006000 fc:01 2181                       /lib/x86_64-linux-gnu/librt-2.27.so
7f9b31d08000-7f9b31d09000 rw-p 00007000 fc:01 2181                       /lib/x86_64-linux-gnu/librt-2.27.so
7f9b31d09000-7f9b31d20000 r-xp 00000000 fc:01 2168                       /lib/x86_64-linux-gnu/libgcc_s.so.1
7f9b31d20000-7f9b31f1f000 ---p 00017000 fc:01 2168                       /lib/x86_64-linux-gnu/libgcc_s.so.1
7f9b31f1f000-7f9b31f20000 r--p 00016000 fc:01 2168                       /lib/x86_64-linux-gnu/libgcc_s.so.1
7f9b31f20000-7f9b31f21000 rw-p 00017000 fc:01 2168                       /lib/x86_64-linux-gnu/libgcc_s.so.1
7f9b31f21000-7f9b320be000 r-xp 00000000 fc:01 2088                       /lib/x86_64-linux-gnu/libm-2.27.so
7f9b320be000-7f9b322bd000 ---p 0019d000 fc:01 2088                       /lib/x86_64-linux-gnu/libm-2.27.so
7f9b322bd000-7f9b322be000 r--p 0019c000 fc:01 2088                       /lib/x86_64-linux-gnu/libm-2.27.so
7f9b322be000-7f9b322bf000 rw-p 0019d000 fc:01 2088                       /lib/x86_64-linux-gnu/libm-2.27.so
7f9b322bf000-7f9b32438000 r-xp 00000000 fc:01 92                         /usr/lib/x86_64-linux-gnu/libstdc++.so.6.0.25
7f9b32438000-7f9b32638000 ---p 00179000 fc:01 92                         /usr/lib/x86_64-linux-gnu/libstdc++.so.6.0.25
7f9b32638000-7f9b32642000 r--p 00179000 fc:01 92                         /usr/lib/x86_64-linux-gnu/libstdc++.so.6.0.25
7f9b32642000-7f9b32644000 rw-p 00183000 fc:01 92                         /usr/lib/x86_64-linux-gnu/libstdc++.so.6.0.25
7f9b32644000-7f9b32648000 rw-p 00000000 00:00 0 
7f9b32648000-7f9b332ec000 r-xp 00000000 fc:01 794396                     /usr/lib/jvm/java-8-openjdk-amd64/jre/lib/amd64/server/libjvm.so
7f9b332ec000-7f9b334ec000 ---p 00ca4000 fc:01 794396                     /usr/lib/jvm/java-8-openjdk-amd64/jre/lib/amd64/server/libjvm.so
7f9b334ec000-7f9b33580000 r--p 00ca4000 fc:01 794396                     /usr/lib/jvm/java-8-openjdk-amd64/jre/lib/amd64/server/libjvm.so
7f9b33580000-7f9b335a9000 rw-p 00d38000 fc:01 794396                     /usr/lib/jvm/java-8-openjdk-amd64/jre/lib/amd64/server/libjvm.so
7f9b335a9000-7f9b335d9000 rw-p 00000000 00:00 0 
7f9b335d9000-7f9b335f3000 r-xp 00000000 fc:01 2179                       /lib/x86_64-linux-gnu/libpthread-2.27.so
7f9b335f3000-7f9b337f2000 ---p 0001a000 fc:01 2179                       /lib/x86_64-linux-gnu/libpthread-2.27.so
7f9b337f2000-7f9b337f3000 r--p 00019000 fc:01 2179                       /lib/x86_64-linux-gnu/libpthread-2.27.so
7f9b337f3000-7f9b337f4000 rw-p 0001a000 fc:01 2179                       /lib/x86_64-linux-gnu/libpthread-2.27.so
7f9b337f4000-7f9b337f8000 rw-p 00000000 00:00 0 
7f9b337f8000-7f9b337fb000 r-xp 00000000 fc:01 2087                       /lib/x86_64-linux-gnu/libdl-2.27.so
7f9b337fb000-7f9b339fa000 ---p 00003000 fc:01 2087                       /lib/x86_64-linux-gnu/libdl-2.27.so
7f9b339fa000-7f9b339fb000 r--p 00002000 fc:01 2087                       /lib/x86_64-linux-gnu/libdl-2.27.so
7f9b339fb000-7f9b339fc000 rw-p 00003000 fc:01 2087                       /lib/x86_64-linux-gnu/libdl-2.27.so
7f9b339fc000-7f9b33a18000 r-xp 00000000 fc:01 2184                       /lib/x86_64-linux-gnu/libz.so.1.2.11
7f9b33a18000-7f9b33c17000 ---p 0001c000 fc:01 2184                       /lib/x86_64-linux-gnu/libz.so.1.2.11
7f9b33c17000-7f9b33c18000 r--p 0001b000 fc:01 2184                       /lib/x86_64-linux-gnu/libz.so.1.2.11
7f9b33c18000-7f9b33c19000 rw-p 0001c000 fc:01 2184                       /lib/x86_64-linux-gnu/libz.so.1.2.11
7f9b33c19000-7f9b33e00000 r-xp 00000000 fc:01 2084                       /lib/x86_64-linux-gnu/libc-2.27.so
7f9b33e00000-7f9b34000000 ---p 001e7000 fc:01 2084                       /lib/x86_64-linux-gnu/libc-2.27.so
7f9b34000000-7f9b34004000 r--p 001e7000 fc:01 2084                       /lib/x86_64-linux-gnu/libc-2.27.so
7f9b34004000-7f9b34006000 rw-p 001eb000 fc:01 2084                       /lib/x86_64-linux-gnu/libc-2.27.so
7f9b34006000-7f9b3400a000 rw-p 00000000 00:00 0 
7f9b3400a000-7f9b34018000 r-xp 00000000 fc:01 794360                     /usr/lib/jvm/java-8-openjdk-amd64/jre/lib/amd64/jli/libjli.so
7f9b34018000-7f9b34217000 ---p 0000e000 fc:01 794360                     /usr/lib/jvm/java-8-openjdk-amd64/jre/lib/amd64/jli/libjli.so
7f9b34217000-7f9b34218000 r--p 0000d000 fc:01 794360                     /usr/lib/jvm/java-8-openjdk-amd64/jre/lib/amd64/jli/libjli.so
7f9b34218000-7f9b34219000 rw-p 0000e000 fc:01 794360                     /usr/lib/jvm/java-8-openjdk-amd64/jre/lib/amd64/jli/libjli.so
7f9b34219000-7f9b34240000 r-xp 00000000 fc:01 2080                       /lib/x86_64-linux-gnu/ld-2.27.so
7f9b34240000-7f9b34241000 r--s 00010000 fc:01 794416                     /usr/lib/jvm/java-8-openjdk-amd64/jre/lib/ext/zipfs.jar
7f9b34241000-7f9b34242000 r--s 0000a000 fc:01 794410                     /usr/lib/jvm/java-8-openjdk-amd64/jre/lib/ext/jaccess.jar
7f9b34242000-7f9b34243000 r--p 00000000 fc:01 7809                       /usr/lib/locale/C.UTF-8/LC_NUMERIC
7f9b34243000-7f9b34244000 r--p 00000000 fc:01 7812                       /usr/lib/locale/C.UTF-8/LC_TIME
7f9b34244000-7f9b34245000 r--p 00000000 fc:01 7807                       /usr/lib/locale/C.UTF-8/LC_MONETARY
7f9b34245000-7f9b3432a000 rw-p 00000000 00:00 0 
7f9b3432a000-7f9b34332000 rw-s 00000000 fc:01 272813                     /tmp/hsperfdata_ubuntu/12566
7f9b34332000-7f9b34333000 ---p 00000000 00:00 0 
7f9b34333000-7f9b34336000 ---p 00000000 00:00 0 
7f9b34336000-7f9b34435000 rw-p 00000000 00:00 0 
7f9b34435000-7f9b34436000 r--p 00000000 fc:01 7801                       /usr/lib/locale/C.UTF-8/LC_MESSAGES/SYS_LC_MESSAGES
7f9b34436000-7f9b34437000 r--p 00000000 fc:01 7810                       /usr/lib/locale/C.UTF-8/LC_PAPER
7f9b34437000-7f9b34438000 r--p 00000000 fc:01 7808                       /usr/lib/locale/C.UTF-8/LC_NAME
7f9b34438000-7f9b34439000 r--p 00000000 fc:01 7802                       /usr/lib/locale/C.UTF-8/LC_ADDRESS
7f9b34439000-7f9b3443a000 r--p 00000000 fc:01 7811                       /usr/lib/locale/C.UTF-8/LC_TELEPHONE
7f9b3443a000-7f9b3443b000 r--p 00000000 fc:01 7806                       /usr/lib/locale/C.UTF-8/LC_MEASUREMENT
7f9b3443b000-7f9b3443c000 r--p 00000000 fc:01 7805                       /usr/lib/locale/C.UTF-8/LC_IDENTIFICATION
7f9b3443c000-7f9b3443d000 rw-p 00000000 00:00 0 
7f9b3443d000-7f9b3443e000 ---p 00000000 00:00 0 
7f9b3443e000-7f9b34440000 rw-p 00000000 00:00 0 
7f9b34440000-7f9b34441000 r--p 00027000 fc:01 2080                       /lib/x86_64-linux-gnu/ld-2.27.so
7f9b34441000-7f9b34442000 rw-p 00028000 fc:01 2080                       /lib/x86_64-linux-gnu/ld-2.27.so
7f9b34442000-7f9b34443000 rw-p 00000000 00:00 0 
7ffebba15000-7ffebba36000 rw-p 00000000 00:00 0                          [stack]
7ffebbaa7000-7ffebbaaa000 r--p 00000000 00:00 0                          [vvar]
7ffebbaaa000-7ffebbaac000 r-xp 00000000 00:00 0                          [vdso]
ffffffffff600000-ffffffffff601000 r-xp 00000000 00:00 0                  [vsyscall]

VM Arguments:
jvm_args: -Xmx1g 
java_command: org.apache.spark.deploy.SparkSubmit --conf spark.master=spark://192.168.2.35:7077 --conf spark.app.name=r --conf spark.executor.cores=2 --conf spark.shuffle.service.enabled=False --conf spark.dynamicAllocation.enabled=False pyspark-shell
java_class_path (initial): /usr/lib/spark/conf/:/usr/lib/spark/jars/aopalliance-1.0.jar:/usr/lib/spark/jars/hadoop-mapreduce-client-shuffle-2.7.4.jar:/usr/lib/spark/jars/jackson-core-asl-1.9.13.jar:/usr/lib/spark/jars/javassist-3.22.0-CR2.jar:/usr/lib/spark/jars/parquet-hadoop-1.10.1.jar:/usr/lib/spark/jars/spark-hive-thriftserver_2.12-3.0.0-preview2.jar:/usr/lib/spark/jars/json4s-scalap_2.12-3.6.6.jar:/usr/lib/spark/jars/macro-compat_2.12-1.1.1.jar:/usr/lib/spark/jars/bonecp-0.8.0.RELEASE.jar:/usr/lib/spark/jars/jackson-jaxrs-1.9.13.jar:/usr/lib/spark/jars/hadoop-hdfs-2.7.4.jar:/usr/lib/spark/jars/jackson-mapper-asl-1.9.13.jar:/usr/lib/spark/jars/chill_2.12-0.9.3.jar:/usr/lib/spark/jars/hive-shims-common-2.3.6.jar:/usr/lib/spark/jars/hadoop-yarn-api-2.7.4.jar:/usr/lib/spark/jars/hive-cli-2.3.6.jar:/usr/lib/spark/jars/istack-commons-runtime-3.0.8.jar:/usr/lib/spark/jars/jakarta.ws.rs-api-2.1.6.jar:/usr/lib/spark/jars/arpack_combined_all-0.1.jar:/usr/lib/spark/jars/logging-interceptor-3.12.6.jar:/usr/lib/spark/jars/algebra_2.12-2.0.0-M2.jar:/usr/lib/spark/jars/spark-network-shuffle_2.12-3.0.0-preview2.jar:/usr/lib/spark/jars/joda-time-2.10.5.jar:/usr/lib/spark/jars/protobuf-java-2.5.0.jar:/usr/lib/spark/jars/hive-exec-2.3.6-core.jar:/usr/lib/spark/jars/arrow-format-0.15.1.jar:/usr/lib/spark/jars/log4j-1.2.17.jar:/usr/lib/spark/jars/kubernetes-client-4.6.4.jar:/usr/lib/spark/jars/flatbuffers-java-1.9.0.jar:/usr/lib/spark/jars/orc-mapreduce-1.5.8.jar:/usr/lib/spark/jars/hadoop-auth-2.7.4.jar:/usr/lib/spark/jars/jackson-module-paranamer-2.10.0.jar:/usr/lib/spark/jars/scala-collection-compat_2.12-2.1.1.jar:/usr/lib/spark/jars/hadoop-mapreduce-client-common-2.7.4.jar:/usr/lib/spark/jars/hadoop-client-2.7.4.jar:/usr/lib/spark/jars/spark-graph_2.12-3.0.0-preview2.jar:/usr/lib/spark/jars/hk2-locator-2.6.1.jar:/usr/lib/spark/jars/jackson-xc-1.9.13.jar:/usr/lib/spark/jars/hk2-utils-2.6.1.jar:/usr/lib/spark/jars/shims-0.7.45.jar:/usr/lib/spark/jars/datanucleus-rdbms-4.1.19.ja
Launcher Type: SUN_STANDARD

Environment Variables:
JAVA_HOME=/usr/lib/jvm/java-8-openjdk-amd64
PATH=/usr/bin:/home/ubuntu/.local/bin:/usr/local/sbin:/usr/local/bin:/usr/sbin:/usr/bin:/sbin:/bin:/usr/games:/usr/local/games:/snap/bin:/usr/lib/spark/bin:/usr/lib/spark/sbin:/usr/lib/spark/python
SHELL=/bin/bash

Signal Handlers:
SIGSEGV: [libjvm.so+0xabd470], sa_mask[0]=11111111011111111101111111111110, sa_flags=SA_RESTART|SA_SIGINFO
SIGBUS: [libjvm.so+0xabd470], sa_mask[0]=11111111011111111101111111111110, sa_flags=SA_RESTART|SA_SIGINFO
SIGFPE: [libjvm.so+0x8f1c90], sa_mask[0]=11111111011111111101111111111110, sa_flags=SA_RESTART|SA_SIGINFO
SIGPIPE: [libjvm.so+0x8f1c90], sa_mask[0]=11111111011111111101111111111110, sa_flags=SA_RESTART|SA_SIGINFO
SIGXFSZ: [libjvm.so+0x8f1c90], sa_mask[0]=11111111011111111101111111111110, sa_flags=SA_RESTART|SA_SIGINFO
SIGILL: [libjvm.so+0x8f1c90], sa_mask[0]=11111111011111111101111111111110, sa_flags=SA_RESTART|SA_SIGINFO
SIGUSR1: SIG_DFL, sa_mask[0]=00000000000000000000000000000000, sa_flags=none
SIGUSR2: [libjvm.so+0x8f1b40], sa_mask[0]=00000000000000000000000000000000, sa_flags=SA_RESTART|SA_SIGINFO
SIGHUP: [libjvm.so+0x8f21b0], sa_mask[0]=11111111011111111101111111111110, sa_flags=SA_RESTART|SA_SIGINFO
SIGINT: SIG_IGN, sa_mask[0]=00000000000000000000000000000000, sa_flags=none
SIGTERM: [libjvm.so+0x8f21b0], sa_mask[0]=11111111011111111101111111111110, sa_flags=SA_RESTART|SA_SIGINFO
SIGQUIT: [libjvm.so+0x8f21b0], sa_mask[0]=11111111011111111101111111111110, sa_flags=SA_RESTART|SA_SIGINFO


---------------  S Y S T E M  ---------------

OS:DISTRIB_ID=Ubuntu
DISTRIB_RELEASE=18.04
DISTRIB_CODENAME=bionic
DISTRIB_DESCRIPTION="Ubuntu 18.04.4 LTS"

uname:Linux 4.15.0-88-generic #88-Ubuntu SMP Tue Feb 11 20:11:34 UTC 2020 x86_64
libc:glibc 2.27 NPTL 2.27 
rlimit: STACK 8192k, CORE 0k, NPROC 15678, NOFILE 1048576, AS infinity
load average:1.99 1.49 1.29

/proc/meminfo:
MemTotal:        4039172 kB
MemFree:          112560 kB
MemAvailable:      17224 kB
Buffers:            1944 kB
Cached:            17380 kB
SwapCached:            0 kB
Active:          3791572 kB
Inactive:          12404 kB
Active(anon):    3785220 kB
Inactive(anon):      280 kB
Active(file):       6352 kB
Inactive(file):    12124 kB
Unevictable:           0 kB
Mlocked:               0 kB
SwapTotal:             0 kB
SwapFree:              0 kB
Dirty:               104 kB
Writeback:             0 kB
AnonPages:       3784800 kB
Mapped:            14120 kB
Shmem:               728 kB
Slab:              72620 kB
SReclaimable:      31988 kB
SUnreclaim:        40632 kB
KernelStack:        7040 kB
PageTables:        16748 kB
NFS_Unstable:          0 kB
Bounce:                0 kB
WritebackTmp:          0 kB
CommitLimit:     2019584 kB
Committed_AS:    5046204 kB
VmallocTotal:   34359738367 kB
VmallocUsed:           0 kB
VmallocChunk:          0 kB
HardwareCorrupted:     0 kB
AnonHugePages:         0 kB
ShmemHugePages:        0 kB
ShmemPmdMapped:        0 kB
CmaTotal:              0 kB
CmaFree:               0 kB
HugePages_Total:       0
HugePages_Free:        0
HugePages_Rsvd:        0
HugePages_Surp:        0
Hugepagesize:       2048 kB
DirectMap4k:      317296 kB
DirectMap2M:     3876864 kB
DirectMap1G:     2097152 kB

container (cgroup) information:
container_type: cgroupv1
cpu_cpuset_cpus: 0-1
cpu_memory_nodes: 0
active_processor_count: 2
cpu_quota: -1
cpu_period: 100000
cpu_shares: -1
memory_limit_in_bytes: -1
memory_and_swap_limit_in_bytes: -2
memory_soft_limit_in_bytes: -1
memory_usage_in_bytes: 3889135616
memory_max_usage_in_bytes: 3918790656


CPU:total 2 (initial active 2) (1 cores per cpu, 1 threads per core) family 6 model 42 stepping 1, cmov, cx8, fxsr, mmx, sse, sse2, sse3, ssse3, sse4.1, sse4.2, popcnt, avx, aes, clmul, tsc

/proc/cpuinfo:
processor	: 0
vendor_id	: GenuineIntel
cpu family	: 6
model		: 42
model name	: Intel Xeon E312xx (Sandy Bridge, IBRS update)
stepping	: 1
microcode	: 0x1
cpu MHz		: 2194.498
cache size	: 16384 KB
physical id	: 0
siblings	: 1
core id		: 0
cpu cores	: 1
apicid		: 0
initial apicid	: 0
fpu		: yes
fpu_exception	: yes
cpuid level	: 13
wp		: yes
flags		: fpu vme de pse tsc msr pae mce cx8 apic sep mtrr pge mca cmov pat pse36 clflush mmx fxsr sse sse2 ss syscall nx pdpe1gb rdtscp lm constant_tsc rep_good nopl xtopology cpuid tsc_known_freq pni pclmulqdq vmx ssse3 cx16 pcid sse4_1 sse4_2 x2apic popcnt tsc_deadline_timer aes xsave avx hypervisor lahf_lm cpuid_fault pti ssbd ibrs ibpb tpr_shadow vnmi flexpriority ept vpid tsc_adjust xsaveopt arat md_clear
bugs		: cpu_meltdown spectre_v1 spectre_v2 spec_store_bypass l1tf mds swapgs itlb_multihit
bogomips	: 4388.99
clflush size	: 64
cache_alignment	: 64
address sizes	: 40 bits physical, 48 bits virtual
power management:

processor	: 1
vendor_id	: GenuineIntel
cpu family	: 6
model		: 42
model name	: Intel Xeon E312xx (Sandy Bridge, IBRS update)
stepping	: 1
microcode	: 0x1
cpu MHz		: 2194.498
cache size	: 16384 KB
physical id	: 1
siblings	: 1
core id		: 0
cpu cores	: 1
apicid		: 1
initial apicid	: 1
fpu		: yes
fpu_exception	: yes
cpuid level	: 13
wp		: yes
flags		: fpu vme de pse tsc msr pae mce cx8 apic sep mtrr pge mca cmov pat pse36 clflush mmx fxsr sse sse2 ss syscall nx pdpe1gb rdtscp lm constant_tsc rep_good nopl xtopology cpuid tsc_known_freq pni pclmulqdq vmx ssse3 cx16 pcid sse4_1 sse4_2 x2apic popcnt tsc_deadline_timer aes xsave avx hypervisor lahf_lm cpuid_fault pti ssbd ibrs ibpb tpr_shadow vnmi flexpriority ept vpid tsc_adjust xsaveopt arat md_clear
bugs		: cpu_meltdown spectre_v1 spectre_v2 spec_store_bypass l1tf mds swapgs itlb_multihit
bogomips	: 4388.99
clflush size	: 64
cache_alignment	: 64
address sizes	: 40 bits physical, 48 bits virtual
power management:



Memory: 4k page, physical 4039172k(112436k free), swap 0k(0k free)

vm_info: OpenJDK 64-Bit Server VM (25.252-b09) for linux-amd64 JRE (1.8.0_252-8u252-b09-1~18.04-b09), built on Apr 15 2020 18:48:05 by "buildd" with gcc 7.5.0

time: Fri Jun  5 09:17:13 2020
timezone: UTC
elapsed time: 2393 seconds (0d 0h 39m 53s)

